[2025-08-29T16:13:27.616+0000] {local_task_job_runner.py:123} INFO - ::group::Pre task execution logs
[2025-08-29T16:13:27.632+0000] {taskinstance.py:2631} INFO - Dependencies all met for dep_context=non-requeueable deps ti=<TaskInstance: sample_dag.print_hello_task manual__2025-08-29T16:13:26.232491+00:00 [queued]>
[2025-08-29T16:13:27.638+0000] {taskinstance.py:2631} INFO - Dependencies all met for dep_context=requeueable deps ti=<TaskInstance: sample_dag.print_hello_task manual__2025-08-29T16:13:26.232491+00:00 [queued]>
[2025-08-29T16:13:27.639+0000] {taskinstance.py:2884} INFO - Starting attempt 1 of 1
[2025-08-29T16:13:27.649+0000] {taskinstance.py:2907} INFO - Executing <Task(PythonOperator): print_hello_task> on 2025-08-29 16:13:26.232491+00:00
[2025-08-29T16:13:27.655+0000] {warnings.py:112} WARNING - /home/***/.local/lib/python3.12/site-packages/***/task/task_runner/standard_task_runner.py:70: DeprecationWarning: This process (pid=393) is multi-threaded, use of fork() may lead to deadlocks in the child.
  pid = os.fork()

[2025-08-29T16:13:27.656+0000] {standard_task_runner.py:104} INFO - Running: ['***', 'tasks', 'run', 'sample_dag', 'print_hello_task', 'manual__2025-08-29T16:13:26.232491+00:00', '--job-id', '7', '--raw', '--subdir', 'DAGS_FOLDER/my_first_dag.py', '--cfg-path', '/tmp/tmpw09kwz4i']
[2025-08-29T16:13:27.658+0000] {standard_task_runner.py:72} INFO - Started process 394 to run task
[2025-08-29T16:13:27.658+0000] {standard_task_runner.py:105} INFO - Job 7: Subtask print_hello_task
[2025-08-29T16:13:27.710+0000] {task_command.py:467} INFO - Running <TaskInstance: sample_dag.print_hello_task manual__2025-08-29T16:13:26.232491+00:00 [running]> on host d96103c8e8b0
[2025-08-29T16:13:27.777+0000] {taskinstance.py:3157} INFO - Exporting env vars: AIRFLOW_CTX_DAG_OWNER='***' AIRFLOW_CTX_DAG_ID='sample_dag' AIRFLOW_CTX_TASK_ID='print_hello_task' AIRFLOW_CTX_EXECUTION_DATE='2025-08-29T16:13:26.232491+00:00' AIRFLOW_CTX_TRY_NUMBER='1' AIRFLOW_CTX_DAG_RUN_ID='manual__2025-08-29T16:13:26.232491+00:00'
[2025-08-29T16:13:27.779+0000] {taskinstance.py:740} INFO - ::endgroup::
[2025-08-29T16:13:27.808+0000] {my_first_dag.py:10} INFO - 그냥 2.x 버전 사용해야겠다. 3.x 너무 어렵고 정보도 많이 없어.
[2025-08-29T16:13:27.808+0000] {python.py:240} INFO - Done. Returned value was: None
[2025-08-29T16:13:27.820+0000] {taskinstance.py:349} INFO - ::group::Post task execution logs
[2025-08-29T16:13:27.820+0000] {taskinstance.py:361} INFO - Marking task as SUCCESS. dag_id=sample_dag, task_id=print_hello_task, run_id=manual__2025-08-29T16:13:26.232491+00:00, execution_date=20250829T161326, start_date=20250829T161327, end_date=20250829T161327
[2025-08-29T16:13:27.874+0000] {local_task_job_runner.py:266} INFO - Task exited with return code 0
[2025-08-29T16:13:27.891+0000] {taskinstance.py:3924} INFO - 0 downstream tasks scheduled from follow-on schedule check
[2025-08-29T16:13:27.893+0000] {local_task_job_runner.py:245} INFO - ::endgroup::
