[2025-08-29T06:46:57.102+0000] {processor.py:186} INFO - Started process (PID=71) to work on /home/airflow/.local/lib/python3.12/site-packages/airflow/example_dags/example_local_kubernetes_executor.py
[2025-08-29T06:46:57.103+0000] {processor.py:914} INFO - Processing file /home/airflow/.local/lib/python3.12/site-packages/airflow/example_dags/example_local_kubernetes_executor.py for tasks to queue
[2025-08-29T06:46:57.106+0000] {logging_mixin.py:190} INFO - [2025-08-29T06:46:57.105+0000] {dagbag.py:588} INFO - Filling up the DagBag from /home/airflow/.local/lib/python3.12/site-packages/airflow/example_dags/example_local_kubernetes_executor.py
[2025-08-29T06:46:57.114+0000] {processor.py:925} INFO - DAG(s) 'example_local_kubernetes_executor' retrieved from /home/airflow/.local/lib/python3.12/site-packages/airflow/example_dags/example_local_kubernetes_executor.py
[2025-08-29T06:46:57.204+0000] {logging_mixin.py:190} INFO - [2025-08-29T06:46:57.203+0000] {override.py:1930} INFO - Created Permission View: can read on DAG:example_local_kubernetes_executor
[2025-08-29T06:46:57.213+0000] {logging_mixin.py:190} INFO - [2025-08-29T06:46:57.212+0000] {override.py:1930} INFO - Created Permission View: can delete on DAG:example_local_kubernetes_executor
[2025-08-29T06:46:57.218+0000] {logging_mixin.py:190} INFO - [2025-08-29T06:46:57.218+0000] {override.py:1930} INFO - Created Permission View: can edit on DAG:example_local_kubernetes_executor
[2025-08-29T06:46:57.226+0000] {logging_mixin.py:190} INFO - [2025-08-29T06:46:57.225+0000] {override.py:1930} INFO - Created Permission View: menu access on DAG Run:example_local_kubernetes_executor
[2025-08-29T06:46:57.231+0000] {logging_mixin.py:190} INFO - [2025-08-29T06:46:57.231+0000] {override.py:1930} INFO - Created Permission View: can read on DAG Run:example_local_kubernetes_executor
[2025-08-29T06:46:57.237+0000] {logging_mixin.py:190} INFO - [2025-08-29T06:46:57.237+0000] {override.py:1930} INFO - Created Permission View: can delete on DAG Run:example_local_kubernetes_executor
[2025-08-29T06:46:57.243+0000] {logging_mixin.py:190} INFO - [2025-08-29T06:46:57.243+0000] {override.py:1930} INFO - Created Permission View: can create on DAG Run:example_local_kubernetes_executor
[2025-08-29T06:46:57.244+0000] {logging_mixin.py:190} INFO - [2025-08-29T06:46:57.243+0000] {dag.py:3239} INFO - Sync 1 DAGs
[2025-08-29T06:46:57.255+0000] {logging_mixin.py:190} INFO - [2025-08-29T06:46:57.255+0000] {dag.py:3262} INFO - Creating ORM DAG for example_local_kubernetes_executor
[2025-08-29T06:46:57.256+0000] {logging_mixin.py:190} INFO - [2025-08-29T06:46:57.255+0000] {dag.py:4180} INFO - Setting next_dagrun for example_local_kubernetes_executor to None, run_after=None
[2025-08-29T06:46:57.269+0000] {processor.py:208} INFO - Processing /home/airflow/.local/lib/python3.12/site-packages/airflow/example_dags/example_local_kubernetes_executor.py took 0.172 seconds
[2025-08-29T06:47:27.813+0000] {processor.py:186} INFO - Started process (PID=134) to work on /home/airflow/.local/lib/python3.12/site-packages/airflow/example_dags/example_local_kubernetes_executor.py
[2025-08-29T06:47:27.814+0000] {processor.py:914} INFO - Processing file /home/airflow/.local/lib/python3.12/site-packages/airflow/example_dags/example_local_kubernetes_executor.py for tasks to queue
[2025-08-29T06:47:27.816+0000] {logging_mixin.py:190} INFO - [2025-08-29T06:47:27.815+0000] {dagbag.py:588} INFO - Filling up the DagBag from /home/airflow/.local/lib/python3.12/site-packages/airflow/example_dags/example_local_kubernetes_executor.py
[2025-08-29T06:47:27.823+0000] {processor.py:925} INFO - DAG(s) 'example_local_kubernetes_executor' retrieved from /home/airflow/.local/lib/python3.12/site-packages/airflow/example_dags/example_local_kubernetes_executor.py
[2025-08-29T06:47:27.838+0000] {logging_mixin.py:190} INFO - [2025-08-29T06:47:27.838+0000] {dag.py:3239} INFO - Sync 1 DAGs
[2025-08-29T06:47:27.850+0000] {logging_mixin.py:190} INFO - [2025-08-29T06:47:27.849+0000] {dag.py:4180} INFO - Setting next_dagrun for example_local_kubernetes_executor to None, run_after=None
[2025-08-29T06:47:27.863+0000] {processor.py:208} INFO - Processing /home/airflow/.local/lib/python3.12/site-packages/airflow/example_dags/example_local_kubernetes_executor.py took 0.054 seconds
[2025-08-29T06:47:57.923+0000] {processor.py:186} INFO - Started process (PID=197) to work on /home/airflow/.local/lib/python3.12/site-packages/airflow/example_dags/example_local_kubernetes_executor.py
[2025-08-29T06:47:57.924+0000] {processor.py:914} INFO - Processing file /home/airflow/.local/lib/python3.12/site-packages/airflow/example_dags/example_local_kubernetes_executor.py for tasks to queue
[2025-08-29T06:47:57.926+0000] {logging_mixin.py:190} INFO - [2025-08-29T06:47:57.926+0000] {dagbag.py:588} INFO - Filling up the DagBag from /home/airflow/.local/lib/python3.12/site-packages/airflow/example_dags/example_local_kubernetes_executor.py
[2025-08-29T06:47:57.936+0000] {processor.py:925} INFO - DAG(s) 'example_local_kubernetes_executor' retrieved from /home/airflow/.local/lib/python3.12/site-packages/airflow/example_dags/example_local_kubernetes_executor.py
[2025-08-29T06:47:57.951+0000] {logging_mixin.py:190} INFO - [2025-08-29T06:47:57.951+0000] {dag.py:3239} INFO - Sync 1 DAGs
[2025-08-29T06:47:57.961+0000] {logging_mixin.py:190} INFO - [2025-08-29T06:47:57.961+0000] {dag.py:4180} INFO - Setting next_dagrun for example_local_kubernetes_executor to None, run_after=None
[2025-08-29T06:47:57.973+0000] {processor.py:208} INFO - Processing /home/airflow/.local/lib/python3.12/site-packages/airflow/example_dags/example_local_kubernetes_executor.py took 0.055 seconds
