[2025-08-29T06:46:55.300+0000] {processor.py:186} INFO - Started process (PID=60) to work on /home/airflow/.local/lib/python3.12/site-packages/airflow/example_dags/example_short_circuit_operator.py
[2025-08-29T06:46:55.301+0000] {processor.py:914} INFO - Processing file /home/airflow/.local/lib/python3.12/site-packages/airflow/example_dags/example_short_circuit_operator.py for tasks to queue
[2025-08-29T06:46:55.304+0000] {logging_mixin.py:190} INFO - [2025-08-29T06:46:55.303+0000] {dagbag.py:588} INFO - Filling up the DagBag from /home/airflow/.local/lib/python3.12/site-packages/airflow/example_dags/example_short_circuit_operator.py
[2025-08-29T06:46:55.312+0000] {processor.py:925} INFO - DAG(s) 'example_short_circuit_operator' retrieved from /home/airflow/.local/lib/python3.12/site-packages/airflow/example_dags/example_short_circuit_operator.py
[2025-08-29T06:46:55.412+0000] {logging_mixin.py:190} INFO - [2025-08-29T06:46:55.411+0000] {override.py:1930} INFO - Created Permission View: can read on DAG:example_short_circuit_operator
[2025-08-29T06:46:55.420+0000] {logging_mixin.py:190} INFO - [2025-08-29T06:46:55.419+0000] {override.py:1930} INFO - Created Permission View: can delete on DAG:example_short_circuit_operator
[2025-08-29T06:46:55.426+0000] {logging_mixin.py:190} INFO - [2025-08-29T06:46:55.426+0000] {override.py:1930} INFO - Created Permission View: can edit on DAG:example_short_circuit_operator
[2025-08-29T06:46:55.432+0000] {logging_mixin.py:190} INFO - [2025-08-29T06:46:55.432+0000] {override.py:1930} INFO - Created Permission View: menu access on DAG Run:example_short_circuit_operator
[2025-08-29T06:46:55.437+0000] {logging_mixin.py:190} INFO - [2025-08-29T06:46:55.437+0000] {override.py:1930} INFO - Created Permission View: can read on DAG Run:example_short_circuit_operator
[2025-08-29T06:46:55.443+0000] {logging_mixin.py:190} INFO - [2025-08-29T06:46:55.443+0000] {override.py:1930} INFO - Created Permission View: can delete on DAG Run:example_short_circuit_operator
[2025-08-29T06:46:55.450+0000] {logging_mixin.py:190} INFO - [2025-08-29T06:46:55.450+0000] {override.py:1930} INFO - Created Permission View: can create on DAG Run:example_short_circuit_operator
[2025-08-29T06:46:55.450+0000] {logging_mixin.py:190} INFO - [2025-08-29T06:46:55.450+0000] {dag.py:3239} INFO - Sync 1 DAGs
[2025-08-29T06:46:55.460+0000] {logging_mixin.py:190} INFO - [2025-08-29T06:46:55.459+0000] {dag.py:3262} INFO - Creating ORM DAG for example_short_circuit_operator
[2025-08-29T06:46:55.460+0000] {logging_mixin.py:190} INFO - [2025-08-29T06:46:55.460+0000] {dag.py:4180} INFO - Setting next_dagrun for example_short_circuit_operator to None, run_after=None
[2025-08-29T06:46:55.472+0000] {processor.py:208} INFO - Processing /home/airflow/.local/lib/python3.12/site-packages/airflow/example_dags/example_short_circuit_operator.py took 0.177 seconds
[2025-08-29T06:47:26.116+0000] {processor.py:186} INFO - Started process (PID=123) to work on /home/airflow/.local/lib/python3.12/site-packages/airflow/example_dags/example_short_circuit_operator.py
[2025-08-29T06:47:26.117+0000] {processor.py:914} INFO - Processing file /home/airflow/.local/lib/python3.12/site-packages/airflow/example_dags/example_short_circuit_operator.py for tasks to queue
[2025-08-29T06:47:26.118+0000] {logging_mixin.py:190} INFO - [2025-08-29T06:47:26.118+0000] {dagbag.py:588} INFO - Filling up the DagBag from /home/airflow/.local/lib/python3.12/site-packages/airflow/example_dags/example_short_circuit_operator.py
[2025-08-29T06:47:26.124+0000] {processor.py:925} INFO - DAG(s) 'example_short_circuit_operator' retrieved from /home/airflow/.local/lib/python3.12/site-packages/airflow/example_dags/example_short_circuit_operator.py
[2025-08-29T06:47:26.140+0000] {logging_mixin.py:190} INFO - [2025-08-29T06:47:26.140+0000] {dag.py:3239} INFO - Sync 1 DAGs
[2025-08-29T06:47:26.150+0000] {logging_mixin.py:190} INFO - [2025-08-29T06:47:26.150+0000] {dag.py:4180} INFO - Setting next_dagrun for example_short_circuit_operator to None, run_after=None
[2025-08-29T06:47:26.165+0000] {processor.py:208} INFO - Processing /home/airflow/.local/lib/python3.12/site-packages/airflow/example_dags/example_short_circuit_operator.py took 0.053 seconds
[2025-08-29T06:47:56.419+0000] {processor.py:186} INFO - Started process (PID=186) to work on /home/airflow/.local/lib/python3.12/site-packages/airflow/example_dags/example_short_circuit_operator.py
[2025-08-29T06:47:56.419+0000] {processor.py:914} INFO - Processing file /home/airflow/.local/lib/python3.12/site-packages/airflow/example_dags/example_short_circuit_operator.py for tasks to queue
[2025-08-29T06:47:56.422+0000] {logging_mixin.py:190} INFO - [2025-08-29T06:47:56.421+0000] {dagbag.py:588} INFO - Filling up the DagBag from /home/airflow/.local/lib/python3.12/site-packages/airflow/example_dags/example_short_circuit_operator.py
[2025-08-29T06:47:56.429+0000] {processor.py:925} INFO - DAG(s) 'example_short_circuit_operator' retrieved from /home/airflow/.local/lib/python3.12/site-packages/airflow/example_dags/example_short_circuit_operator.py
[2025-08-29T06:47:56.444+0000] {logging_mixin.py:190} INFO - [2025-08-29T06:47:56.444+0000] {dag.py:3239} INFO - Sync 1 DAGs
[2025-08-29T06:47:56.454+0000] {logging_mixin.py:190} INFO - [2025-08-29T06:47:56.454+0000] {dag.py:4180} INFO - Setting next_dagrun for example_short_circuit_operator to None, run_after=None
[2025-08-29T06:47:56.467+0000] {processor.py:208} INFO - Processing /home/airflow/.local/lib/python3.12/site-packages/airflow/example_dags/example_short_circuit_operator.py took 0.052 seconds
