[2025-08-29T06:47:00.354+0000] {processor.py:186} INFO - Started process (PID=100) to work on /home/airflow/.local/lib/python3.12/site-packages/airflow/example_dags/example_branch_datetime_operator.py
[2025-08-29T06:47:00.355+0000] {processor.py:914} INFO - Processing file /home/airflow/.local/lib/python3.12/site-packages/airflow/example_dags/example_branch_datetime_operator.py for tasks to queue
[2025-08-29T06:47:00.358+0000] {logging_mixin.py:190} INFO - [2025-08-29T06:47:00.357+0000] {dagbag.py:588} INFO - Filling up the DagBag from /home/airflow/.local/lib/python3.12/site-packages/airflow/example_dags/example_branch_datetime_operator.py
[2025-08-29T06:47:00.371+0000] {processor.py:925} INFO - DAG(s) 'example_branch_datetime_operator_3', 'example_branch_datetime_operator', 'example_branch_datetime_operator_2' retrieved from /home/airflow/.local/lib/python3.12/site-packages/airflow/example_dags/example_branch_datetime_operator.py
[2025-08-29T06:47:00.462+0000] {logging_mixin.py:190} INFO - [2025-08-29T06:47:00.461+0000] {override.py:1930} INFO - Created Permission View: can read on DAG:example_branch_datetime_operator_3
[2025-08-29T06:47:00.471+0000] {logging_mixin.py:190} INFO - [2025-08-29T06:47:00.471+0000] {override.py:1930} INFO - Created Permission View: can delete on DAG:example_branch_datetime_operator_3
[2025-08-29T06:47:00.476+0000] {logging_mixin.py:190} INFO - [2025-08-29T06:47:00.476+0000] {override.py:1930} INFO - Created Permission View: can edit on DAG:example_branch_datetime_operator_3
[2025-08-29T06:47:00.482+0000] {logging_mixin.py:190} INFO - [2025-08-29T06:47:00.482+0000] {override.py:1930} INFO - Created Permission View: menu access on DAG Run:example_branch_datetime_operator_3
[2025-08-29T06:47:00.487+0000] {logging_mixin.py:190} INFO - [2025-08-29T06:47:00.487+0000] {override.py:1930} INFO - Created Permission View: can read on DAG Run:example_branch_datetime_operator_3
[2025-08-29T06:47:00.492+0000] {logging_mixin.py:190} INFO - [2025-08-29T06:47:00.492+0000] {override.py:1930} INFO - Created Permission View: can delete on DAG Run:example_branch_datetime_operator_3
[2025-08-29T06:47:00.497+0000] {logging_mixin.py:190} INFO - [2025-08-29T06:47:00.497+0000] {override.py:1930} INFO - Created Permission View: can create on DAG Run:example_branch_datetime_operator_3
[2025-08-29T06:47:00.507+0000] {logging_mixin.py:190} INFO - [2025-08-29T06:47:00.507+0000] {override.py:1930} INFO - Created Permission View: can read on DAG:example_branch_datetime_operator
[2025-08-29T06:47:00.512+0000] {logging_mixin.py:190} INFO - [2025-08-29T06:47:00.512+0000] {override.py:1930} INFO - Created Permission View: can delete on DAG:example_branch_datetime_operator
[2025-08-29T06:47:00.518+0000] {logging_mixin.py:190} INFO - [2025-08-29T06:47:00.517+0000] {override.py:1930} INFO - Created Permission View: can edit on DAG:example_branch_datetime_operator
[2025-08-29T06:47:00.524+0000] {logging_mixin.py:190} INFO - [2025-08-29T06:47:00.524+0000] {override.py:1930} INFO - Created Permission View: menu access on DAG Run:example_branch_datetime_operator
[2025-08-29T06:47:00.529+0000] {logging_mixin.py:190} INFO - [2025-08-29T06:47:00.529+0000] {override.py:1930} INFO - Created Permission View: can read on DAG Run:example_branch_datetime_operator
[2025-08-29T06:47:00.534+0000] {logging_mixin.py:190} INFO - [2025-08-29T06:47:00.533+0000] {override.py:1930} INFO - Created Permission View: can delete on DAG Run:example_branch_datetime_operator
[2025-08-29T06:47:00.539+0000] {logging_mixin.py:190} INFO - [2025-08-29T06:47:00.539+0000] {override.py:1930} INFO - Created Permission View: can create on DAG Run:example_branch_datetime_operator
[2025-08-29T06:47:00.548+0000] {logging_mixin.py:190} INFO - [2025-08-29T06:47:00.548+0000] {override.py:1930} INFO - Created Permission View: can read on DAG:example_branch_datetime_operator_2
[2025-08-29T06:47:00.553+0000] {logging_mixin.py:190} INFO - [2025-08-29T06:47:00.553+0000] {override.py:1930} INFO - Created Permission View: can delete on DAG:example_branch_datetime_operator_2
[2025-08-29T06:47:00.560+0000] {logging_mixin.py:190} INFO - [2025-08-29T06:47:00.559+0000] {override.py:1930} INFO - Created Permission View: can edit on DAG:example_branch_datetime_operator_2
[2025-08-29T06:47:00.568+0000] {logging_mixin.py:190} INFO - [2025-08-29T06:47:00.568+0000] {override.py:1930} INFO - Created Permission View: menu access on DAG Run:example_branch_datetime_operator_2
[2025-08-29T06:47:00.575+0000] {logging_mixin.py:190} INFO - [2025-08-29T06:47:00.575+0000] {override.py:1930} INFO - Created Permission View: can read on DAG Run:example_branch_datetime_operator_2
[2025-08-29T06:47:00.580+0000] {logging_mixin.py:190} INFO - [2025-08-29T06:47:00.580+0000] {override.py:1930} INFO - Created Permission View: can delete on DAG Run:example_branch_datetime_operator_2
[2025-08-29T06:47:00.585+0000] {logging_mixin.py:190} INFO - [2025-08-29T06:47:00.585+0000] {override.py:1930} INFO - Created Permission View: can create on DAG Run:example_branch_datetime_operator_2
[2025-08-29T06:47:00.585+0000] {logging_mixin.py:190} INFO - [2025-08-29T06:47:00.585+0000] {dag.py:3239} INFO - Sync 3 DAGs
[2025-08-29T06:47:00.595+0000] {logging_mixin.py:190} INFO - [2025-08-29T06:47:00.595+0000] {dag.py:3262} INFO - Creating ORM DAG for example_branch_datetime_operator_3
[2025-08-29T06:47:00.596+0000] {logging_mixin.py:190} INFO - [2025-08-29T06:47:00.596+0000] {dag.py:3262} INFO - Creating ORM DAG for example_branch_datetime_operator_2
[2025-08-29T06:47:00.596+0000] {logging_mixin.py:190} INFO - [2025-08-29T06:47:00.596+0000] {dag.py:3262} INFO - Creating ORM DAG for example_branch_datetime_operator
[2025-08-29T06:47:00.604+0000] {logging_mixin.py:190} INFO - [2025-08-29T06:47:00.604+0000] {dag.py:4180} INFO - Setting next_dagrun for example_branch_datetime_operator to 2025-08-28 00:00:00+00:00, run_after=2025-08-29 00:00:00+00:00
[2025-08-29T06:47:00.605+0000] {logging_mixin.py:190} INFO - [2025-08-29T06:47:00.605+0000] {dag.py:4180} INFO - Setting next_dagrun for example_branch_datetime_operator_2 to 2025-08-28 00:00:00+00:00, run_after=2025-08-29 00:00:00+00:00
[2025-08-29T06:47:00.607+0000] {logging_mixin.py:190} INFO - [2025-08-29T06:47:00.607+0000] {dag.py:4180} INFO - Setting next_dagrun for example_branch_datetime_operator_3 to 2025-08-28 00:00:00+00:00, run_after=2025-08-29 00:00:00+00:00
[2025-08-29T06:47:00.620+0000] {processor.py:208} INFO - Processing /home/airflow/.local/lib/python3.12/site-packages/airflow/example_dags/example_branch_datetime_operator.py took 0.271 seconds
[2025-08-29T06:47:31.497+0000] {processor.py:186} INFO - Started process (PID=163) to work on /home/airflow/.local/lib/python3.12/site-packages/airflow/example_dags/example_branch_datetime_operator.py
[2025-08-29T06:47:31.498+0000] {processor.py:914} INFO - Processing file /home/airflow/.local/lib/python3.12/site-packages/airflow/example_dags/example_branch_datetime_operator.py for tasks to queue
[2025-08-29T06:47:31.500+0000] {logging_mixin.py:190} INFO - [2025-08-29T06:47:31.500+0000] {dagbag.py:588} INFO - Filling up the DagBag from /home/airflow/.local/lib/python3.12/site-packages/airflow/example_dags/example_branch_datetime_operator.py
[2025-08-29T06:47:31.509+0000] {processor.py:925} INFO - DAG(s) 'example_branch_datetime_operator_3', 'example_branch_datetime_operator', 'example_branch_datetime_operator_2' retrieved from /home/airflow/.local/lib/python3.12/site-packages/airflow/example_dags/example_branch_datetime_operator.py
[2025-08-29T06:47:31.527+0000] {logging_mixin.py:190} INFO - [2025-08-29T06:47:31.527+0000] {dag.py:3239} INFO - Sync 3 DAGs
[2025-08-29T06:47:31.544+0000] {logging_mixin.py:190} INFO - [2025-08-29T06:47:31.544+0000] {dag.py:4180} INFO - Setting next_dagrun for example_branch_datetime_operator to 2025-08-28 00:00:00+00:00, run_after=2025-08-29 00:00:00+00:00
[2025-08-29T06:47:31.548+0000] {logging_mixin.py:190} INFO - [2025-08-29T06:47:31.548+0000] {dag.py:4180} INFO - Setting next_dagrun for example_branch_datetime_operator_2 to 2025-08-28 00:00:00+00:00, run_after=2025-08-29 00:00:00+00:00
[2025-08-29T06:47:31.550+0000] {logging_mixin.py:190} INFO - [2025-08-29T06:47:31.549+0000] {dag.py:4180} INFO - Setting next_dagrun for example_branch_datetime_operator_3 to 2025-08-28 00:00:00+00:00, run_after=2025-08-29 00:00:00+00:00
[2025-08-29T06:47:31.572+0000] {processor.py:208} INFO - Processing /home/airflow/.local/lib/python3.12/site-packages/airflow/example_dags/example_branch_datetime_operator.py took 0.080 seconds
[2025-08-29T06:48:01.710+0000] {processor.py:186} INFO - Started process (PID=226) to work on /home/airflow/.local/lib/python3.12/site-packages/airflow/example_dags/example_branch_datetime_operator.py
[2025-08-29T06:48:01.711+0000] {processor.py:914} INFO - Processing file /home/airflow/.local/lib/python3.12/site-packages/airflow/example_dags/example_branch_datetime_operator.py for tasks to queue
[2025-08-29T06:48:01.714+0000] {logging_mixin.py:190} INFO - [2025-08-29T06:48:01.713+0000] {dagbag.py:588} INFO - Filling up the DagBag from /home/airflow/.local/lib/python3.12/site-packages/airflow/example_dags/example_branch_datetime_operator.py
[2025-08-29T06:48:01.724+0000] {processor.py:925} INFO - DAG(s) 'example_branch_datetime_operator', 'example_branch_datetime_operator_3', 'example_branch_datetime_operator_2' retrieved from /home/airflow/.local/lib/python3.12/site-packages/airflow/example_dags/example_branch_datetime_operator.py
[2025-08-29T06:48:01.746+0000] {logging_mixin.py:190} INFO - [2025-08-29T06:48:01.745+0000] {dag.py:3239} INFO - Sync 3 DAGs
[2025-08-29T06:48:01.769+0000] {logging_mixin.py:190} INFO - [2025-08-29T06:48:01.769+0000] {dag.py:4180} INFO - Setting next_dagrun for example_branch_datetime_operator to 2025-08-28 00:00:00+00:00, run_after=2025-08-29 00:00:00+00:00
[2025-08-29T06:48:01.773+0000] {logging_mixin.py:190} INFO - [2025-08-29T06:48:01.772+0000] {dag.py:4180} INFO - Setting next_dagrun for example_branch_datetime_operator_2 to 2025-08-28 00:00:00+00:00, run_after=2025-08-29 00:00:00+00:00
[2025-08-29T06:48:01.774+0000] {logging_mixin.py:190} INFO - [2025-08-29T06:48:01.774+0000] {dag.py:4180} INFO - Setting next_dagrun for example_branch_datetime_operator_3 to 2025-08-28 00:00:00+00:00, run_after=2025-08-29 00:00:00+00:00
[2025-08-29T06:48:01.786+0000] {processor.py:208} INFO - Processing /home/airflow/.local/lib/python3.12/site-packages/airflow/example_dags/example_branch_datetime_operator.py took 0.080 seconds
