[2025-08-29T06:46:58.342+0000] {processor.py:186} INFO - Started process (PID=80) to work on /home/airflow/.local/lib/python3.12/site-packages/airflow/example_dags/example_dag_decorator.py
[2025-08-29T06:46:58.343+0000] {processor.py:914} INFO - Processing file /home/airflow/.local/lib/python3.12/site-packages/airflow/example_dags/example_dag_decorator.py for tasks to queue
[2025-08-29T06:46:58.345+0000] {logging_mixin.py:190} INFO - [2025-08-29T06:46:58.345+0000] {dagbag.py:588} INFO - Filling up the DagBag from /home/airflow/.local/lib/python3.12/site-packages/airflow/example_dags/example_dag_decorator.py
[2025-08-29T06:46:58.641+0000] {processor.py:925} INFO - DAG(s) 'example_dag_decorator' retrieved from /home/airflow/.local/lib/python3.12/site-packages/airflow/example_dags/example_dag_decorator.py
[2025-08-29T06:46:58.729+0000] {logging_mixin.py:190} INFO - [2025-08-29T06:46:58.728+0000] {override.py:1930} INFO - Created Permission View: can read on DAG:example_dag_decorator
[2025-08-29T06:46:58.736+0000] {logging_mixin.py:190} INFO - [2025-08-29T06:46:58.736+0000] {override.py:1930} INFO - Created Permission View: can delete on DAG:example_dag_decorator
[2025-08-29T06:46:58.741+0000] {logging_mixin.py:190} INFO - [2025-08-29T06:46:58.741+0000] {override.py:1930} INFO - Created Permission View: can edit on DAG:example_dag_decorator
[2025-08-29T06:46:58.748+0000] {logging_mixin.py:190} INFO - [2025-08-29T06:46:58.748+0000] {override.py:1930} INFO - Created Permission View: menu access on DAG Run:example_dag_decorator
[2025-08-29T06:46:58.754+0000] {logging_mixin.py:190} INFO - [2025-08-29T06:46:58.754+0000] {override.py:1930} INFO - Created Permission View: can read on DAG Run:example_dag_decorator
[2025-08-29T06:46:58.759+0000] {logging_mixin.py:190} INFO - [2025-08-29T06:46:58.759+0000] {override.py:1930} INFO - Created Permission View: can delete on DAG Run:example_dag_decorator
[2025-08-29T06:46:58.764+0000] {logging_mixin.py:190} INFO - [2025-08-29T06:46:58.764+0000] {override.py:1930} INFO - Created Permission View: can create on DAG Run:example_dag_decorator
[2025-08-29T06:46:58.765+0000] {logging_mixin.py:190} INFO - [2025-08-29T06:46:58.764+0000] {dag.py:3239} INFO - Sync 1 DAGs
[2025-08-29T06:46:58.774+0000] {logging_mixin.py:190} INFO - [2025-08-29T06:46:58.774+0000] {dag.py:3262} INFO - Creating ORM DAG for example_dag_decorator
[2025-08-29T06:46:58.775+0000] {logging_mixin.py:190} INFO - [2025-08-29T06:46:58.775+0000] {dag.py:4180} INFO - Setting next_dagrun for example_dag_decorator to None, run_after=None
[2025-08-29T06:46:58.789+0000] {processor.py:208} INFO - Processing /home/airflow/.local/lib/python3.12/site-packages/airflow/example_dags/example_dag_decorator.py took 0.452 seconds
[2025-08-29T06:47:29.575+0000] {processor.py:186} INFO - Started process (PID=149) to work on /home/airflow/.local/lib/python3.12/site-packages/airflow/example_dags/example_dag_decorator.py
[2025-08-29T06:47:29.576+0000] {processor.py:914} INFO - Processing file /home/airflow/.local/lib/python3.12/site-packages/airflow/example_dags/example_dag_decorator.py for tasks to queue
[2025-08-29T06:47:29.578+0000] {logging_mixin.py:190} INFO - [2025-08-29T06:47:29.578+0000] {dagbag.py:588} INFO - Filling up the DagBag from /home/airflow/.local/lib/python3.12/site-packages/airflow/example_dags/example_dag_decorator.py
[2025-08-29T06:47:29.659+0000] {processor.py:925} INFO - DAG(s) 'example_dag_decorator' retrieved from /home/airflow/.local/lib/python3.12/site-packages/airflow/example_dags/example_dag_decorator.py
[2025-08-29T06:47:29.742+0000] {logging_mixin.py:190} INFO - [2025-08-29T06:47:29.742+0000] {dag.py:3239} INFO - Sync 1 DAGs
[2025-08-29T06:47:29.750+0000] {logging_mixin.py:190} INFO - [2025-08-29T06:47:29.750+0000] {dag.py:4180} INFO - Setting next_dagrun for example_dag_decorator to None, run_after=None
[2025-08-29T06:47:29.764+0000] {processor.py:208} INFO - Processing /home/airflow/.local/lib/python3.12/site-packages/airflow/example_dags/example_dag_decorator.py took 0.193 seconds
[2025-08-29T06:47:59.875+0000] {processor.py:186} INFO - Started process (PID=212) to work on /home/airflow/.local/lib/python3.12/site-packages/airflow/example_dags/example_dag_decorator.py
[2025-08-29T06:47:59.876+0000] {processor.py:914} INFO - Processing file /home/airflow/.local/lib/python3.12/site-packages/airflow/example_dags/example_dag_decorator.py for tasks to queue
[2025-08-29T06:47:59.879+0000] {logging_mixin.py:190} INFO - [2025-08-29T06:47:59.878+0000] {dagbag.py:588} INFO - Filling up the DagBag from /home/airflow/.local/lib/python3.12/site-packages/airflow/example_dags/example_dag_decorator.py
[2025-08-29T06:47:59.963+0000] {processor.py:925} INFO - DAG(s) 'example_dag_decorator' retrieved from /home/airflow/.local/lib/python3.12/site-packages/airflow/example_dags/example_dag_decorator.py
[2025-08-29T06:48:00.068+0000] {logging_mixin.py:190} INFO - [2025-08-29T06:48:00.068+0000] {dag.py:3239} INFO - Sync 1 DAGs
[2025-08-29T06:48:00.081+0000] {logging_mixin.py:190} INFO - [2025-08-29T06:48:00.081+0000] {dag.py:4180} INFO - Setting next_dagrun for example_dag_decorator to None, run_after=None
[2025-08-29T06:48:00.096+0000] {processor.py:208} INFO - Processing /home/airflow/.local/lib/python3.12/site-packages/airflow/example_dags/example_dag_decorator.py took 0.226 seconds
