[2025-08-29T06:46:58.820+0000] {processor.py:186} INFO - Started process (PID=83) to work on /home/airflow/.local/lib/python3.12/site-packages/airflow/example_dags/example_params_trigger_ui.py
[2025-08-29T06:46:58.821+0000] {processor.py:914} INFO - Processing file /home/airflow/.local/lib/python3.12/site-packages/airflow/example_dags/example_params_trigger_ui.py for tasks to queue
[2025-08-29T06:46:58.824+0000] {logging_mixin.py:190} INFO - [2025-08-29T06:46:58.823+0000] {dagbag.py:588} INFO - Filling up the DagBag from /home/airflow/.local/lib/python3.12/site-packages/airflow/example_dags/example_params_trigger_ui.py
[2025-08-29T06:46:58.836+0000] {processor.py:925} INFO - DAG(s) 'example_params_trigger_ui' retrieved from /home/airflow/.local/lib/python3.12/site-packages/airflow/example_dags/example_params_trigger_ui.py
[2025-08-29T06:46:58.951+0000] {logging_mixin.py:190} INFO - [2025-08-29T06:46:58.950+0000] {override.py:1930} INFO - Created Permission View: can read on DAG:example_params_trigger_ui
[2025-08-29T06:46:58.962+0000] {logging_mixin.py:190} INFO - [2025-08-29T06:46:58.962+0000] {override.py:1930} INFO - Created Permission View: can delete on DAG:example_params_trigger_ui
[2025-08-29T06:46:58.970+0000] {logging_mixin.py:190} INFO - [2025-08-29T06:46:58.969+0000] {override.py:1930} INFO - Created Permission View: can edit on DAG:example_params_trigger_ui
[2025-08-29T06:46:58.977+0000] {logging_mixin.py:190} INFO - [2025-08-29T06:46:58.977+0000] {override.py:1930} INFO - Created Permission View: menu access on DAG Run:example_params_trigger_ui
[2025-08-29T06:46:58.985+0000] {logging_mixin.py:190} INFO - [2025-08-29T06:46:58.985+0000] {override.py:1930} INFO - Created Permission View: can read on DAG Run:example_params_trigger_ui
[2025-08-29T06:46:58.993+0000] {logging_mixin.py:190} INFO - [2025-08-29T06:46:58.992+0000] {override.py:1930} INFO - Created Permission View: can delete on DAG Run:example_params_trigger_ui
[2025-08-29T06:46:59.000+0000] {logging_mixin.py:190} INFO - [2025-08-29T06:46:58.999+0000] {override.py:1930} INFO - Created Permission View: can create on DAG Run:example_params_trigger_ui
[2025-08-29T06:46:59.001+0000] {logging_mixin.py:190} INFO - [2025-08-29T06:46:59.000+0000] {dag.py:3239} INFO - Sync 1 DAGs
[2025-08-29T06:46:59.012+0000] {logging_mixin.py:190} INFO - [2025-08-29T06:46:59.012+0000] {dag.py:3262} INFO - Creating ORM DAG for example_params_trigger_ui
[2025-08-29T06:46:59.013+0000] {logging_mixin.py:190} INFO - [2025-08-29T06:46:59.013+0000] {dag.py:4180} INFO - Setting next_dagrun for example_params_trigger_ui to None, run_after=None
[2025-08-29T06:46:59.029+0000] {processor.py:208} INFO - Processing /home/airflow/.local/lib/python3.12/site-packages/airflow/example_dags/example_params_trigger_ui.py took 0.216 seconds
[2025-08-29T06:47:29.740+0000] {processor.py:186} INFO - Started process (PID=152) to work on /home/airflow/.local/lib/python3.12/site-packages/airflow/example_dags/example_params_trigger_ui.py
[2025-08-29T06:47:29.741+0000] {processor.py:914} INFO - Processing file /home/airflow/.local/lib/python3.12/site-packages/airflow/example_dags/example_params_trigger_ui.py for tasks to queue
[2025-08-29T06:47:29.743+0000] {logging_mixin.py:190} INFO - [2025-08-29T06:47:29.743+0000] {dagbag.py:588} INFO - Filling up the DagBag from /home/airflow/.local/lib/python3.12/site-packages/airflow/example_dags/example_params_trigger_ui.py
[2025-08-29T06:47:29.752+0000] {processor.py:925} INFO - DAG(s) 'example_params_trigger_ui' retrieved from /home/airflow/.local/lib/python3.12/site-packages/airflow/example_dags/example_params_trigger_ui.py
[2025-08-29T06:47:29.781+0000] {logging_mixin.py:190} INFO - [2025-08-29T06:47:29.781+0000] {dag.py:3239} INFO - Sync 1 DAGs
[2025-08-29T06:47:29.791+0000] {logging_mixin.py:190} INFO - [2025-08-29T06:47:29.791+0000] {dag.py:4180} INFO - Setting next_dagrun for example_params_trigger_ui to None, run_after=None
[2025-08-29T06:47:29.805+0000] {processor.py:208} INFO - Processing /home/airflow/.local/lib/python3.12/site-packages/airflow/example_dags/example_params_trigger_ui.py took 0.070 seconds
[2025-08-29T06:48:00.059+0000] {processor.py:186} INFO - Started process (PID=215) to work on /home/airflow/.local/lib/python3.12/site-packages/airflow/example_dags/example_params_trigger_ui.py
[2025-08-29T06:48:00.061+0000] {processor.py:914} INFO - Processing file /home/airflow/.local/lib/python3.12/site-packages/airflow/example_dags/example_params_trigger_ui.py for tasks to queue
[2025-08-29T06:48:00.064+0000] {logging_mixin.py:190} INFO - [2025-08-29T06:48:00.063+0000] {dagbag.py:588} INFO - Filling up the DagBag from /home/airflow/.local/lib/python3.12/site-packages/airflow/example_dags/example_params_trigger_ui.py
[2025-08-29T06:48:00.074+0000] {processor.py:925} INFO - DAG(s) 'example_params_trigger_ui' retrieved from /home/airflow/.local/lib/python3.12/site-packages/airflow/example_dags/example_params_trigger_ui.py
[2025-08-29T06:48:00.104+0000] {logging_mixin.py:190} INFO - [2025-08-29T06:48:00.104+0000] {dag.py:3239} INFO - Sync 1 DAGs
[2025-08-29T06:48:00.118+0000] {logging_mixin.py:190} INFO - [2025-08-29T06:48:00.117+0000] {dag.py:4180} INFO - Setting next_dagrun for example_params_trigger_ui to None, run_after=None
[2025-08-29T06:48:00.135+0000] {processor.py:208} INFO - Processing /home/airflow/.local/lib/python3.12/site-packages/airflow/example_dags/example_params_trigger_ui.py took 0.081 seconds
