[2025-08-29T06:46:58.695+0000] {processor.py:186} INFO - Started process (PID=82) to work on /home/airflow/.local/lib/python3.12/site-packages/airflow/example_dags/example_branch_day_of_week_operator.py
[2025-08-29T06:46:58.696+0000] {processor.py:914} INFO - Processing file /home/airflow/.local/lib/python3.12/site-packages/airflow/example_dags/example_branch_day_of_week_operator.py for tasks to queue
[2025-08-29T06:46:58.699+0000] {logging_mixin.py:190} INFO - [2025-08-29T06:46:58.698+0000] {dagbag.py:588} INFO - Filling up the DagBag from /home/airflow/.local/lib/python3.12/site-packages/airflow/example_dags/example_branch_day_of_week_operator.py
[2025-08-29T06:46:58.707+0000] {processor.py:925} INFO - DAG(s) 'example_weekday_branch_operator' retrieved from /home/airflow/.local/lib/python3.12/site-packages/airflow/example_dags/example_branch_day_of_week_operator.py
[2025-08-29T06:46:58.796+0000] {logging_mixin.py:190} INFO - [2025-08-29T06:46:58.796+0000] {override.py:1930} INFO - Created Permission View: can read on DAG:example_weekday_branch_operator
[2025-08-29T06:46:58.806+0000] {logging_mixin.py:190} INFO - [2025-08-29T06:46:58.806+0000] {override.py:1930} INFO - Created Permission View: can delete on DAG:example_weekday_branch_operator
[2025-08-29T06:46:58.813+0000] {logging_mixin.py:190} INFO - [2025-08-29T06:46:58.813+0000] {override.py:1930} INFO - Created Permission View: can edit on DAG:example_weekday_branch_operator
[2025-08-29T06:46:58.821+0000] {logging_mixin.py:190} INFO - [2025-08-29T06:46:58.820+0000] {override.py:1930} INFO - Created Permission View: menu access on DAG Run:example_weekday_branch_operator
[2025-08-29T06:46:58.827+0000] {logging_mixin.py:190} INFO - [2025-08-29T06:46:58.827+0000] {override.py:1930} INFO - Created Permission View: can read on DAG Run:example_weekday_branch_operator
[2025-08-29T06:46:58.833+0000] {logging_mixin.py:190} INFO - [2025-08-29T06:46:58.833+0000] {override.py:1930} INFO - Created Permission View: can delete on DAG Run:example_weekday_branch_operator
[2025-08-29T06:46:58.840+0000] {logging_mixin.py:190} INFO - [2025-08-29T06:46:58.839+0000] {override.py:1930} INFO - Created Permission View: can create on DAG Run:example_weekday_branch_operator
[2025-08-29T06:46:58.840+0000] {logging_mixin.py:190} INFO - [2025-08-29T06:46:58.840+0000] {dag.py:3239} INFO - Sync 1 DAGs
[2025-08-29T06:46:58.852+0000] {logging_mixin.py:190} INFO - [2025-08-29T06:46:58.851+0000] {dag.py:3262} INFO - Creating ORM DAG for example_weekday_branch_operator
[2025-08-29T06:46:58.861+0000] {logging_mixin.py:190} INFO - [2025-08-29T06:46:58.861+0000] {dag.py:4180} INFO - Setting next_dagrun for example_weekday_branch_operator to 2025-08-28 00:00:00+00:00, run_after=2025-08-29 00:00:00+00:00
[2025-08-29T06:46:58.877+0000] {processor.py:208} INFO - Processing /home/airflow/.local/lib/python3.12/site-packages/airflow/example_dags/example_branch_day_of_week_operator.py took 0.187 seconds
[2025-08-29T06:47:29.658+0000] {processor.py:186} INFO - Started process (PID=151) to work on /home/airflow/.local/lib/python3.12/site-packages/airflow/example_dags/example_branch_day_of_week_operator.py
[2025-08-29T06:47:29.659+0000] {processor.py:914} INFO - Processing file /home/airflow/.local/lib/python3.12/site-packages/airflow/example_dags/example_branch_day_of_week_operator.py for tasks to queue
[2025-08-29T06:47:29.661+0000] {logging_mixin.py:190} INFO - [2025-08-29T06:47:29.661+0000] {dagbag.py:588} INFO - Filling up the DagBag from /home/airflow/.local/lib/python3.12/site-packages/airflow/example_dags/example_branch_day_of_week_operator.py
[2025-08-29T06:47:29.669+0000] {processor.py:925} INFO - DAG(s) 'example_weekday_branch_operator' retrieved from /home/airflow/.local/lib/python3.12/site-packages/airflow/example_dags/example_branch_day_of_week_operator.py
[2025-08-29T06:47:29.685+0000] {logging_mixin.py:190} INFO - [2025-08-29T06:47:29.685+0000] {dag.py:3239} INFO - Sync 1 DAGs
[2025-08-29T06:47:29.704+0000] {logging_mixin.py:190} INFO - [2025-08-29T06:47:29.703+0000] {dag.py:4180} INFO - Setting next_dagrun for example_weekday_branch_operator to 2025-08-28 00:00:00+00:00, run_after=2025-08-29 00:00:00+00:00
[2025-08-29T06:47:29.717+0000] {processor.py:208} INFO - Processing /home/airflow/.local/lib/python3.12/site-packages/airflow/example_dags/example_branch_day_of_week_operator.py took 0.065 seconds
[2025-08-29T06:47:59.961+0000] {processor.py:186} INFO - Started process (PID=214) to work on /home/airflow/.local/lib/python3.12/site-packages/airflow/example_dags/example_branch_day_of_week_operator.py
[2025-08-29T06:47:59.962+0000] {processor.py:914} INFO - Processing file /home/airflow/.local/lib/python3.12/site-packages/airflow/example_dags/example_branch_day_of_week_operator.py for tasks to queue
[2025-08-29T06:47:59.965+0000] {logging_mixin.py:190} INFO - [2025-08-29T06:47:59.965+0000] {dagbag.py:588} INFO - Filling up the DagBag from /home/airflow/.local/lib/python3.12/site-packages/airflow/example_dags/example_branch_day_of_week_operator.py
[2025-08-29T06:47:59.974+0000] {processor.py:925} INFO - DAG(s) 'example_weekday_branch_operator' retrieved from /home/airflow/.local/lib/python3.12/site-packages/airflow/example_dags/example_branch_day_of_week_operator.py
[2025-08-29T06:47:59.991+0000] {logging_mixin.py:190} INFO - [2025-08-29T06:47:59.991+0000] {dag.py:3239} INFO - Sync 1 DAGs
[2025-08-29T06:48:00.013+0000] {logging_mixin.py:190} INFO - [2025-08-29T06:48:00.013+0000] {dag.py:4180} INFO - Setting next_dagrun for example_weekday_branch_operator to 2025-08-28 00:00:00+00:00, run_after=2025-08-29 00:00:00+00:00
[2025-08-29T06:48:00.032+0000] {processor.py:208} INFO - Processing /home/airflow/.local/lib/python3.12/site-packages/airflow/example_dags/example_branch_day_of_week_operator.py took 0.076 seconds
