[2025-08-29T06:47:00.850+0000] {processor.py:186} INFO - Started process (PID=104) to work on /home/airflow/.local/lib/python3.12/site-packages/airflow/example_dags/example_sensor_decorator.py
[2025-08-29T06:47:00.851+0000] {processor.py:914} INFO - Processing file /home/airflow/.local/lib/python3.12/site-packages/airflow/example_dags/example_sensor_decorator.py for tasks to queue
[2025-08-29T06:47:00.853+0000] {logging_mixin.py:190} INFO - [2025-08-29T06:47:00.853+0000] {dagbag.py:588} INFO - Filling up the DagBag from /home/airflow/.local/lib/python3.12/site-packages/airflow/example_dags/example_sensor_decorator.py
[2025-08-29T06:47:00.861+0000] {processor.py:925} INFO - DAG(s) 'example_sensor_decorator' retrieved from /home/airflow/.local/lib/python3.12/site-packages/airflow/example_dags/example_sensor_decorator.py
[2025-08-29T06:47:00.940+0000] {logging_mixin.py:190} INFO - [2025-08-29T06:47:00.939+0000] {override.py:1930} INFO - Created Permission View: can read on DAG:example_sensor_decorator
[2025-08-29T06:47:00.949+0000] {logging_mixin.py:190} INFO - [2025-08-29T06:47:00.948+0000] {override.py:1930} INFO - Created Permission View: can delete on DAG:example_sensor_decorator
[2025-08-29T06:47:00.954+0000] {logging_mixin.py:190} INFO - [2025-08-29T06:47:00.954+0000] {override.py:1930} INFO - Created Permission View: can edit on DAG:example_sensor_decorator
[2025-08-29T06:47:00.960+0000] {logging_mixin.py:190} INFO - [2025-08-29T06:47:00.959+0000] {override.py:1930} INFO - Created Permission View: menu access on DAG Run:example_sensor_decorator
[2025-08-29T06:47:00.964+0000] {logging_mixin.py:190} INFO - [2025-08-29T06:47:00.964+0000] {override.py:1930} INFO - Created Permission View: can read on DAG Run:example_sensor_decorator
[2025-08-29T06:47:00.969+0000] {logging_mixin.py:190} INFO - [2025-08-29T06:47:00.969+0000] {override.py:1930} INFO - Created Permission View: can delete on DAG Run:example_sensor_decorator
[2025-08-29T06:47:00.975+0000] {logging_mixin.py:190} INFO - [2025-08-29T06:47:00.974+0000] {override.py:1930} INFO - Created Permission View: can create on DAG Run:example_sensor_decorator
[2025-08-29T06:47:00.975+0000] {logging_mixin.py:190} INFO - [2025-08-29T06:47:00.975+0000] {dag.py:3239} INFO - Sync 1 DAGs
[2025-08-29T06:47:00.988+0000] {logging_mixin.py:190} INFO - [2025-08-29T06:47:00.988+0000] {dag.py:3262} INFO - Creating ORM DAG for example_sensor_decorator
[2025-08-29T06:47:00.989+0000] {logging_mixin.py:190} INFO - [2025-08-29T06:47:00.989+0000] {dag.py:4180} INFO - Setting next_dagrun for example_sensor_decorator to None, run_after=None
[2025-08-29T06:47:01.002+0000] {processor.py:208} INFO - Processing /home/airflow/.local/lib/python3.12/site-packages/airflow/example_dags/example_sensor_decorator.py took 0.157 seconds
[2025-08-29T06:47:32.070+0000] {processor.py:186} INFO - Started process (PID=167) to work on /home/airflow/.local/lib/python3.12/site-packages/airflow/example_dags/example_sensor_decorator.py
[2025-08-29T06:47:32.070+0000] {processor.py:914} INFO - Processing file /home/airflow/.local/lib/python3.12/site-packages/airflow/example_dags/example_sensor_decorator.py for tasks to queue
[2025-08-29T06:47:32.073+0000] {logging_mixin.py:190} INFO - [2025-08-29T06:47:32.072+0000] {dagbag.py:588} INFO - Filling up the DagBag from /home/airflow/.local/lib/python3.12/site-packages/airflow/example_dags/example_sensor_decorator.py
[2025-08-29T06:47:32.080+0000] {processor.py:925} INFO - DAG(s) 'example_sensor_decorator' retrieved from /home/airflow/.local/lib/python3.12/site-packages/airflow/example_dags/example_sensor_decorator.py
[2025-08-29T06:47:32.093+0000] {logging_mixin.py:190} INFO - [2025-08-29T06:47:32.093+0000] {dag.py:3239} INFO - Sync 1 DAGs
[2025-08-29T06:47:32.103+0000] {logging_mixin.py:190} INFO - [2025-08-29T06:47:32.103+0000] {dag.py:4180} INFO - Setting next_dagrun for example_sensor_decorator to None, run_after=None
[2025-08-29T06:47:32.118+0000] {processor.py:208} INFO - Processing /home/airflow/.local/lib/python3.12/site-packages/airflow/example_dags/example_sensor_decorator.py took 0.054 seconds
[2025-08-29T06:48:02.813+0000] {processor.py:186} INFO - Started process (PID=230) to work on /home/airflow/.local/lib/python3.12/site-packages/airflow/example_dags/example_sensor_decorator.py
[2025-08-29T06:48:02.814+0000] {processor.py:914} INFO - Processing file /home/airflow/.local/lib/python3.12/site-packages/airflow/example_dags/example_sensor_decorator.py for tasks to queue
[2025-08-29T06:48:02.816+0000] {logging_mixin.py:190} INFO - [2025-08-29T06:48:02.816+0000] {dagbag.py:588} INFO - Filling up the DagBag from /home/airflow/.local/lib/python3.12/site-packages/airflow/example_dags/example_sensor_decorator.py
[2025-08-29T06:48:02.823+0000] {processor.py:925} INFO - DAG(s) 'example_sensor_decorator' retrieved from /home/airflow/.local/lib/python3.12/site-packages/airflow/example_dags/example_sensor_decorator.py
[2025-08-29T06:48:02.839+0000] {logging_mixin.py:190} INFO - [2025-08-29T06:48:02.839+0000] {dag.py:3239} INFO - Sync 1 DAGs
[2025-08-29T06:48:02.850+0000] {logging_mixin.py:190} INFO - [2025-08-29T06:48:02.849+0000] {dag.py:4180} INFO - Setting next_dagrun for example_sensor_decorator to None, run_after=None
[2025-08-29T06:48:02.864+0000] {processor.py:208} INFO - Processing /home/airflow/.local/lib/python3.12/site-packages/airflow/example_dags/example_sensor_decorator.py took 0.057 seconds
