[2025-08-29T06:47:00.166+0000] {processor.py:186} INFO - Started process (PID=98) to work on /home/airflow/.local/lib/python3.12/site-packages/airflow/example_dags/example_nested_branch_dag.py
[2025-08-29T06:47:00.167+0000] {processor.py:914} INFO - Processing file /home/airflow/.local/lib/python3.12/site-packages/airflow/example_dags/example_nested_branch_dag.py for tasks to queue
[2025-08-29T06:47:00.169+0000] {logging_mixin.py:190} INFO - [2025-08-29T06:47:00.168+0000] {dagbag.py:588} INFO - Filling up the DagBag from /home/airflow/.local/lib/python3.12/site-packages/airflow/example_dags/example_nested_branch_dag.py
[2025-08-29T06:47:00.180+0000] {processor.py:925} INFO - DAG(s) 'example_nested_branch_dag' retrieved from /home/airflow/.local/lib/python3.12/site-packages/airflow/example_dags/example_nested_branch_dag.py
[2025-08-29T06:47:00.256+0000] {logging_mixin.py:190} INFO - [2025-08-29T06:47:00.256+0000] {override.py:1930} INFO - Created Permission View: can read on DAG:example_nested_branch_dag
[2025-08-29T06:47:00.263+0000] {logging_mixin.py:190} INFO - [2025-08-29T06:47:00.263+0000] {override.py:1930} INFO - Created Permission View: can delete on DAG:example_nested_branch_dag
[2025-08-29T06:47:00.268+0000] {logging_mixin.py:190} INFO - [2025-08-29T06:47:00.268+0000] {override.py:1930} INFO - Created Permission View: can edit on DAG:example_nested_branch_dag
[2025-08-29T06:47:00.275+0000] {logging_mixin.py:190} INFO - [2025-08-29T06:47:00.275+0000] {override.py:1930} INFO - Created Permission View: menu access on DAG Run:example_nested_branch_dag
[2025-08-29T06:47:00.280+0000] {logging_mixin.py:190} INFO - [2025-08-29T06:47:00.280+0000] {override.py:1930} INFO - Created Permission View: can read on DAG Run:example_nested_branch_dag
[2025-08-29T06:47:00.287+0000] {logging_mixin.py:190} INFO - [2025-08-29T06:47:00.287+0000] {override.py:1930} INFO - Created Permission View: can delete on DAG Run:example_nested_branch_dag
[2025-08-29T06:47:00.293+0000] {logging_mixin.py:190} INFO - [2025-08-29T06:47:00.293+0000] {override.py:1930} INFO - Created Permission View: can create on DAG Run:example_nested_branch_dag
[2025-08-29T06:47:00.294+0000] {logging_mixin.py:190} INFO - [2025-08-29T06:47:00.294+0000] {dag.py:3239} INFO - Sync 1 DAGs
[2025-08-29T06:47:00.306+0000] {logging_mixin.py:190} INFO - [2025-08-29T06:47:00.306+0000] {dag.py:3262} INFO - Creating ORM DAG for example_nested_branch_dag
[2025-08-29T06:47:00.313+0000] {logging_mixin.py:190} INFO - [2025-08-29T06:47:00.313+0000] {dag.py:4180} INFO - Setting next_dagrun for example_nested_branch_dag to 2025-08-28 00:00:00+00:00, run_after=2025-08-29 00:00:00+00:00
[2025-08-29T06:47:00.326+0000] {processor.py:208} INFO - Processing /home/airflow/.local/lib/python3.12/site-packages/airflow/example_dags/example_nested_branch_dag.py took 0.165 seconds
[2025-08-29T06:47:30.399+0000] {processor.py:186} INFO - Started process (PID=161) to work on /home/airflow/.local/lib/python3.12/site-packages/airflow/example_dags/example_nested_branch_dag.py
[2025-08-29T06:47:30.400+0000] {processor.py:914} INFO - Processing file /home/airflow/.local/lib/python3.12/site-packages/airflow/example_dags/example_nested_branch_dag.py for tasks to queue
[2025-08-29T06:47:30.402+0000] {logging_mixin.py:190} INFO - [2025-08-29T06:47:30.401+0000] {dagbag.py:588} INFO - Filling up the DagBag from /home/airflow/.local/lib/python3.12/site-packages/airflow/example_dags/example_nested_branch_dag.py
[2025-08-29T06:47:30.412+0000] {processor.py:925} INFO - DAG(s) 'example_nested_branch_dag' retrieved from /home/airflow/.local/lib/python3.12/site-packages/airflow/example_dags/example_nested_branch_dag.py
[2025-08-29T06:47:30.430+0000] {logging_mixin.py:190} INFO - [2025-08-29T06:47:30.430+0000] {dag.py:3239} INFO - Sync 1 DAGs
[2025-08-29T06:47:30.449+0000] {logging_mixin.py:190} INFO - [2025-08-29T06:47:30.449+0000] {dag.py:4180} INFO - Setting next_dagrun for example_nested_branch_dag to 2025-08-28 00:00:00+00:00, run_after=2025-08-29 00:00:00+00:00
[2025-08-29T06:47:30.463+0000] {processor.py:208} INFO - Processing /home/airflow/.local/lib/python3.12/site-packages/airflow/example_dags/example_nested_branch_dag.py took 0.069 seconds
[2025-08-29T06:48:00.512+0000] {processor.py:186} INFO - Started process (PID=224) to work on /home/airflow/.local/lib/python3.12/site-packages/airflow/example_dags/example_nested_branch_dag.py
[2025-08-29T06:48:00.513+0000] {processor.py:914} INFO - Processing file /home/airflow/.local/lib/python3.12/site-packages/airflow/example_dags/example_nested_branch_dag.py for tasks to queue
[2025-08-29T06:48:00.514+0000] {logging_mixin.py:190} INFO - [2025-08-29T06:48:00.514+0000] {dagbag.py:588} INFO - Filling up the DagBag from /home/airflow/.local/lib/python3.12/site-packages/airflow/example_dags/example_nested_branch_dag.py
[2025-08-29T06:48:00.524+0000] {processor.py:925} INFO - DAG(s) 'example_nested_branch_dag' retrieved from /home/airflow/.local/lib/python3.12/site-packages/airflow/example_dags/example_nested_branch_dag.py
[2025-08-29T06:48:00.546+0000] {logging_mixin.py:190} INFO - [2025-08-29T06:48:00.546+0000] {dag.py:3239} INFO - Sync 1 DAGs
[2025-08-29T06:48:00.570+0000] {logging_mixin.py:190} INFO - [2025-08-29T06:48:00.570+0000] {dag.py:4180} INFO - Setting next_dagrun for example_nested_branch_dag to 2025-08-28 00:00:00+00:00, run_after=2025-08-29 00:00:00+00:00
[2025-08-29T06:48:00.586+0000] {processor.py:208} INFO - Processing /home/airflow/.local/lib/python3.12/site-packages/airflow/example_dags/example_nested_branch_dag.py took 0.079 seconds
