[2025-08-29T06:47:00.583+0000] {processor.py:186} INFO - Started process (PID=102) to work on /home/airflow/.local/lib/python3.12/site-packages/airflow/example_dags/example_outlet_event_extra.py
[2025-08-29T06:47:00.584+0000] {processor.py:914} INFO - Processing file /home/airflow/.local/lib/python3.12/site-packages/airflow/example_dags/example_outlet_event_extra.py for tasks to queue
[2025-08-29T06:47:00.586+0000] {logging_mixin.py:190} INFO - [2025-08-29T06:47:00.585+0000] {dagbag.py:588} INFO - Filling up the DagBag from /home/airflow/.local/lib/python3.12/site-packages/airflow/example_dags/example_outlet_event_extra.py
[2025-08-29T06:47:01.036+0000] {processor.py:925} INFO - DAG(s) 'dataset_with_extra_by_yield', 'dataset_with_extra_from_classic_operator', 'dataset_with_extra_by_context' retrieved from /home/airflow/.local/lib/python3.12/site-packages/airflow/example_dags/example_outlet_event_extra.py
[2025-08-29T06:47:01.104+0000] {logging_mixin.py:190} INFO - [2025-08-29T06:47:01.104+0000] {override.py:1930} INFO - Created Permission View: can read on DAG:dataset_with_extra_by_yield
[2025-08-29T06:47:01.114+0000] {logging_mixin.py:190} INFO - [2025-08-29T06:47:01.114+0000] {override.py:1930} INFO - Created Permission View: can delete on DAG:dataset_with_extra_by_yield
[2025-08-29T06:47:01.120+0000] {logging_mixin.py:190} INFO - [2025-08-29T06:47:01.120+0000] {override.py:1930} INFO - Created Permission View: can edit on DAG:dataset_with_extra_by_yield
[2025-08-29T06:47:01.126+0000] {logging_mixin.py:190} INFO - [2025-08-29T06:47:01.126+0000] {override.py:1930} INFO - Created Permission View: menu access on DAG Run:dataset_with_extra_by_yield
[2025-08-29T06:47:01.131+0000] {logging_mixin.py:190} INFO - [2025-08-29T06:47:01.131+0000] {override.py:1930} INFO - Created Permission View: can read on DAG Run:dataset_with_extra_by_yield
[2025-08-29T06:47:01.136+0000] {logging_mixin.py:190} INFO - [2025-08-29T06:47:01.136+0000] {override.py:1930} INFO - Created Permission View: can delete on DAG Run:dataset_with_extra_by_yield
[2025-08-29T06:47:01.141+0000] {logging_mixin.py:190} INFO - [2025-08-29T06:47:01.140+0000] {override.py:1930} INFO - Created Permission View: can create on DAG Run:dataset_with_extra_by_yield
[2025-08-29T06:47:01.151+0000] {logging_mixin.py:190} INFO - [2025-08-29T06:47:01.151+0000] {override.py:1930} INFO - Created Permission View: can read on DAG:dataset_with_extra_from_classic_operator
[2025-08-29T06:47:01.157+0000] {logging_mixin.py:190} INFO - [2025-08-29T06:47:01.157+0000] {override.py:1930} INFO - Created Permission View: can delete on DAG:dataset_with_extra_from_classic_operator
[2025-08-29T06:47:01.162+0000] {logging_mixin.py:190} INFO - [2025-08-29T06:47:01.162+0000] {override.py:1930} INFO - Created Permission View: can edit on DAG:dataset_with_extra_from_classic_operator
[2025-08-29T06:47:01.168+0000] {logging_mixin.py:190} INFO - [2025-08-29T06:47:01.167+0000] {override.py:1930} INFO - Created Permission View: menu access on DAG Run:dataset_with_extra_from_classic_operator
[2025-08-29T06:47:01.174+0000] {logging_mixin.py:190} INFO - [2025-08-29T06:47:01.174+0000] {override.py:1930} INFO - Created Permission View: can read on DAG Run:dataset_with_extra_from_classic_operator
[2025-08-29T06:47:01.179+0000] {logging_mixin.py:190} INFO - [2025-08-29T06:47:01.179+0000] {override.py:1930} INFO - Created Permission View: can delete on DAG Run:dataset_with_extra_from_classic_operator
[2025-08-29T06:47:01.185+0000] {logging_mixin.py:190} INFO - [2025-08-29T06:47:01.185+0000] {override.py:1930} INFO - Created Permission View: can create on DAG Run:dataset_with_extra_from_classic_operator
[2025-08-29T06:47:01.196+0000] {logging_mixin.py:190} INFO - [2025-08-29T06:47:01.196+0000] {override.py:1930} INFO - Created Permission View: can read on DAG:dataset_with_extra_by_context
[2025-08-29T06:47:01.202+0000] {logging_mixin.py:190} INFO - [2025-08-29T06:47:01.202+0000] {override.py:1930} INFO - Created Permission View: can delete on DAG:dataset_with_extra_by_context
[2025-08-29T06:47:01.208+0000] {logging_mixin.py:190} INFO - [2025-08-29T06:47:01.207+0000] {override.py:1930} INFO - Created Permission View: can edit on DAG:dataset_with_extra_by_context
[2025-08-29T06:47:01.214+0000] {logging_mixin.py:190} INFO - [2025-08-29T06:47:01.213+0000] {override.py:1930} INFO - Created Permission View: menu access on DAG Run:dataset_with_extra_by_context
[2025-08-29T06:47:01.219+0000] {logging_mixin.py:190} INFO - [2025-08-29T06:47:01.218+0000] {override.py:1930} INFO - Created Permission View: can read on DAG Run:dataset_with_extra_by_context
[2025-08-29T06:47:01.225+0000] {logging_mixin.py:190} INFO - [2025-08-29T06:47:01.225+0000] {override.py:1930} INFO - Created Permission View: can delete on DAG Run:dataset_with_extra_by_context
[2025-08-29T06:47:01.230+0000] {logging_mixin.py:190} INFO - [2025-08-29T06:47:01.230+0000] {override.py:1930} INFO - Created Permission View: can create on DAG Run:dataset_with_extra_by_context
[2025-08-29T06:47:01.231+0000] {logging_mixin.py:190} INFO - [2025-08-29T06:47:01.231+0000] {dag.py:3239} INFO - Sync 3 DAGs
[2025-08-29T06:47:01.241+0000] {logging_mixin.py:190} INFO - [2025-08-29T06:47:01.240+0000] {dag.py:3262} INFO - Creating ORM DAG for dataset_with_extra_by_context
[2025-08-29T06:47:01.241+0000] {logging_mixin.py:190} INFO - [2025-08-29T06:47:01.241+0000] {dag.py:3262} INFO - Creating ORM DAG for dataset_with_extra_by_yield
[2025-08-29T06:47:01.242+0000] {logging_mixin.py:190} INFO - [2025-08-29T06:47:01.242+0000] {dag.py:3262} INFO - Creating ORM DAG for dataset_with_extra_from_classic_operator
[2025-08-29T06:47:01.248+0000] {logging_mixin.py:190} INFO - [2025-08-29T06:47:01.248+0000] {dag.py:4180} INFO - Setting next_dagrun for dataset_with_extra_by_context to 2025-08-28 00:00:00+00:00, run_after=2025-08-29 00:00:00+00:00
[2025-08-29T06:47:01.250+0000] {logging_mixin.py:190} INFO - [2025-08-29T06:47:01.249+0000] {dag.py:4180} INFO - Setting next_dagrun for dataset_with_extra_by_yield to 2025-08-28 00:00:00+00:00, run_after=2025-08-29 00:00:00+00:00
[2025-08-29T06:47:01.251+0000] {logging_mixin.py:190} INFO - [2025-08-29T06:47:01.251+0000] {dag.py:4180} INFO - Setting next_dagrun for dataset_with_extra_from_classic_operator to 2025-08-28 00:00:00+00:00, run_after=2025-08-29 00:00:00+00:00
[2025-08-29T06:47:01.266+0000] {processor.py:208} INFO - Processing /home/airflow/.local/lib/python3.12/site-packages/airflow/example_dags/example_outlet_event_extra.py took 0.688 seconds
[2025-08-29T06:47:31.597+0000] {processor.py:186} INFO - Started process (PID=165) to work on /home/airflow/.local/lib/python3.12/site-packages/airflow/example_dags/example_outlet_event_extra.py
[2025-08-29T06:47:31.597+0000] {processor.py:914} INFO - Processing file /home/airflow/.local/lib/python3.12/site-packages/airflow/example_dags/example_outlet_event_extra.py for tasks to queue
[2025-08-29T06:47:31.599+0000] {logging_mixin.py:190} INFO - [2025-08-29T06:47:31.599+0000] {dagbag.py:588} INFO - Filling up the DagBag from /home/airflow/.local/lib/python3.12/site-packages/airflow/example_dags/example_outlet_event_extra.py
[2025-08-29T06:47:31.995+0000] {processor.py:925} INFO - DAG(s) 'dataset_with_extra_from_classic_operator', 'dataset_with_extra_by_context', 'dataset_with_extra_by_yield' retrieved from /home/airflow/.local/lib/python3.12/site-packages/airflow/example_dags/example_outlet_event_extra.py
[2025-08-29T06:47:32.010+0000] {logging_mixin.py:190} INFO - [2025-08-29T06:47:32.010+0000] {dag.py:3239} INFO - Sync 3 DAGs
[2025-08-29T06:47:32.024+0000] {logging_mixin.py:190} INFO - [2025-08-29T06:47:32.024+0000] {dag.py:4180} INFO - Setting next_dagrun for dataset_with_extra_by_context to 2025-08-28 00:00:00+00:00, run_after=2025-08-29 00:00:00+00:00
[2025-08-29T06:47:32.027+0000] {logging_mixin.py:190} INFO - [2025-08-29T06:47:32.027+0000] {dag.py:4180} INFO - Setting next_dagrun for dataset_with_extra_by_yield to 2025-08-28 00:00:00+00:00, run_after=2025-08-29 00:00:00+00:00
[2025-08-29T06:47:32.029+0000] {logging_mixin.py:190} INFO - [2025-08-29T06:47:32.029+0000] {dag.py:4180} INFO - Setting next_dagrun for dataset_with_extra_from_classic_operator to 2025-08-28 00:00:00+00:00, run_after=2025-08-29 00:00:00+00:00
[2025-08-29T06:47:32.040+0000] {processor.py:208} INFO - Processing /home/airflow/.local/lib/python3.12/site-packages/airflow/example_dags/example_outlet_event_extra.py took 0.448 seconds
[2025-08-29T06:48:02.725+0000] {processor.py:186} INFO - Started process (PID=228) to work on /home/airflow/.local/lib/python3.12/site-packages/airflow/example_dags/example_outlet_event_extra.py
[2025-08-29T06:48:02.726+0000] {processor.py:914} INFO - Processing file /home/airflow/.local/lib/python3.12/site-packages/airflow/example_dags/example_outlet_event_extra.py for tasks to queue
[2025-08-29T06:48:02.729+0000] {logging_mixin.py:190} INFO - [2025-08-29T06:48:02.729+0000] {dagbag.py:588} INFO - Filling up the DagBag from /home/airflow/.local/lib/python3.12/site-packages/airflow/example_dags/example_outlet_event_extra.py
[2025-08-29T06:48:03.157+0000] {processor.py:925} INFO - DAG(s) 'dataset_with_extra_from_classic_operator', 'dataset_with_extra_by_context', 'dataset_with_extra_by_yield' retrieved from /home/airflow/.local/lib/python3.12/site-packages/airflow/example_dags/example_outlet_event_extra.py
[2025-08-29T06:48:03.175+0000] {logging_mixin.py:190} INFO - [2025-08-29T06:48:03.175+0000] {dag.py:3239} INFO - Sync 3 DAGs
[2025-08-29T06:48:03.194+0000] {logging_mixin.py:190} INFO - [2025-08-29T06:48:03.194+0000] {dag.py:4180} INFO - Setting next_dagrun for dataset_with_extra_by_context to 2025-08-28 00:00:00+00:00, run_after=2025-08-29 00:00:00+00:00
[2025-08-29T06:48:03.198+0000] {logging_mixin.py:190} INFO - [2025-08-29T06:48:03.198+0000] {dag.py:4180} INFO - Setting next_dagrun for dataset_with_extra_by_yield to 2025-08-28 00:00:00+00:00, run_after=2025-08-29 00:00:00+00:00
[2025-08-29T06:48:03.200+0000] {logging_mixin.py:190} INFO - [2025-08-29T06:48:03.200+0000] {dag.py:4180} INFO - Setting next_dagrun for dataset_with_extra_from_classic_operator to 2025-08-28 00:00:00+00:00, run_after=2025-08-29 00:00:00+00:00
[2025-08-29T06:48:03.216+0000] {processor.py:208} INFO - Processing /home/airflow/.local/lib/python3.12/site-packages/airflow/example_dags/example_outlet_event_extra.py took 0.496 seconds
