[2025-08-29T06:46:54.938+0000] {processor.py:186} INFO - Started process (PID=57) to work on /home/airflow/.local/lib/python3.12/site-packages/airflow/example_dags/example_complex.py
[2025-08-29T06:46:54.939+0000] {processor.py:914} INFO - Processing file /home/airflow/.local/lib/python3.12/site-packages/airflow/example_dags/example_complex.py for tasks to queue
[2025-08-29T06:46:54.942+0000] {logging_mixin.py:190} INFO - [2025-08-29T06:46:54.942+0000] {dagbag.py:588} INFO - Filling up the DagBag from /home/airflow/.local/lib/python3.12/site-packages/airflow/example_dags/example_complex.py
[2025-08-29T06:46:54.970+0000] {processor.py:925} INFO - DAG(s) 'example_complex' retrieved from /home/airflow/.local/lib/python3.12/site-packages/airflow/example_dags/example_complex.py
[2025-08-29T06:46:55.161+0000] {logging_mixin.py:190} INFO - [2025-08-29T06:46:55.160+0000] {override.py:1930} INFO - Created Permission View: can read on DAG:example_complex
[2025-08-29T06:46:55.170+0000] {logging_mixin.py:190} INFO - [2025-08-29T06:46:55.170+0000] {override.py:1930} INFO - Created Permission View: can delete on DAG:example_complex
[2025-08-29T06:46:55.176+0000] {logging_mixin.py:190} INFO - [2025-08-29T06:46:55.176+0000] {override.py:1930} INFO - Created Permission View: can edit on DAG:example_complex
[2025-08-29T06:46:55.182+0000] {logging_mixin.py:190} INFO - [2025-08-29T06:46:55.182+0000] {override.py:1930} INFO - Created Permission View: menu access on DAG Run:example_complex
[2025-08-29T06:46:55.187+0000] {logging_mixin.py:190} INFO - [2025-08-29T06:46:55.187+0000] {override.py:1930} INFO - Created Permission View: can read on DAG Run:example_complex
[2025-08-29T06:46:55.192+0000] {logging_mixin.py:190} INFO - [2025-08-29T06:46:55.192+0000] {override.py:1930} INFO - Created Permission View: can delete on DAG Run:example_complex
[2025-08-29T06:46:55.198+0000] {logging_mixin.py:190} INFO - [2025-08-29T06:46:55.198+0000] {override.py:1930} INFO - Created Permission View: can create on DAG Run:example_complex
[2025-08-29T06:46:55.199+0000] {logging_mixin.py:190} INFO - [2025-08-29T06:46:55.198+0000] {dag.py:3239} INFO - Sync 1 DAGs
[2025-08-29T06:46:55.211+0000] {logging_mixin.py:190} INFO - [2025-08-29T06:46:55.210+0000] {dag.py:3262} INFO - Creating ORM DAG for example_complex
[2025-08-29T06:46:55.212+0000] {logging_mixin.py:190} INFO - [2025-08-29T06:46:55.211+0000] {dag.py:4180} INFO - Setting next_dagrun for example_complex to None, run_after=None
[2025-08-29T06:46:55.228+0000] {processor.py:208} INFO - Processing /home/airflow/.local/lib/python3.12/site-packages/airflow/example_dags/example_complex.py took 0.297 seconds
[2025-08-29T06:47:26.020+0000] {processor.py:186} INFO - Started process (PID=120) to work on /home/airflow/.local/lib/python3.12/site-packages/airflow/example_dags/example_complex.py
[2025-08-29T06:47:26.021+0000] {processor.py:914} INFO - Processing file /home/airflow/.local/lib/python3.12/site-packages/airflow/example_dags/example_complex.py for tasks to queue
[2025-08-29T06:47:26.023+0000] {logging_mixin.py:190} INFO - [2025-08-29T06:47:26.023+0000] {dagbag.py:588} INFO - Filling up the DagBag from /home/airflow/.local/lib/python3.12/site-packages/airflow/example_dags/example_complex.py
[2025-08-29T06:47:26.031+0000] {processor.py:925} INFO - DAG(s) 'example_complex' retrieved from /home/airflow/.local/lib/python3.12/site-packages/airflow/example_dags/example_complex.py
[2025-08-29T06:47:26.055+0000] {logging_mixin.py:190} INFO - [2025-08-29T06:47:26.055+0000] {dag.py:3239} INFO - Sync 1 DAGs
[2025-08-29T06:47:26.065+0000] {logging_mixin.py:190} INFO - [2025-08-29T06:47:26.065+0000] {dag.py:4180} INFO - Setting next_dagrun for example_complex to None, run_after=None
[2025-08-29T06:47:26.087+0000] {processor.py:208} INFO - Processing /home/airflow/.local/lib/python3.12/site-packages/airflow/example_dags/example_complex.py took 0.071 seconds
[2025-08-29T06:47:56.236+0000] {processor.py:186} INFO - Started process (PID=183) to work on /home/airflow/.local/lib/python3.12/site-packages/airflow/example_dags/example_complex.py
[2025-08-29T06:47:56.237+0000] {processor.py:914} INFO - Processing file /home/airflow/.local/lib/python3.12/site-packages/airflow/example_dags/example_complex.py for tasks to queue
[2025-08-29T06:47:56.240+0000] {logging_mixin.py:190} INFO - [2025-08-29T06:47:56.240+0000] {dagbag.py:588} INFO - Filling up the DagBag from /home/airflow/.local/lib/python3.12/site-packages/airflow/example_dags/example_complex.py
[2025-08-29T06:47:56.249+0000] {processor.py:925} INFO - DAG(s) 'example_complex' retrieved from /home/airflow/.local/lib/python3.12/site-packages/airflow/example_dags/example_complex.py
[2025-08-29T06:47:56.273+0000] {logging_mixin.py:190} INFO - [2025-08-29T06:47:56.273+0000] {dag.py:3239} INFO - Sync 1 DAGs
[2025-08-29T06:47:56.286+0000] {logging_mixin.py:190} INFO - [2025-08-29T06:47:56.286+0000] {dag.py:4180} INFO - Setting next_dagrun for example_complex to None, run_after=None
[2025-08-29T06:47:56.313+0000] {processor.py:208} INFO - Processing /home/airflow/.local/lib/python3.12/site-packages/airflow/example_dags/example_complex.py took 0.083 seconds
