[2025-08-29T06:46:59.064+0000] {processor.py:186} INFO - Started process (PID=85) to work on /home/airflow/.local/lib/python3.12/site-packages/airflow/example_dags/example_latest_only.py
[2025-08-29T06:46:59.065+0000] {processor.py:914} INFO - Processing file /home/airflow/.local/lib/python3.12/site-packages/airflow/example_dags/example_latest_only.py for tasks to queue
[2025-08-29T06:46:59.067+0000] {logging_mixin.py:190} INFO - [2025-08-29T06:46:59.067+0000] {dagbag.py:588} INFO - Filling up the DagBag from /home/airflow/.local/lib/python3.12/site-packages/airflow/example_dags/example_latest_only.py
[2025-08-29T06:46:59.074+0000] {processor.py:925} INFO - DAG(s) 'latest_only' retrieved from /home/airflow/.local/lib/python3.12/site-packages/airflow/example_dags/example_latest_only.py
[2025-08-29T06:46:59.165+0000] {logging_mixin.py:190} INFO - [2025-08-29T06:46:59.164+0000] {override.py:1930} INFO - Created Permission View: can read on DAG:latest_only
[2025-08-29T06:46:59.175+0000] {logging_mixin.py:190} INFO - [2025-08-29T06:46:59.175+0000] {override.py:1930} INFO - Created Permission View: can delete on DAG:latest_only
[2025-08-29T06:46:59.184+0000] {logging_mixin.py:190} INFO - [2025-08-29T06:46:59.184+0000] {override.py:1930} INFO - Created Permission View: can edit on DAG:latest_only
[2025-08-29T06:46:59.192+0000] {logging_mixin.py:190} INFO - [2025-08-29T06:46:59.192+0000] {override.py:1930} INFO - Created Permission View: menu access on DAG Run:latest_only
[2025-08-29T06:46:59.198+0000] {logging_mixin.py:190} INFO - [2025-08-29T06:46:59.198+0000] {override.py:1930} INFO - Created Permission View: can read on DAG Run:latest_only
[2025-08-29T06:46:59.204+0000] {logging_mixin.py:190} INFO - [2025-08-29T06:46:59.204+0000] {override.py:1930} INFO - Created Permission View: can delete on DAG Run:latest_only
[2025-08-29T06:46:59.211+0000] {logging_mixin.py:190} INFO - [2025-08-29T06:46:59.211+0000] {override.py:1930} INFO - Created Permission View: can create on DAG Run:latest_only
[2025-08-29T06:46:59.212+0000] {logging_mixin.py:190} INFO - [2025-08-29T06:46:59.212+0000] {dag.py:3239} INFO - Sync 1 DAGs
[2025-08-29T06:46:59.222+0000] {logging_mixin.py:190} INFO - [2025-08-29T06:46:59.222+0000] {dag.py:3262} INFO - Creating ORM DAG for latest_only
[2025-08-29T06:46:59.230+0000] {logging_mixin.py:190} INFO - [2025-08-29T06:46:59.230+0000] {dag.py:4180} INFO - Setting next_dagrun for latest_only to 2025-08-29 00:00:00+00:00, run_after=2025-08-29 04:00:00+00:00
[2025-08-29T06:46:59.247+0000] {processor.py:208} INFO - Processing /home/airflow/.local/lib/python3.12/site-packages/airflow/example_dags/example_latest_only.py took 0.189 seconds
[2025-08-29T06:47:29.789+0000] {processor.py:186} INFO - Started process (PID=153) to work on /home/airflow/.local/lib/python3.12/site-packages/airflow/example_dags/example_latest_only.py
[2025-08-29T06:47:29.790+0000] {processor.py:914} INFO - Processing file /home/airflow/.local/lib/python3.12/site-packages/airflow/example_dags/example_latest_only.py for tasks to queue
[2025-08-29T06:47:29.793+0000] {logging_mixin.py:190} INFO - [2025-08-29T06:47:29.792+0000] {dagbag.py:588} INFO - Filling up the DagBag from /home/airflow/.local/lib/python3.12/site-packages/airflow/example_dags/example_latest_only.py
[2025-08-29T06:47:29.799+0000] {processor.py:925} INFO - DAG(s) 'latest_only' retrieved from /home/airflow/.local/lib/python3.12/site-packages/airflow/example_dags/example_latest_only.py
[2025-08-29T06:47:29.813+0000] {logging_mixin.py:190} INFO - [2025-08-29T06:47:29.813+0000] {dag.py:3239} INFO - Sync 1 DAGs
[2025-08-29T06:47:29.830+0000] {logging_mixin.py:190} INFO - [2025-08-29T06:47:29.830+0000] {dag.py:4180} INFO - Setting next_dagrun for latest_only to 2025-08-29 00:00:00+00:00, run_after=2025-08-29 04:00:00+00:00
[2025-08-29T06:47:29.843+0000] {processor.py:208} INFO - Processing /home/airflow/.local/lib/python3.12/site-packages/airflow/example_dags/example_latest_only.py took 0.058 seconds
[2025-08-29T06:48:00.122+0000] {processor.py:186} INFO - Started process (PID=216) to work on /home/airflow/.local/lib/python3.12/site-packages/airflow/example_dags/example_latest_only.py
[2025-08-29T06:48:00.123+0000] {processor.py:914} INFO - Processing file /home/airflow/.local/lib/python3.12/site-packages/airflow/example_dags/example_latest_only.py for tasks to queue
[2025-08-29T06:48:00.125+0000] {logging_mixin.py:190} INFO - [2025-08-29T06:48:00.125+0000] {dagbag.py:588} INFO - Filling up the DagBag from /home/airflow/.local/lib/python3.12/site-packages/airflow/example_dags/example_latest_only.py
[2025-08-29T06:48:00.133+0000] {processor.py:925} INFO - DAG(s) 'latest_only' retrieved from /home/airflow/.local/lib/python3.12/site-packages/airflow/example_dags/example_latest_only.py
[2025-08-29T06:48:00.150+0000] {logging_mixin.py:190} INFO - [2025-08-29T06:48:00.150+0000] {dag.py:3239} INFO - Sync 1 DAGs
[2025-08-29T06:48:00.170+0000] {logging_mixin.py:190} INFO - [2025-08-29T06:48:00.169+0000] {dag.py:4180} INFO - Setting next_dagrun for latest_only to 2025-08-29 00:00:00+00:00, run_after=2025-08-29 04:00:00+00:00
[2025-08-29T06:48:00.184+0000] {processor.py:208} INFO - Processing /home/airflow/.local/lib/python3.12/site-packages/airflow/example_dags/example_latest_only.py took 0.067 seconds
