[2025-08-29T06:46:59.507+0000] {processor.py:186} INFO - Started process (PID=87) to work on /home/airflow/.local/lib/python3.12/site-packages/airflow/example_dags/example_latest_only_with_trigger.py
[2025-08-29T06:46:59.508+0000] {processor.py:914} INFO - Processing file /home/airflow/.local/lib/python3.12/site-packages/airflow/example_dags/example_latest_only_with_trigger.py for tasks to queue
[2025-08-29T06:46:59.509+0000] {logging_mixin.py:190} INFO - [2025-08-29T06:46:59.509+0000] {dagbag.py:588} INFO - Filling up the DagBag from /home/airflow/.local/lib/python3.12/site-packages/airflow/example_dags/example_latest_only_with_trigger.py
[2025-08-29T06:46:59.517+0000] {processor.py:925} INFO - DAG(s) 'latest_only_with_trigger' retrieved from /home/airflow/.local/lib/python3.12/site-packages/airflow/example_dags/example_latest_only_with_trigger.py
[2025-08-29T06:46:59.598+0000] {logging_mixin.py:190} INFO - [2025-08-29T06:46:59.597+0000] {override.py:1930} INFO - Created Permission View: can read on DAG:latest_only_with_trigger
[2025-08-29T06:46:59.605+0000] {logging_mixin.py:190} INFO - [2025-08-29T06:46:59.605+0000] {override.py:1930} INFO - Created Permission View: can delete on DAG:latest_only_with_trigger
[2025-08-29T06:46:59.610+0000] {logging_mixin.py:190} INFO - [2025-08-29T06:46:59.609+0000] {override.py:1930} INFO - Created Permission View: can edit on DAG:latest_only_with_trigger
[2025-08-29T06:46:59.615+0000] {logging_mixin.py:190} INFO - [2025-08-29T06:46:59.615+0000] {override.py:1930} INFO - Created Permission View: menu access on DAG Run:latest_only_with_trigger
[2025-08-29T06:46:59.619+0000] {logging_mixin.py:190} INFO - [2025-08-29T06:46:59.619+0000] {override.py:1930} INFO - Created Permission View: can read on DAG Run:latest_only_with_trigger
[2025-08-29T06:46:59.624+0000] {logging_mixin.py:190} INFO - [2025-08-29T06:46:59.624+0000] {override.py:1930} INFO - Created Permission View: can delete on DAG Run:latest_only_with_trigger
[2025-08-29T06:46:59.630+0000] {logging_mixin.py:190} INFO - [2025-08-29T06:46:59.630+0000] {override.py:1930} INFO - Created Permission View: can create on DAG Run:latest_only_with_trigger
[2025-08-29T06:46:59.631+0000] {logging_mixin.py:190} INFO - [2025-08-29T06:46:59.631+0000] {dag.py:3239} INFO - Sync 1 DAGs
[2025-08-29T06:46:59.645+0000] {logging_mixin.py:190} INFO - [2025-08-29T06:46:59.644+0000] {dag.py:3262} INFO - Creating ORM DAG for latest_only_with_trigger
[2025-08-29T06:46:59.653+0000] {logging_mixin.py:190} INFO - [2025-08-29T06:46:59.653+0000] {dag.py:4180} INFO - Setting next_dagrun for latest_only_with_trigger to 2025-08-29 00:00:00+00:00, run_after=2025-08-29 04:00:00+00:00
[2025-08-29T06:46:59.664+0000] {processor.py:208} INFO - Processing /home/airflow/.local/lib/python3.12/site-packages/airflow/example_dags/example_latest_only_with_trigger.py took 0.162 seconds
[2025-08-29T06:47:29.923+0000] {processor.py:186} INFO - Started process (PID=156) to work on /home/airflow/.local/lib/python3.12/site-packages/airflow/example_dags/example_latest_only_with_trigger.py
[2025-08-29T06:47:29.924+0000] {processor.py:914} INFO - Processing file /home/airflow/.local/lib/python3.12/site-packages/airflow/example_dags/example_latest_only_with_trigger.py for tasks to queue
[2025-08-29T06:47:29.927+0000] {logging_mixin.py:190} INFO - [2025-08-29T06:47:29.926+0000] {dagbag.py:588} INFO - Filling up the DagBag from /home/airflow/.local/lib/python3.12/site-packages/airflow/example_dags/example_latest_only_with_trigger.py
[2025-08-29T06:47:29.935+0000] {processor.py:925} INFO - DAG(s) 'latest_only_with_trigger' retrieved from /home/airflow/.local/lib/python3.12/site-packages/airflow/example_dags/example_latest_only_with_trigger.py
[2025-08-29T06:47:29.957+0000] {logging_mixin.py:190} INFO - [2025-08-29T06:47:29.957+0000] {dag.py:3239} INFO - Sync 1 DAGs
[2025-08-29T06:47:29.983+0000] {logging_mixin.py:190} INFO - [2025-08-29T06:47:29.983+0000] {dag.py:4180} INFO - Setting next_dagrun for latest_only_with_trigger to 2025-08-29 00:00:00+00:00, run_after=2025-08-29 04:00:00+00:00
[2025-08-29T06:47:29.998+0000] {processor.py:208} INFO - Processing /home/airflow/.local/lib/python3.12/site-packages/airflow/example_dags/example_latest_only_with_trigger.py took 0.081 seconds
[2025-08-29T06:48:00.207+0000] {processor.py:186} INFO - Started process (PID=218) to work on /home/airflow/.local/lib/python3.12/site-packages/airflow/example_dags/example_latest_only_with_trigger.py
[2025-08-29T06:48:00.208+0000] {processor.py:914} INFO - Processing file /home/airflow/.local/lib/python3.12/site-packages/airflow/example_dags/example_latest_only_with_trigger.py for tasks to queue
[2025-08-29T06:48:00.210+0000] {logging_mixin.py:190} INFO - [2025-08-29T06:48:00.209+0000] {dagbag.py:588} INFO - Filling up the DagBag from /home/airflow/.local/lib/python3.12/site-packages/airflow/example_dags/example_latest_only_with_trigger.py
[2025-08-29T06:48:00.217+0000] {processor.py:925} INFO - DAG(s) 'latest_only_with_trigger' retrieved from /home/airflow/.local/lib/python3.12/site-packages/airflow/example_dags/example_latest_only_with_trigger.py
[2025-08-29T06:48:00.233+0000] {logging_mixin.py:190} INFO - [2025-08-29T06:48:00.233+0000] {dag.py:3239} INFO - Sync 1 DAGs
[2025-08-29T06:48:00.253+0000] {logging_mixin.py:190} INFO - [2025-08-29T06:48:00.253+0000] {dag.py:4180} INFO - Setting next_dagrun for latest_only_with_trigger to 2025-08-29 00:00:00+00:00, run_after=2025-08-29 04:00:00+00:00
[2025-08-29T06:48:00.267+0000] {processor.py:208} INFO - Processing /home/airflow/.local/lib/python3.12/site-packages/airflow/example_dags/example_latest_only_with_trigger.py took 0.065 seconds
