[2025-08-29T06:46:59.282+0000] {processor.py:186} INFO - Started process (PID=86) to work on /home/airflow/.local/lib/python3.12/site-packages/airflow/example_dags/example_branch_python_dop_operator_3.py
[2025-08-29T06:46:59.283+0000] {processor.py:914} INFO - Processing file /home/airflow/.local/lib/python3.12/site-packages/airflow/example_dags/example_branch_python_dop_operator_3.py for tasks to queue
[2025-08-29T06:46:59.286+0000] {logging_mixin.py:190} INFO - [2025-08-29T06:46:59.286+0000] {dagbag.py:588} INFO - Filling up the DagBag from /home/airflow/.local/lib/python3.12/site-packages/airflow/example_dags/example_branch_python_dop_operator_3.py
[2025-08-29T06:46:59.300+0000] {processor.py:925} INFO - DAG(s) 'example_branch_dop_operator_v3' retrieved from /home/airflow/.local/lib/python3.12/site-packages/airflow/example_dags/example_branch_python_dop_operator_3.py
[2025-08-29T06:46:59.395+0000] {logging_mixin.py:190} INFO - [2025-08-29T06:46:59.394+0000] {override.py:1930} INFO - Created Permission View: can read on DAG:example_branch_dop_operator_v3
[2025-08-29T06:46:59.405+0000] {logging_mixin.py:190} INFO - [2025-08-29T06:46:59.405+0000] {override.py:1930} INFO - Created Permission View: can delete on DAG:example_branch_dop_operator_v3
[2025-08-29T06:46:59.412+0000] {logging_mixin.py:190} INFO - [2025-08-29T06:46:59.412+0000] {override.py:1930} INFO - Created Permission View: can edit on DAG:example_branch_dop_operator_v3
[2025-08-29T06:46:59.420+0000] {logging_mixin.py:190} INFO - [2025-08-29T06:46:59.420+0000] {override.py:1930} INFO - Created Permission View: menu access on DAG Run:example_branch_dop_operator_v3
[2025-08-29T06:46:59.427+0000] {logging_mixin.py:190} INFO - [2025-08-29T06:46:59.427+0000] {override.py:1930} INFO - Created Permission View: can read on DAG Run:example_branch_dop_operator_v3
[2025-08-29T06:46:59.433+0000] {logging_mixin.py:190} INFO - [2025-08-29T06:46:59.433+0000] {override.py:1930} INFO - Created Permission View: can delete on DAG Run:example_branch_dop_operator_v3
[2025-08-29T06:46:59.440+0000] {logging_mixin.py:190} INFO - [2025-08-29T06:46:59.440+0000] {override.py:1930} INFO - Created Permission View: can create on DAG Run:example_branch_dop_operator_v3
[2025-08-29T06:46:59.441+0000] {logging_mixin.py:190} INFO - [2025-08-29T06:46:59.441+0000] {dag.py:3239} INFO - Sync 1 DAGs
[2025-08-29T06:46:59.453+0000] {logging_mixin.py:190} INFO - [2025-08-29T06:46:59.453+0000] {dag.py:3262} INFO - Creating ORM DAG for example_branch_dop_operator_v3
[2025-08-29T06:46:59.464+0000] {logging_mixin.py:190} INFO - [2025-08-29T06:46:59.464+0000] {dag.py:4180} INFO - Setting next_dagrun for example_branch_dop_operator_v3 to 2025-08-29 06:45:00+00:00, run_after=2025-08-29 06:46:00+00:00
[2025-08-29T06:46:59.481+0000] {processor.py:208} INFO - Processing /home/airflow/.local/lib/python3.12/site-packages/airflow/example_dags/example_branch_python_dop_operator_3.py took 0.206 seconds
[2025-08-29T06:47:29.827+0000] {processor.py:186} INFO - Started process (PID=154) to work on /home/airflow/.local/lib/python3.12/site-packages/airflow/example_dags/example_branch_python_dop_operator_3.py
[2025-08-29T06:47:29.828+0000] {processor.py:914} INFO - Processing file /home/airflow/.local/lib/python3.12/site-packages/airflow/example_dags/example_branch_python_dop_operator_3.py for tasks to queue
[2025-08-29T06:47:29.830+0000] {logging_mixin.py:190} INFO - [2025-08-29T06:47:29.830+0000] {dagbag.py:588} INFO - Filling up the DagBag from /home/airflow/.local/lib/python3.12/site-packages/airflow/example_dags/example_branch_python_dop_operator_3.py
[2025-08-29T06:47:29.838+0000] {processor.py:925} INFO - DAG(s) 'example_branch_dop_operator_v3' retrieved from /home/airflow/.local/lib/python3.12/site-packages/airflow/example_dags/example_branch_python_dop_operator_3.py
[2025-08-29T06:47:29.853+0000] {logging_mixin.py:190} INFO - [2025-08-29T06:47:29.853+0000] {dag.py:3239} INFO - Sync 1 DAGs
[2025-08-29T06:47:29.879+0000] {logging_mixin.py:190} INFO - [2025-08-29T06:47:29.879+0000] {dag.py:4180} INFO - Setting next_dagrun for example_branch_dop_operator_v3 to 2025-08-29 06:46:00+00:00, run_after=2025-08-29 06:47:00+00:00
[2025-08-29T06:47:29.894+0000] {processor.py:208} INFO - Processing /home/airflow/.local/lib/python3.12/site-packages/airflow/example_dags/example_branch_python_dop_operator_3.py took 0.072 seconds
[2025-08-29T06:48:00.161+0000] {processor.py:186} INFO - Started process (PID=217) to work on /home/airflow/.local/lib/python3.12/site-packages/airflow/example_dags/example_branch_python_dop_operator_3.py
[2025-08-29T06:48:00.162+0000] {processor.py:914} INFO - Processing file /home/airflow/.local/lib/python3.12/site-packages/airflow/example_dags/example_branch_python_dop_operator_3.py for tasks to queue
[2025-08-29T06:48:00.164+0000] {logging_mixin.py:190} INFO - [2025-08-29T06:48:00.164+0000] {dagbag.py:588} INFO - Filling up the DagBag from /home/airflow/.local/lib/python3.12/site-packages/airflow/example_dags/example_branch_python_dop_operator_3.py
[2025-08-29T06:48:00.173+0000] {processor.py:925} INFO - DAG(s) 'example_branch_dop_operator_v3' retrieved from /home/airflow/.local/lib/python3.12/site-packages/airflow/example_dags/example_branch_python_dop_operator_3.py
[2025-08-29T06:48:00.189+0000] {logging_mixin.py:190} INFO - [2025-08-29T06:48:00.189+0000] {dag.py:3239} INFO - Sync 1 DAGs
[2025-08-29T06:48:00.210+0000] {logging_mixin.py:190} INFO - [2025-08-29T06:48:00.210+0000] {dag.py:4180} INFO - Setting next_dagrun for example_branch_dop_operator_v3 to 2025-08-29 06:47:00+00:00, run_after=2025-08-29 06:48:00+00:00
[2025-08-29T06:48:00.225+0000] {processor.py:208} INFO - Processing /home/airflow/.local/lib/python3.12/site-packages/airflow/example_dags/example_branch_python_dop_operator_3.py took 0.069 seconds
