[2025-08-29T06:46:58.498+0000] {processor.py:186} INFO - Started process (PID=81) to work on /home/airflow/.local/lib/python3.12/site-packages/airflow/example_dags/example_kubernetes_executor.py
[2025-08-29T06:46:58.499+0000] {processor.py:914} INFO - Processing file /home/airflow/.local/lib/python3.12/site-packages/airflow/example_dags/example_kubernetes_executor.py for tasks to queue
[2025-08-29T06:46:58.501+0000] {logging_mixin.py:190} INFO - [2025-08-29T06:46:58.500+0000] {dagbag.py:588} INFO - Filling up the DagBag from /home/airflow/.local/lib/python3.12/site-packages/airflow/example_dags/example_kubernetes_executor.py
[2025-08-29T06:46:58.513+0000] {processor.py:925} INFO - DAG(s) 'example_kubernetes_executor' retrieved from /home/airflow/.local/lib/python3.12/site-packages/airflow/example_dags/example_kubernetes_executor.py
[2025-08-29T06:46:58.603+0000] {logging_mixin.py:190} INFO - [2025-08-29T06:46:58.603+0000] {override.py:1930} INFO - Created Permission View: can read on DAG:example_kubernetes_executor
[2025-08-29T06:46:58.612+0000] {logging_mixin.py:190} INFO - [2025-08-29T06:46:58.612+0000] {override.py:1930} INFO - Created Permission View: can delete on DAG:example_kubernetes_executor
[2025-08-29T06:46:58.617+0000] {logging_mixin.py:190} INFO - [2025-08-29T06:46:58.617+0000] {override.py:1930} INFO - Created Permission View: can edit on DAG:example_kubernetes_executor
[2025-08-29T06:46:58.623+0000] {logging_mixin.py:190} INFO - [2025-08-29T06:46:58.623+0000] {override.py:1930} INFO - Created Permission View: menu access on DAG Run:example_kubernetes_executor
[2025-08-29T06:46:58.628+0000] {logging_mixin.py:190} INFO - [2025-08-29T06:46:58.628+0000] {override.py:1930} INFO - Created Permission View: can read on DAG Run:example_kubernetes_executor
[2025-08-29T06:46:58.633+0000] {logging_mixin.py:190} INFO - [2025-08-29T06:46:58.633+0000] {override.py:1930} INFO - Created Permission View: can delete on DAG Run:example_kubernetes_executor
[2025-08-29T06:46:58.638+0000] {logging_mixin.py:190} INFO - [2025-08-29T06:46:58.638+0000] {override.py:1930} INFO - Created Permission View: can create on DAG Run:example_kubernetes_executor
[2025-08-29T06:46:58.639+0000] {logging_mixin.py:190} INFO - [2025-08-29T06:46:58.638+0000] {dag.py:3239} INFO - Sync 1 DAGs
[2025-08-29T06:46:58.651+0000] {logging_mixin.py:190} INFO - [2025-08-29T06:46:58.651+0000] {dag.py:3262} INFO - Creating ORM DAG for example_kubernetes_executor
[2025-08-29T06:46:58.652+0000] {logging_mixin.py:190} INFO - [2025-08-29T06:46:58.652+0000] {dag.py:4180} INFO - Setting next_dagrun for example_kubernetes_executor to None, run_after=None
[2025-08-29T06:46:58.668+0000] {processor.py:208} INFO - Processing /home/airflow/.local/lib/python3.12/site-packages/airflow/example_dags/example_kubernetes_executor.py took 0.175 seconds
[2025-08-29T06:47:29.576+0000] {processor.py:186} INFO - Started process (PID=150) to work on /home/airflow/.local/lib/python3.12/site-packages/airflow/example_dags/example_kubernetes_executor.py
[2025-08-29T06:47:29.577+0000] {processor.py:914} INFO - Processing file /home/airflow/.local/lib/python3.12/site-packages/airflow/example_dags/example_kubernetes_executor.py for tasks to queue
[2025-08-29T06:47:29.579+0000] {logging_mixin.py:190} INFO - [2025-08-29T06:47:29.579+0000] {dagbag.py:588} INFO - Filling up the DagBag from /home/airflow/.local/lib/python3.12/site-packages/airflow/example_dags/example_kubernetes_executor.py
[2025-08-29T06:47:29.590+0000] {processor.py:925} INFO - DAG(s) 'example_kubernetes_executor' retrieved from /home/airflow/.local/lib/python3.12/site-packages/airflow/example_dags/example_kubernetes_executor.py
[2025-08-29T06:47:29.609+0000] {logging_mixin.py:190} INFO - [2025-08-29T06:47:29.609+0000] {dag.py:3239} INFO - Sync 1 DAGs
[2025-08-29T06:47:29.619+0000] {logging_mixin.py:190} INFO - [2025-08-29T06:47:29.619+0000] {dag.py:4180} INFO - Setting next_dagrun for example_kubernetes_executor to None, run_after=None
[2025-08-29T06:47:29.634+0000] {processor.py:208} INFO - Processing /home/airflow/.local/lib/python3.12/site-packages/airflow/example_dags/example_kubernetes_executor.py took 0.063 seconds
[2025-08-29T06:47:59.877+0000] {processor.py:186} INFO - Started process (PID=213) to work on /home/airflow/.local/lib/python3.12/site-packages/airflow/example_dags/example_kubernetes_executor.py
[2025-08-29T06:47:59.878+0000] {processor.py:914} INFO - Processing file /home/airflow/.local/lib/python3.12/site-packages/airflow/example_dags/example_kubernetes_executor.py for tasks to queue
[2025-08-29T06:47:59.880+0000] {logging_mixin.py:190} INFO - [2025-08-29T06:47:59.880+0000] {dagbag.py:588} INFO - Filling up the DagBag from /home/airflow/.local/lib/python3.12/site-packages/airflow/example_dags/example_kubernetes_executor.py
[2025-08-29T06:47:59.892+0000] {processor.py:925} INFO - DAG(s) 'example_kubernetes_executor' retrieved from /home/airflow/.local/lib/python3.12/site-packages/airflow/example_dags/example_kubernetes_executor.py
[2025-08-29T06:47:59.911+0000] {logging_mixin.py:190} INFO - [2025-08-29T06:47:59.910+0000] {dag.py:3239} INFO - Sync 1 DAGs
[2025-08-29T06:47:59.921+0000] {logging_mixin.py:190} INFO - [2025-08-29T06:47:59.921+0000] {dag.py:4180} INFO - Setting next_dagrun for example_kubernetes_executor to None, run_after=None
[2025-08-29T06:47:59.936+0000] {processor.py:208} INFO - Processing /home/airflow/.local/lib/python3.12/site-packages/airflow/example_dags/example_kubernetes_executor.py took 0.064 seconds
