[2025-08-29T06:46:57.299+0000] {processor.py:186} INFO - Started process (PID=73) to work on /home/airflow/.local/lib/python3.12/site-packages/airflow/example_dags/example_bash_decorator.py
[2025-08-29T06:46:57.300+0000] {processor.py:914} INFO - Processing file /home/airflow/.local/lib/python3.12/site-packages/airflow/example_dags/example_bash_decorator.py for tasks to queue
[2025-08-29T06:46:57.302+0000] {logging_mixin.py:190} INFO - [2025-08-29T06:46:57.301+0000] {dagbag.py:588} INFO - Filling up the DagBag from /home/airflow/.local/lib/python3.12/site-packages/airflow/example_dags/example_bash_decorator.py
[2025-08-29T06:46:57.328+0000] {processor.py:925} INFO - DAG(s) 'example_bash_decorator' retrieved from /home/airflow/.local/lib/python3.12/site-packages/airflow/example_dags/example_bash_decorator.py
[2025-08-29T06:46:57.416+0000] {logging_mixin.py:190} INFO - [2025-08-29T06:46:57.415+0000] {override.py:1930} INFO - Created Permission View: can read on DAG:example_bash_decorator
[2025-08-29T06:46:57.423+0000] {logging_mixin.py:190} INFO - [2025-08-29T06:46:57.423+0000] {override.py:1930} INFO - Created Permission View: can delete on DAG:example_bash_decorator
[2025-08-29T06:46:57.429+0000] {logging_mixin.py:190} INFO - [2025-08-29T06:46:57.429+0000] {override.py:1930} INFO - Created Permission View: can edit on DAG:example_bash_decorator
[2025-08-29T06:46:57.435+0000] {logging_mixin.py:190} INFO - [2025-08-29T06:46:57.435+0000] {override.py:1930} INFO - Created Permission View: menu access on DAG Run:example_bash_decorator
[2025-08-29T06:46:57.440+0000] {logging_mixin.py:190} INFO - [2025-08-29T06:46:57.439+0000] {override.py:1930} INFO - Created Permission View: can read on DAG Run:example_bash_decorator
[2025-08-29T06:46:57.446+0000] {logging_mixin.py:190} INFO - [2025-08-29T06:46:57.446+0000] {override.py:1930} INFO - Created Permission View: can delete on DAG Run:example_bash_decorator
[2025-08-29T06:46:57.452+0000] {logging_mixin.py:190} INFO - [2025-08-29T06:46:57.452+0000] {override.py:1930} INFO - Created Permission View: can create on DAG Run:example_bash_decorator
[2025-08-29T06:46:57.453+0000] {logging_mixin.py:190} INFO - [2025-08-29T06:46:57.453+0000] {dag.py:3239} INFO - Sync 1 DAGs
[2025-08-29T06:46:57.466+0000] {logging_mixin.py:190} INFO - [2025-08-29T06:46:57.465+0000] {dag.py:3262} INFO - Creating ORM DAG for example_bash_decorator
[2025-08-29T06:46:57.467+0000] {logging_mixin.py:190} INFO - [2025-08-29T06:46:57.466+0000] {dag.py:4180} INFO - Setting next_dagrun for example_bash_decorator to None, run_after=None
[2025-08-29T06:46:57.479+0000] {processor.py:208} INFO - Processing /home/airflow/.local/lib/python3.12/site-packages/airflow/example_dags/example_bash_decorator.py took 0.186 seconds
[2025-08-29T06:47:27.887+0000] {processor.py:186} INFO - Started process (PID=135) to work on /home/airflow/.local/lib/python3.12/site-packages/airflow/example_dags/example_bash_decorator.py
[2025-08-29T06:47:27.888+0000] {processor.py:914} INFO - Processing file /home/airflow/.local/lib/python3.12/site-packages/airflow/example_dags/example_bash_decorator.py for tasks to queue
[2025-08-29T06:47:27.890+0000] {logging_mixin.py:190} INFO - [2025-08-29T06:47:27.889+0000] {dagbag.py:588} INFO - Filling up the DagBag from /home/airflow/.local/lib/python3.12/site-packages/airflow/example_dags/example_bash_decorator.py
[2025-08-29T06:47:27.901+0000] {processor.py:925} INFO - DAG(s) 'example_bash_decorator' retrieved from /home/airflow/.local/lib/python3.12/site-packages/airflow/example_dags/example_bash_decorator.py
[2025-08-29T06:47:27.916+0000] {logging_mixin.py:190} INFO - [2025-08-29T06:47:27.916+0000] {dag.py:3239} INFO - Sync 1 DAGs
[2025-08-29T06:47:27.925+0000] {logging_mixin.py:190} INFO - [2025-08-29T06:47:27.925+0000] {dag.py:4180} INFO - Setting next_dagrun for example_bash_decorator to None, run_after=None
[2025-08-29T06:47:27.936+0000] {processor.py:208} INFO - Processing /home/airflow/.local/lib/python3.12/site-packages/airflow/example_dags/example_bash_decorator.py took 0.053 seconds
[2025-08-29T06:47:57.995+0000] {processor.py:186} INFO - Started process (PID=198) to work on /home/airflow/.local/lib/python3.12/site-packages/airflow/example_dags/example_bash_decorator.py
[2025-08-29T06:47:57.996+0000] {processor.py:914} INFO - Processing file /home/airflow/.local/lib/python3.12/site-packages/airflow/example_dags/example_bash_decorator.py for tasks to queue
[2025-08-29T06:47:57.998+0000] {logging_mixin.py:190} INFO - [2025-08-29T06:47:57.997+0000] {dagbag.py:588} INFO - Filling up the DagBag from /home/airflow/.local/lib/python3.12/site-packages/airflow/example_dags/example_bash_decorator.py
[2025-08-29T06:47:58.009+0000] {processor.py:925} INFO - DAG(s) 'example_bash_decorator' retrieved from /home/airflow/.local/lib/python3.12/site-packages/airflow/example_dags/example_bash_decorator.py
[2025-08-29T06:47:58.028+0000] {logging_mixin.py:190} INFO - [2025-08-29T06:47:58.027+0000] {dag.py:3239} INFO - Sync 1 DAGs
[2025-08-29T06:47:58.039+0000] {logging_mixin.py:190} INFO - [2025-08-29T06:47:58.038+0000] {dag.py:4180} INFO - Setting next_dagrun for example_bash_decorator to None, run_after=None
[2025-08-29T06:47:58.057+0000] {processor.py:208} INFO - Processing /home/airflow/.local/lib/python3.12/site-packages/airflow/example_dags/example_bash_decorator.py took 0.066 seconds
