[2025-08-29T06:46:56.664+0000] {processor.py:186} INFO - Started process (PID=68) to work on /home/airflow/.local/lib/python3.12/site-packages/airflow/example_dags/example_xcom.py
[2025-08-29T06:46:56.665+0000] {processor.py:914} INFO - Processing file /home/airflow/.local/lib/python3.12/site-packages/airflow/example_dags/example_xcom.py for tasks to queue
[2025-08-29T06:46:56.667+0000] {logging_mixin.py:190} INFO - [2025-08-29T06:46:56.667+0000] {dagbag.py:588} INFO - Filling up the DagBag from /home/airflow/.local/lib/python3.12/site-packages/airflow/example_dags/example_xcom.py
[2025-08-29T06:46:56.677+0000] {processor.py:925} INFO - DAG(s) 'example_xcom' retrieved from /home/airflow/.local/lib/python3.12/site-packages/airflow/example_dags/example_xcom.py
[2025-08-29T06:46:56.759+0000] {logging_mixin.py:190} INFO - [2025-08-29T06:46:56.758+0000] {override.py:1930} INFO - Created Permission View: can read on DAG:example_xcom
[2025-08-29T06:46:56.767+0000] {logging_mixin.py:190} INFO - [2025-08-29T06:46:56.767+0000] {override.py:1930} INFO - Created Permission View: can delete on DAG:example_xcom
[2025-08-29T06:46:56.775+0000] {logging_mixin.py:190} INFO - [2025-08-29T06:46:56.775+0000] {override.py:1930} INFO - Created Permission View: can edit on DAG:example_xcom
[2025-08-29T06:46:56.784+0000] {logging_mixin.py:190} INFO - [2025-08-29T06:46:56.783+0000] {override.py:1930} INFO - Created Permission View: menu access on DAG Run:example_xcom
[2025-08-29T06:46:56.791+0000] {logging_mixin.py:190} INFO - [2025-08-29T06:46:56.791+0000] {override.py:1930} INFO - Created Permission View: can read on DAG Run:example_xcom
[2025-08-29T06:46:56.797+0000] {logging_mixin.py:190} INFO - [2025-08-29T06:46:56.796+0000] {override.py:1930} INFO - Created Permission View: can delete on DAG Run:example_xcom
[2025-08-29T06:46:56.803+0000] {logging_mixin.py:190} INFO - [2025-08-29T06:46:56.802+0000] {override.py:1930} INFO - Created Permission View: can create on DAG Run:example_xcom
[2025-08-29T06:46:56.803+0000] {logging_mixin.py:190} INFO - [2025-08-29T06:46:56.803+0000] {dag.py:3239} INFO - Sync 1 DAGs
[2025-08-29T06:46:56.814+0000] {logging_mixin.py:190} INFO - [2025-08-29T06:46:56.814+0000] {dag.py:3262} INFO - Creating ORM DAG for example_xcom
[2025-08-29T06:46:56.823+0000] {logging_mixin.py:190} INFO - [2025-08-29T06:46:56.823+0000] {dag.py:4180} INFO - Setting next_dagrun for example_xcom to 2021-01-01 00:00:00+00:00, run_after=2021-01-01 00:00:00+00:00
[2025-08-29T06:46:56.836+0000] {processor.py:208} INFO - Processing /home/airflow/.local/lib/python3.12/site-packages/airflow/example_dags/example_xcom.py took 0.177 seconds
[2025-08-29T06:47:27.572+0000] {processor.py:186} INFO - Started process (PID=131) to work on /home/airflow/.local/lib/python3.12/site-packages/airflow/example_dags/example_xcom.py
[2025-08-29T06:47:27.573+0000] {processor.py:914} INFO - Processing file /home/airflow/.local/lib/python3.12/site-packages/airflow/example_dags/example_xcom.py for tasks to queue
[2025-08-29T06:47:27.574+0000] {logging_mixin.py:190} INFO - [2025-08-29T06:47:27.574+0000] {dagbag.py:588} INFO - Filling up the DagBag from /home/airflow/.local/lib/python3.12/site-packages/airflow/example_dags/example_xcom.py
[2025-08-29T06:47:27.581+0000] {processor.py:925} INFO - DAG(s) 'example_xcom' retrieved from /home/airflow/.local/lib/python3.12/site-packages/airflow/example_dags/example_xcom.py
[2025-08-29T06:47:27.597+0000] {logging_mixin.py:190} INFO - [2025-08-29T06:47:27.597+0000] {dag.py:3239} INFO - Sync 1 DAGs
[2025-08-29T06:47:27.612+0000] {logging_mixin.py:190} INFO - [2025-08-29T06:47:27.612+0000] {dag.py:4180} INFO - Setting next_dagrun for example_xcom to 2021-01-01 00:00:00+00:00, run_after=2021-01-01 00:00:00+00:00
[2025-08-29T06:47:27.624+0000] {processor.py:208} INFO - Processing /home/airflow/.local/lib/python3.12/site-packages/airflow/example_dags/example_xcom.py took 0.056 seconds
[2025-08-29T06:47:57.745+0000] {processor.py:186} INFO - Started process (PID=193) to work on /home/airflow/.local/lib/python3.12/site-packages/airflow/example_dags/example_xcom.py
[2025-08-29T06:47:57.745+0000] {processor.py:914} INFO - Processing file /home/airflow/.local/lib/python3.12/site-packages/airflow/example_dags/example_xcom.py for tasks to queue
[2025-08-29T06:47:57.748+0000] {logging_mixin.py:190} INFO - [2025-08-29T06:47:57.747+0000] {dagbag.py:588} INFO - Filling up the DagBag from /home/airflow/.local/lib/python3.12/site-packages/airflow/example_dags/example_xcom.py
[2025-08-29T06:47:57.755+0000] {processor.py:925} INFO - DAG(s) 'example_xcom' retrieved from /home/airflow/.local/lib/python3.12/site-packages/airflow/example_dags/example_xcom.py
[2025-08-29T06:47:57.771+0000] {logging_mixin.py:190} INFO - [2025-08-29T06:47:57.771+0000] {dag.py:3239} INFO - Sync 1 DAGs
[2025-08-29T06:47:57.787+0000] {logging_mixin.py:190} INFO - [2025-08-29T06:47:57.786+0000] {dag.py:4180} INFO - Setting next_dagrun for example_xcom to 2021-01-01 00:00:00+00:00, run_after=2021-01-01 00:00:00+00:00
[2025-08-29T06:47:57.799+0000] {processor.py:208} INFO - Processing /home/airflow/.local/lib/python3.12/site-packages/airflow/example_dags/example_xcom.py took 0.059 seconds
