[2025-08-29T06:46:59.742+0000] {processor.py:186} INFO - Started process (PID=95) to work on /home/airflow/.local/lib/python3.12/site-packages/airflow/example_dags/example_sla_dag.py
[2025-08-29T06:46:59.743+0000] {processor.py:914} INFO - Processing file /home/airflow/.local/lib/python3.12/site-packages/airflow/example_dags/example_sla_dag.py for tasks to queue
[2025-08-29T06:46:59.746+0000] {logging_mixin.py:190} INFO - [2025-08-29T06:46:59.746+0000] {dagbag.py:588} INFO - Filling up the DagBag from /home/airflow/.local/lib/python3.12/site-packages/airflow/example_dags/example_sla_dag.py
[2025-08-29T06:46:59.756+0000] {processor.py:925} INFO - DAG(s) 'example_sla_dag' retrieved from /home/airflow/.local/lib/python3.12/site-packages/airflow/example_dags/example_sla_dag.py
[2025-08-29T06:46:59.858+0000] {logging_mixin.py:190} INFO - [2025-08-29T06:46:59.858+0000] {override.py:1930} INFO - Created Permission View: can read on DAG:example_sla_dag
[2025-08-29T06:46:59.870+0000] {logging_mixin.py:190} INFO - [2025-08-29T06:46:59.870+0000] {override.py:1930} INFO - Created Permission View: can delete on DAG:example_sla_dag
[2025-08-29T06:46:59.879+0000] {logging_mixin.py:190} INFO - [2025-08-29T06:46:59.878+0000] {override.py:1930} INFO - Created Permission View: can edit on DAG:example_sla_dag
[2025-08-29T06:46:59.886+0000] {logging_mixin.py:190} INFO - [2025-08-29T06:46:59.885+0000] {override.py:1930} INFO - Created Permission View: menu access on DAG Run:example_sla_dag
[2025-08-29T06:46:59.892+0000] {logging_mixin.py:190} INFO - [2025-08-29T06:46:59.892+0000] {override.py:1930} INFO - Created Permission View: can read on DAG Run:example_sla_dag
[2025-08-29T06:46:59.897+0000] {logging_mixin.py:190} INFO - [2025-08-29T06:46:59.897+0000] {override.py:1930} INFO - Created Permission View: can delete on DAG Run:example_sla_dag
[2025-08-29T06:46:59.904+0000] {logging_mixin.py:190} INFO - [2025-08-29T06:46:59.903+0000] {override.py:1930} INFO - Created Permission View: can create on DAG Run:example_sla_dag
[2025-08-29T06:46:59.905+0000] {logging_mixin.py:190} INFO - [2025-08-29T06:46:59.904+0000] {dag.py:3239} INFO - Sync 1 DAGs
[2025-08-29T06:46:59.920+0000] {logging_mixin.py:190} INFO - [2025-08-29T06:46:59.919+0000] {dag.py:3262} INFO - Creating ORM DAG for example_sla_dag
[2025-08-29T06:46:59.932+0000] {logging_mixin.py:190} INFO - [2025-08-29T06:46:59.932+0000] {dag.py:4180} INFO - Setting next_dagrun for example_sla_dag to 2025-08-29 06:44:00+00:00, run_after=2025-08-29 06:46:00+00:00
[2025-08-29T06:46:59.949+0000] {processor.py:208} INFO - Processing /home/airflow/.local/lib/python3.12/site-packages/airflow/example_dags/example_sla_dag.py took 0.214 seconds
[2025-08-29T06:47:30.136+0000] {processor.py:186} INFO - Started process (PID=158) to work on /home/airflow/.local/lib/python3.12/site-packages/airflow/example_dags/example_sla_dag.py
[2025-08-29T06:47:30.137+0000] {processor.py:914} INFO - Processing file /home/airflow/.local/lib/python3.12/site-packages/airflow/example_dags/example_sla_dag.py for tasks to queue
[2025-08-29T06:47:30.139+0000] {logging_mixin.py:190} INFO - [2025-08-29T06:47:30.139+0000] {dagbag.py:588} INFO - Filling up the DagBag from /home/airflow/.local/lib/python3.12/site-packages/airflow/example_dags/example_sla_dag.py
[2025-08-29T06:47:30.150+0000] {processor.py:925} INFO - DAG(s) 'example_sla_dag' retrieved from /home/airflow/.local/lib/python3.12/site-packages/airflow/example_dags/example_sla_dag.py
[2025-08-29T06:47:30.170+0000] {logging_mixin.py:190} INFO - [2025-08-29T06:47:30.170+0000] {dag.py:3239} INFO - Sync 1 DAGs
[2025-08-29T06:47:30.199+0000] {logging_mixin.py:190} INFO - [2025-08-29T06:47:30.199+0000] {dag.py:4180} INFO - Setting next_dagrun for example_sla_dag to 2025-08-29 06:44:00+00:00, run_after=2025-08-29 06:46:00+00:00
[2025-08-29T06:47:30.214+0000] {processor.py:208} INFO - Processing /home/airflow/.local/lib/python3.12/site-packages/airflow/example_dags/example_sla_dag.py took 0.084 seconds
[2025-08-29T06:48:00.292+0000] {processor.py:186} INFO - Started process (PID=220) to work on /home/airflow/.local/lib/python3.12/site-packages/airflow/example_dags/example_sla_dag.py
[2025-08-29T06:48:00.293+0000] {processor.py:914} INFO - Processing file /home/airflow/.local/lib/python3.12/site-packages/airflow/example_dags/example_sla_dag.py for tasks to queue
[2025-08-29T06:48:00.296+0000] {logging_mixin.py:190} INFO - [2025-08-29T06:48:00.296+0000] {dagbag.py:588} INFO - Filling up the DagBag from /home/airflow/.local/lib/python3.12/site-packages/airflow/example_dags/example_sla_dag.py
[2025-08-29T06:48:00.304+0000] {processor.py:925} INFO - DAG(s) 'example_sla_dag' retrieved from /home/airflow/.local/lib/python3.12/site-packages/airflow/example_dags/example_sla_dag.py
[2025-08-29T06:48:00.319+0000] {logging_mixin.py:190} INFO - [2025-08-29T06:48:00.319+0000] {dag.py:3239} INFO - Sync 1 DAGs
[2025-08-29T06:48:00.340+0000] {logging_mixin.py:190} INFO - [2025-08-29T06:48:00.340+0000] {dag.py:4180} INFO - Setting next_dagrun for example_sla_dag to 2025-08-29 06:46:00+00:00, run_after=2025-08-29 06:48:00+00:00
[2025-08-29T06:48:00.355+0000] {processor.py:208} INFO - Processing /home/airflow/.local/lib/python3.12/site-packages/airflow/example_dags/example_sla_dag.py took 0.068 seconds
