[2025-08-29T06:46:58.905+0000] {processor.py:186} INFO - Started process (PID=84) to work on /home/airflow/.local/lib/python3.12/site-packages/airflow/example_dags/example_dataset_alias_with_no_taskflow.py
[2025-08-29T06:46:58.906+0000] {processor.py:914} INFO - Processing file /home/airflow/.local/lib/python3.12/site-packages/airflow/example_dags/example_dataset_alias_with_no_taskflow.py for tasks to queue
[2025-08-29T06:46:58.908+0000] {logging_mixin.py:190} INFO - [2025-08-29T06:46:58.908+0000] {dagbag.py:588} INFO - Filling up the DagBag from /home/airflow/.local/lib/python3.12/site-packages/airflow/example_dags/example_dataset_alias_with_no_taskflow.py
[2025-08-29T06:46:59.415+0000] {processor.py:925} INFO - DAG(s) 'dataset_s3_bucket_producer_with_no_taskflow', 'dataset_s3_bucket_consumer_with_no_taskflow', 'dataset_alias_example_alias_producer_with_no_taskflow', 'dataset_alias_example_alias_consumer_with_no_taskflow' retrieved from /home/airflow/.local/lib/python3.12/site-packages/airflow/example_dags/example_dataset_alias_with_no_taskflow.py
[2025-08-29T06:46:59.492+0000] {logging_mixin.py:190} INFO - [2025-08-29T06:46:59.491+0000] {override.py:1930} INFO - Created Permission View: can read on DAG:dataset_s3_bucket_producer_with_no_taskflow
[2025-08-29T06:46:59.499+0000] {logging_mixin.py:190} INFO - [2025-08-29T06:46:59.499+0000] {override.py:1930} INFO - Created Permission View: can delete on DAG:dataset_s3_bucket_producer_with_no_taskflow
[2025-08-29T06:46:59.504+0000] {logging_mixin.py:190} INFO - [2025-08-29T06:46:59.504+0000] {override.py:1930} INFO - Created Permission View: can edit on DAG:dataset_s3_bucket_producer_with_no_taskflow
[2025-08-29T06:46:59.510+0000] {logging_mixin.py:190} INFO - [2025-08-29T06:46:59.510+0000] {override.py:1930} INFO - Created Permission View: menu access on DAG Run:dataset_s3_bucket_producer_with_no_taskflow
[2025-08-29T06:46:59.515+0000] {logging_mixin.py:190} INFO - [2025-08-29T06:46:59.514+0000] {override.py:1930} INFO - Created Permission View: can read on DAG Run:dataset_s3_bucket_producer_with_no_taskflow
[2025-08-29T06:46:59.519+0000] {logging_mixin.py:190} INFO - [2025-08-29T06:46:59.519+0000] {override.py:1930} INFO - Created Permission View: can delete on DAG Run:dataset_s3_bucket_producer_with_no_taskflow
[2025-08-29T06:46:59.524+0000] {logging_mixin.py:190} INFO - [2025-08-29T06:46:59.524+0000] {override.py:1930} INFO - Created Permission View: can create on DAG Run:dataset_s3_bucket_producer_with_no_taskflow
[2025-08-29T06:46:59.534+0000] {logging_mixin.py:190} INFO - [2025-08-29T06:46:59.534+0000] {override.py:1930} INFO - Created Permission View: can read on DAG:dataset_s3_bucket_consumer_with_no_taskflow
[2025-08-29T06:46:59.541+0000] {logging_mixin.py:190} INFO - [2025-08-29T06:46:59.541+0000] {override.py:1930} INFO - Created Permission View: can delete on DAG:dataset_s3_bucket_consumer_with_no_taskflow
[2025-08-29T06:46:59.546+0000] {logging_mixin.py:190} INFO - [2025-08-29T06:46:59.546+0000] {override.py:1930} INFO - Created Permission View: can edit on DAG:dataset_s3_bucket_consumer_with_no_taskflow
[2025-08-29T06:46:59.554+0000] {logging_mixin.py:190} INFO - [2025-08-29T06:46:59.553+0000] {override.py:1930} INFO - Created Permission View: menu access on DAG Run:dataset_s3_bucket_consumer_with_no_taskflow
[2025-08-29T06:46:59.560+0000] {logging_mixin.py:190} INFO - [2025-08-29T06:46:59.560+0000] {override.py:1930} INFO - Created Permission View: can read on DAG Run:dataset_s3_bucket_consumer_with_no_taskflow
[2025-08-29T06:46:59.565+0000] {logging_mixin.py:190} INFO - [2025-08-29T06:46:59.565+0000] {override.py:1930} INFO - Created Permission View: can delete on DAG Run:dataset_s3_bucket_consumer_with_no_taskflow
[2025-08-29T06:46:59.570+0000] {logging_mixin.py:190} INFO - [2025-08-29T06:46:59.570+0000] {override.py:1930} INFO - Created Permission View: can create on DAG Run:dataset_s3_bucket_consumer_with_no_taskflow
[2025-08-29T06:46:59.579+0000] {logging_mixin.py:190} INFO - [2025-08-29T06:46:59.579+0000] {override.py:1930} INFO - Created Permission View: can read on DAG:dataset_alias_example_alias_producer_with_no_taskflow
[2025-08-29T06:46:59.583+0000] {logging_mixin.py:190} INFO - [2025-08-29T06:46:59.583+0000] {override.py:1930} INFO - Created Permission View: can delete on DAG:dataset_alias_example_alias_producer_with_no_taskflow
[2025-08-29T06:46:59.588+0000] {logging_mixin.py:190} INFO - [2025-08-29T06:46:59.588+0000] {override.py:1930} INFO - Created Permission View: can edit on DAG:dataset_alias_example_alias_producer_with_no_taskflow
[2025-08-29T06:46:59.593+0000] {logging_mixin.py:190} INFO - [2025-08-29T06:46:59.593+0000] {override.py:1930} INFO - Created Permission View: menu access on DAG Run:dataset_alias_example_alias_producer_with_no_taskflow
[2025-08-29T06:46:59.598+0000] {logging_mixin.py:190} INFO - [2025-08-29T06:46:59.598+0000] {override.py:1930} INFO - Created Permission View: can read on DAG Run:dataset_alias_example_alias_producer_with_no_taskflow
[2025-08-29T06:46:59.603+0000] {logging_mixin.py:190} INFO - [2025-08-29T06:46:59.602+0000] {override.py:1930} INFO - Created Permission View: can delete on DAG Run:dataset_alias_example_alias_producer_with_no_taskflow
[2025-08-29T06:46:59.607+0000] {logging_mixin.py:190} INFO - [2025-08-29T06:46:59.607+0000] {override.py:1930} INFO - Created Permission View: can create on DAG Run:dataset_alias_example_alias_producer_with_no_taskflow
[2025-08-29T06:46:59.616+0000] {logging_mixin.py:190} INFO - [2025-08-29T06:46:59.616+0000] {override.py:1930} INFO - Created Permission View: can read on DAG:dataset_alias_example_alias_consumer_with_no_taskflow
[2025-08-29T06:46:59.621+0000] {logging_mixin.py:190} INFO - [2025-08-29T06:46:59.621+0000] {override.py:1930} INFO - Created Permission View: can delete on DAG:dataset_alias_example_alias_consumer_with_no_taskflow
[2025-08-29T06:46:59.626+0000] {logging_mixin.py:190} INFO - [2025-08-29T06:46:59.625+0000] {override.py:1930} INFO - Created Permission View: can edit on DAG:dataset_alias_example_alias_consumer_with_no_taskflow
[2025-08-29T06:46:59.635+0000] {logging_mixin.py:190} INFO - [2025-08-29T06:46:59.635+0000] {override.py:1930} INFO - Created Permission View: menu access on DAG Run:dataset_alias_example_alias_consumer_with_no_taskflow
[2025-08-29T06:46:59.642+0000] {logging_mixin.py:190} INFO - [2025-08-29T06:46:59.641+0000] {override.py:1930} INFO - Created Permission View: can read on DAG Run:dataset_alias_example_alias_consumer_with_no_taskflow
[2025-08-29T06:46:59.647+0000] {logging_mixin.py:190} INFO - [2025-08-29T06:46:59.647+0000] {override.py:1930} INFO - Created Permission View: can delete on DAG Run:dataset_alias_example_alias_consumer_with_no_taskflow
[2025-08-29T06:46:59.653+0000] {logging_mixin.py:190} INFO - [2025-08-29T06:46:59.653+0000] {override.py:1930} INFO - Created Permission View: can create on DAG Run:dataset_alias_example_alias_consumer_with_no_taskflow
[2025-08-29T06:46:59.654+0000] {logging_mixin.py:190} INFO - [2025-08-29T06:46:59.653+0000] {dag.py:3239} INFO - Sync 4 DAGs
[2025-08-29T06:46:59.662+0000] {logging_mixin.py:190} INFO - [2025-08-29T06:46:59.661+0000] {dag.py:3262} INFO - Creating ORM DAG for dataset_alias_example_alias_producer_with_no_taskflow
[2025-08-29T06:46:59.662+0000] {logging_mixin.py:190} INFO - [2025-08-29T06:46:59.662+0000] {dag.py:3262} INFO - Creating ORM DAG for dataset_s3_bucket_producer_with_no_taskflow
[2025-08-29T06:46:59.663+0000] {logging_mixin.py:190} INFO - [2025-08-29T06:46:59.663+0000] {dag.py:3262} INFO - Creating ORM DAG for dataset_s3_bucket_consumer_with_no_taskflow
[2025-08-29T06:46:59.663+0000] {logging_mixin.py:190} INFO - [2025-08-29T06:46:59.663+0000] {dag.py:3262} INFO - Creating ORM DAG for dataset_alias_example_alias_consumer_with_no_taskflow
[2025-08-29T06:46:59.670+0000] {logging_mixin.py:190} INFO - [2025-08-29T06:46:59.670+0000] {dag.py:4180} INFO - Setting next_dagrun for dataset_alias_example_alias_consumer_with_no_taskflow to None, run_after=None
[2025-08-29T06:46:59.674+0000] {logging_mixin.py:190} INFO - [2025-08-29T06:46:59.674+0000] {dag.py:4180} INFO - Setting next_dagrun for dataset_alias_example_alias_producer_with_no_taskflow to None, run_after=None
[2025-08-29T06:46:59.675+0000] {logging_mixin.py:190} INFO - [2025-08-29T06:46:59.675+0000] {dag.py:4180} INFO - Setting next_dagrun for dataset_s3_bucket_consumer_with_no_taskflow to None, run_after=None
[2025-08-29T06:46:59.675+0000] {logging_mixin.py:190} INFO - [2025-08-29T06:46:59.675+0000] {dag.py:4180} INFO - Setting next_dagrun for dataset_s3_bucket_producer_with_no_taskflow to None, run_after=None
[2025-08-29T06:46:59.695+0000] {processor.py:208} INFO - Processing /home/airflow/.local/lib/python3.12/site-packages/airflow/example_dags/example_dataset_alias_with_no_taskflow.py took 0.796 seconds
[2025-08-29T06:47:29.871+0000] {processor.py:186} INFO - Started process (PID=155) to work on /home/airflow/.local/lib/python3.12/site-packages/airflow/example_dags/example_dataset_alias_with_no_taskflow.py
[2025-08-29T06:47:29.872+0000] {processor.py:914} INFO - Processing file /home/airflow/.local/lib/python3.12/site-packages/airflow/example_dags/example_dataset_alias_with_no_taskflow.py for tasks to queue
[2025-08-29T06:47:29.874+0000] {logging_mixin.py:190} INFO - [2025-08-29T06:47:29.873+0000] {dagbag.py:588} INFO - Filling up the DagBag from /home/airflow/.local/lib/python3.12/site-packages/airflow/example_dags/example_dataset_alias_with_no_taskflow.py
[2025-08-29T06:47:30.367+0000] {processor.py:925} INFO - DAG(s) 'dataset_s3_bucket_producer_with_no_taskflow', 'dataset_alias_example_alias_producer_with_no_taskflow', 'dataset_s3_bucket_consumer_with_no_taskflow', 'dataset_alias_example_alias_consumer_with_no_taskflow' retrieved from /home/airflow/.local/lib/python3.12/site-packages/airflow/example_dags/example_dataset_alias_with_no_taskflow.py
[2025-08-29T06:47:30.379+0000] {logging_mixin.py:190} INFO - [2025-08-29T06:47:30.378+0000] {dag.py:3239} INFO - Sync 4 DAGs
[2025-08-29T06:47:30.393+0000] {logging_mixin.py:190} INFO - [2025-08-29T06:47:30.393+0000] {dag.py:4180} INFO - Setting next_dagrun for dataset_alias_example_alias_consumer_with_no_taskflow to None, run_after=None
[2025-08-29T06:47:30.395+0000] {logging_mixin.py:190} INFO - [2025-08-29T06:47:30.395+0000] {dag.py:4180} INFO - Setting next_dagrun for dataset_alias_example_alias_producer_with_no_taskflow to None, run_after=None
[2025-08-29T06:47:30.396+0000] {logging_mixin.py:190} INFO - [2025-08-29T06:47:30.396+0000] {dag.py:4180} INFO - Setting next_dagrun for dataset_s3_bucket_consumer_with_no_taskflow to None, run_after=None
[2025-08-29T06:47:30.397+0000] {logging_mixin.py:190} INFO - [2025-08-29T06:47:30.397+0000] {dag.py:4180} INFO - Setting next_dagrun for dataset_s3_bucket_producer_with_no_taskflow to None, run_after=None
[2025-08-29T06:47:30.411+0000] {processor.py:208} INFO - Processing /home/airflow/.local/lib/python3.12/site-packages/airflow/example_dags/example_dataset_alias_with_no_taskflow.py took 0.546 seconds
[2025-08-29T06:48:00.511+0000] {processor.py:186} INFO - Started process (PID=223) to work on /home/airflow/.local/lib/python3.12/site-packages/airflow/example_dags/example_dataset_alias_with_no_taskflow.py
[2025-08-29T06:48:00.512+0000] {processor.py:914} INFO - Processing file /home/airflow/.local/lib/python3.12/site-packages/airflow/example_dags/example_dataset_alias_with_no_taskflow.py for tasks to queue
[2025-08-29T06:48:00.514+0000] {logging_mixin.py:190} INFO - [2025-08-29T06:48:00.514+0000] {dagbag.py:588} INFO - Filling up the DagBag from /home/airflow/.local/lib/python3.12/site-packages/airflow/example_dags/example_dataset_alias_with_no_taskflow.py
[2025-08-29T06:48:00.978+0000] {processor.py:925} INFO - DAG(s) 'dataset_s3_bucket_consumer_with_no_taskflow', 'dataset_s3_bucket_producer_with_no_taskflow', 'dataset_alias_example_alias_consumer_with_no_taskflow', 'dataset_alias_example_alias_producer_with_no_taskflow' retrieved from /home/airflow/.local/lib/python3.12/site-packages/airflow/example_dags/example_dataset_alias_with_no_taskflow.py
[2025-08-29T06:48:00.991+0000] {logging_mixin.py:190} INFO - [2025-08-29T06:48:00.991+0000] {dag.py:3239} INFO - Sync 4 DAGs
[2025-08-29T06:48:01.006+0000] {logging_mixin.py:190} INFO - [2025-08-29T06:48:01.006+0000] {dag.py:4180} INFO - Setting next_dagrun for dataset_alias_example_alias_consumer_with_no_taskflow to None, run_after=None
[2025-08-29T06:48:01.008+0000] {logging_mixin.py:190} INFO - [2025-08-29T06:48:01.008+0000] {dag.py:4180} INFO - Setting next_dagrun for dataset_alias_example_alias_producer_with_no_taskflow to None, run_after=None
[2025-08-29T06:48:01.009+0000] {logging_mixin.py:190} INFO - [2025-08-29T06:48:01.009+0000] {dag.py:4180} INFO - Setting next_dagrun for dataset_s3_bucket_consumer_with_no_taskflow to None, run_after=None
[2025-08-29T06:48:01.010+0000] {logging_mixin.py:190} INFO - [2025-08-29T06:48:01.010+0000] {dag.py:4180} INFO - Setting next_dagrun for dataset_s3_bucket_producer_with_no_taskflow to None, run_after=None
[2025-08-29T06:48:01.026+0000] {processor.py:208} INFO - Processing /home/airflow/.local/lib/python3.12/site-packages/airflow/example_dags/example_dataset_alias_with_no_taskflow.py took 0.519 seconds
