[2025-08-29T06:46:59.692+0000] {processor.py:186} INFO - Started process (PID=94) to work on /home/airflow/.local/lib/python3.12/site-packages/airflow/example_dags/example_subdag_operator.py
[2025-08-29T06:46:59.695+0000] {processor.py:914} INFO - Processing file /home/airflow/.local/lib/python3.12/site-packages/airflow/example_dags/example_subdag_operator.py for tasks to queue
[2025-08-29T06:46:59.697+0000] {logging_mixin.py:190} INFO - [2025-08-29T06:46:59.697+0000] {dagbag.py:588} INFO - Filling up the DagBag from /home/airflow/.local/lib/python3.12/site-packages/airflow/example_dags/example_subdag_operator.py
[2025-08-29T06:46:59.729+0000] {processor.py:925} INFO - DAG(s) 'example_subdag_operator.section-1', 'example_subdag_operator.section-2', 'example_subdag_operator' retrieved from /home/airflow/.local/lib/python3.12/site-packages/airflow/example_dags/example_subdag_operator.py
[2025-08-29T06:46:59.829+0000] {logging_mixin.py:190} INFO - [2025-08-29T06:46:59.829+0000] {override.py:1930} INFO - Created Permission View: can read on DAG:example_subdag_operator
[2025-08-29T06:46:59.840+0000] {logging_mixin.py:190} INFO - [2025-08-29T06:46:59.840+0000] {override.py:1930} INFO - Created Permission View: can delete on DAG:example_subdag_operator
[2025-08-29T06:46:59.847+0000] {logging_mixin.py:190} INFO - [2025-08-29T06:46:59.846+0000] {override.py:1930} INFO - Created Permission View: can edit on DAG:example_subdag_operator
[2025-08-29T06:46:59.854+0000] {logging_mixin.py:190} INFO - [2025-08-29T06:46:59.854+0000] {override.py:1930} INFO - Created Permission View: menu access on DAG Run:example_subdag_operator
[2025-08-29T06:46:59.861+0000] {logging_mixin.py:190} INFO - [2025-08-29T06:46:59.861+0000] {override.py:1930} INFO - Created Permission View: can read on DAG Run:example_subdag_operator
[2025-08-29T06:46:59.869+0000] {logging_mixin.py:190} INFO - [2025-08-29T06:46:59.869+0000] {override.py:1930} INFO - Created Permission View: can delete on DAG Run:example_subdag_operator
[2025-08-29T06:46:59.878+0000] {logging_mixin.py:190} INFO - [2025-08-29T06:46:59.877+0000] {override.py:1930} INFO - Created Permission View: can create on DAG Run:example_subdag_operator
[2025-08-29T06:46:59.879+0000] {logging_mixin.py:190} INFO - [2025-08-29T06:46:59.878+0000] {dag.py:3239} INFO - Sync 3 DAGs
[2025-08-29T06:46:59.891+0000] {logging_mixin.py:190} INFO - [2025-08-29T06:46:59.890+0000] {dag.py:3262} INFO - Creating ORM DAG for example_subdag_operator
[2025-08-29T06:46:59.891+0000] {logging_mixin.py:190} INFO - [2025-08-29T06:46:59.891+0000] {dag.py:3262} INFO - Creating ORM DAG for example_subdag_operator.section-2
[2025-08-29T06:46:59.892+0000] {logging_mixin.py:190} INFO - [2025-08-29T06:46:59.892+0000] {dag.py:3262} INFO - Creating ORM DAG for example_subdag_operator.section-1
[2025-08-29T06:46:59.900+0000] {logging_mixin.py:190} INFO - [2025-08-29T06:46:59.900+0000] {dag.py:4180} INFO - Setting next_dagrun for example_subdag_operator to 2022-01-01 00:00:00+00:00, run_after=2022-01-01 00:00:00+00:00
[2025-08-29T06:46:59.901+0000] {logging_mixin.py:190} INFO - [2025-08-29T06:46:59.901+0000] {dag.py:4180} INFO - Setting next_dagrun for example_subdag_operator.section-1 to None, run_after=None
[2025-08-29T06:46:59.902+0000] {logging_mixin.py:190} INFO - [2025-08-29T06:46:59.901+0000] {dag.py:4180} INFO - Setting next_dagrun for example_subdag_operator.section-2 to None, run_after=None
[2025-08-29T06:46:59.914+0000] {logging_mixin.py:190} INFO - [2025-08-29T06:46:59.914+0000] {dag.py:3239} INFO - Sync 2 DAGs
[2025-08-29T06:46:59.920+0000] {logging_mixin.py:190} INFO - [2025-08-29T06:46:59.919+0000] {dag.py:4180} INFO - Setting next_dagrun for example_subdag_operator.section-1 to None, run_after=None
[2025-08-29T06:46:59.923+0000] {logging_mixin.py:190} INFO - [2025-08-29T06:46:59.923+0000] {dag.py:4180} INFO - Setting next_dagrun for example_subdag_operator.section-2 to None, run_after=None
[2025-08-29T06:46:59.935+0000] {processor.py:208} INFO - Processing /home/airflow/.local/lib/python3.12/site-packages/airflow/example_dags/example_subdag_operator.py took 0.248 seconds
[2025-08-29T06:47:30.023+0000] {processor.py:186} INFO - Started process (PID=157) to work on /home/airflow/.local/lib/python3.12/site-packages/airflow/example_dags/example_subdag_operator.py
[2025-08-29T06:47:30.024+0000] {processor.py:914} INFO - Processing file /home/airflow/.local/lib/python3.12/site-packages/airflow/example_dags/example_subdag_operator.py for tasks to queue
[2025-08-29T06:47:30.026+0000] {logging_mixin.py:190} INFO - [2025-08-29T06:47:30.025+0000] {dagbag.py:588} INFO - Filling up the DagBag from /home/airflow/.local/lib/python3.12/site-packages/airflow/example_dags/example_subdag_operator.py
[2025-08-29T06:47:30.049+0000] {processor.py:925} INFO - DAG(s) 'example_subdag_operator.section-1', 'example_subdag_operator.section-2', 'example_subdag_operator' retrieved from /home/airflow/.local/lib/python3.12/site-packages/airflow/example_dags/example_subdag_operator.py
[2025-08-29T06:47:30.061+0000] {logging_mixin.py:190} INFO - [2025-08-29T06:47:30.061+0000] {dag.py:3239} INFO - Sync 3 DAGs
[2025-08-29T06:47:30.083+0000] {logging_mixin.py:190} INFO - [2025-08-29T06:47:30.082+0000] {dag.py:4180} INFO - Setting next_dagrun for example_subdag_operator to 2022-01-01 00:00:00+00:00, run_after=2022-01-01 00:00:00+00:00
[2025-08-29T06:47:30.087+0000] {logging_mixin.py:190} INFO - [2025-08-29T06:47:30.087+0000] {dag.py:4180} INFO - Setting next_dagrun for example_subdag_operator.section-1 to None, run_after=None
[2025-08-29T06:47:30.088+0000] {logging_mixin.py:190} INFO - [2025-08-29T06:47:30.088+0000] {dag.py:4180} INFO - Setting next_dagrun for example_subdag_operator.section-2 to None, run_after=None
[2025-08-29T06:47:30.094+0000] {logging_mixin.py:190} INFO - [2025-08-29T06:47:30.094+0000] {dag.py:3239} INFO - Sync 2 DAGs
[2025-08-29T06:47:30.099+0000] {logging_mixin.py:190} INFO - [2025-08-29T06:47:30.099+0000] {dag.py:4180} INFO - Setting next_dagrun for example_subdag_operator.section-1 to None, run_after=None
[2025-08-29T06:47:30.099+0000] {logging_mixin.py:190} INFO - [2025-08-29T06:47:30.099+0000] {dag.py:4180} INFO - Setting next_dagrun for example_subdag_operator.section-2 to None, run_after=None
[2025-08-29T06:47:30.110+0000] {processor.py:208} INFO - Processing /home/airflow/.local/lib/python3.12/site-packages/airflow/example_dags/example_subdag_operator.py took 0.093 seconds
[2025-08-29T06:48:00.248+0000] {processor.py:186} INFO - Started process (PID=219) to work on /home/airflow/.local/lib/python3.12/site-packages/airflow/example_dags/example_subdag_operator.py
[2025-08-29T06:48:00.249+0000] {processor.py:914} INFO - Processing file /home/airflow/.local/lib/python3.12/site-packages/airflow/example_dags/example_subdag_operator.py for tasks to queue
[2025-08-29T06:48:00.251+0000] {logging_mixin.py:190} INFO - [2025-08-29T06:48:00.251+0000] {dagbag.py:588} INFO - Filling up the DagBag from /home/airflow/.local/lib/python3.12/site-packages/airflow/example_dags/example_subdag_operator.py
[2025-08-29T06:48:00.272+0000] {processor.py:925} INFO - DAG(s) 'example_subdag_operator.section-1', 'example_subdag_operator.section-2', 'example_subdag_operator' retrieved from /home/airflow/.local/lib/python3.12/site-packages/airflow/example_dags/example_subdag_operator.py
[2025-08-29T06:48:00.285+0000] {logging_mixin.py:190} INFO - [2025-08-29T06:48:00.284+0000] {dag.py:3239} INFO - Sync 3 DAGs
[2025-08-29T06:48:00.303+0000] {logging_mixin.py:190} INFO - [2025-08-29T06:48:00.303+0000] {dag.py:4180} INFO - Setting next_dagrun for example_subdag_operator to 2022-01-01 00:00:00+00:00, run_after=2022-01-01 00:00:00+00:00
[2025-08-29T06:48:00.306+0000] {logging_mixin.py:190} INFO - [2025-08-29T06:48:00.306+0000] {dag.py:4180} INFO - Setting next_dagrun for example_subdag_operator.section-1 to None, run_after=None
[2025-08-29T06:48:00.307+0000] {logging_mixin.py:190} INFO - [2025-08-29T06:48:00.307+0000] {dag.py:4180} INFO - Setting next_dagrun for example_subdag_operator.section-2 to None, run_after=None
[2025-08-29T06:48:00.313+0000] {logging_mixin.py:190} INFO - [2025-08-29T06:48:00.313+0000] {dag.py:3239} INFO - Sync 2 DAGs
[2025-08-29T06:48:00.317+0000] {logging_mixin.py:190} INFO - [2025-08-29T06:48:00.317+0000] {dag.py:4180} INFO - Setting next_dagrun for example_subdag_operator.section-1 to None, run_after=None
[2025-08-29T06:48:00.318+0000] {logging_mixin.py:190} INFO - [2025-08-29T06:48:00.318+0000] {dag.py:4180} INFO - Setting next_dagrun for example_subdag_operator.section-2 to None, run_after=None
[2025-08-29T06:48:00.325+0000] {processor.py:208} INFO - Processing /home/airflow/.local/lib/python3.12/site-packages/airflow/example_dags/example_subdag_operator.py took 0.083 seconds
