[2025-08-29T06:46:58.109+0000] {processor.py:186} INFO - Started process (PID=77) to work on /home/airflow/.local/lib/python3.12/site-packages/airflow/example_dags/example_skip_dag.py
[2025-08-29T06:46:58.111+0000] {processor.py:914} INFO - Processing file /home/airflow/.local/lib/python3.12/site-packages/airflow/example_dags/example_skip_dag.py for tasks to queue
[2025-08-29T06:46:58.113+0000] {logging_mixin.py:190} INFO - [2025-08-29T06:46:58.113+0000] {dagbag.py:588} INFO - Filling up the DagBag from /home/airflow/.local/lib/python3.12/site-packages/airflow/example_dags/example_skip_dag.py
[2025-08-29T06:46:58.123+0000] {processor.py:925} INFO - DAG(s) 'example_skip_dag' retrieved from /home/airflow/.local/lib/python3.12/site-packages/airflow/example_dags/example_skip_dag.py
[2025-08-29T06:46:58.219+0000] {logging_mixin.py:190} INFO - [2025-08-29T06:46:58.219+0000] {override.py:1930} INFO - Created Permission View: can read on DAG:example_skip_dag
[2025-08-29T06:46:58.227+0000] {logging_mixin.py:190} INFO - [2025-08-29T06:46:58.227+0000] {override.py:1930} INFO - Created Permission View: can delete on DAG:example_skip_dag
[2025-08-29T06:46:58.232+0000] {logging_mixin.py:190} INFO - [2025-08-29T06:46:58.232+0000] {override.py:1930} INFO - Created Permission View: can edit on DAG:example_skip_dag
[2025-08-29T06:46:58.237+0000] {logging_mixin.py:190} INFO - [2025-08-29T06:46:58.237+0000] {override.py:1930} INFO - Created Permission View: menu access on DAG Run:example_skip_dag
[2025-08-29T06:46:58.242+0000] {logging_mixin.py:190} INFO - [2025-08-29T06:46:58.241+0000] {override.py:1930} INFO - Created Permission View: can read on DAG Run:example_skip_dag
[2025-08-29T06:46:58.247+0000] {logging_mixin.py:190} INFO - [2025-08-29T06:46:58.247+0000] {override.py:1930} INFO - Created Permission View: can delete on DAG Run:example_skip_dag
[2025-08-29T06:46:58.251+0000] {logging_mixin.py:190} INFO - [2025-08-29T06:46:58.251+0000] {override.py:1930} INFO - Created Permission View: can create on DAG Run:example_skip_dag
[2025-08-29T06:46:58.252+0000] {logging_mixin.py:190} INFO - [2025-08-29T06:46:58.252+0000] {dag.py:3239} INFO - Sync 1 DAGs
[2025-08-29T06:46:58.262+0000] {logging_mixin.py:190} INFO - [2025-08-29T06:46:58.262+0000] {dag.py:3262} INFO - Creating ORM DAG for example_skip_dag
[2025-08-29T06:46:58.270+0000] {logging_mixin.py:190} INFO - [2025-08-29T06:46:58.270+0000] {dag.py:4180} INFO - Setting next_dagrun for example_skip_dag to 2025-08-28 00:00:00+00:00, run_after=2025-08-29 00:00:00+00:00
[2025-08-29T06:46:58.283+0000] {processor.py:208} INFO - Processing /home/airflow/.local/lib/python3.12/site-packages/airflow/example_dags/example_skip_dag.py took 0.179 seconds
[2025-08-29T06:47:28.484+0000] {processor.py:186} INFO - Started process (PID=140) to work on /home/airflow/.local/lib/python3.12/site-packages/airflow/example_dags/example_skip_dag.py
[2025-08-29T06:47:28.485+0000] {processor.py:914} INFO - Processing file /home/airflow/.local/lib/python3.12/site-packages/airflow/example_dags/example_skip_dag.py for tasks to queue
[2025-08-29T06:47:28.487+0000] {logging_mixin.py:190} INFO - [2025-08-29T06:47:28.486+0000] {dagbag.py:588} INFO - Filling up the DagBag from /home/airflow/.local/lib/python3.12/site-packages/airflow/example_dags/example_skip_dag.py
[2025-08-29T06:47:28.495+0000] {processor.py:925} INFO - DAG(s) 'example_skip_dag' retrieved from /home/airflow/.local/lib/python3.12/site-packages/airflow/example_dags/example_skip_dag.py
[2025-08-29T06:47:28.511+0000] {logging_mixin.py:190} INFO - [2025-08-29T06:47:28.510+0000] {dag.py:3239} INFO - Sync 1 DAGs
[2025-08-29T06:47:28.526+0000] {logging_mixin.py:190} INFO - [2025-08-29T06:47:28.526+0000] {dag.py:4180} INFO - Setting next_dagrun for example_skip_dag to 2025-08-28 00:00:00+00:00, run_after=2025-08-29 00:00:00+00:00
[2025-08-29T06:47:28.538+0000] {processor.py:208} INFO - Processing /home/airflow/.local/lib/python3.12/site-packages/airflow/example_dags/example_skip_dag.py took 0.060 seconds
[2025-08-29T06:47:59.353+0000] {processor.py:186} INFO - Started process (PID=209) to work on /home/airflow/.local/lib/python3.12/site-packages/airflow/example_dags/example_skip_dag.py
[2025-08-29T06:47:59.355+0000] {processor.py:914} INFO - Processing file /home/airflow/.local/lib/python3.12/site-packages/airflow/example_dags/example_skip_dag.py for tasks to queue
[2025-08-29T06:47:59.357+0000] {logging_mixin.py:190} INFO - [2025-08-29T06:47:59.357+0000] {dagbag.py:588} INFO - Filling up the DagBag from /home/airflow/.local/lib/python3.12/site-packages/airflow/example_dags/example_skip_dag.py
[2025-08-29T06:47:59.365+0000] {processor.py:925} INFO - DAG(s) 'example_skip_dag' retrieved from /home/airflow/.local/lib/python3.12/site-packages/airflow/example_dags/example_skip_dag.py
[2025-08-29T06:47:59.382+0000] {logging_mixin.py:190} INFO - [2025-08-29T06:47:59.382+0000] {dag.py:3239} INFO - Sync 1 DAGs
[2025-08-29T06:47:59.400+0000] {logging_mixin.py:190} INFO - [2025-08-29T06:47:59.399+0000] {dag.py:4180} INFO - Setting next_dagrun for example_skip_dag to 2025-08-28 00:00:00+00:00, run_after=2025-08-29 00:00:00+00:00
[2025-08-29T06:47:59.414+0000] {processor.py:208} INFO - Processing /home/airflow/.local/lib/python3.12/site-packages/airflow/example_dags/example_skip_dag.py took 0.067 seconds
