[2025-08-29T06:46:58.310+0000] {processor.py:186} INFO - Started process (PID=79) to work on /home/airflow/.local/lib/python3.12/site-packages/airflow/example_dags/example_time_delta_sensor_async.py
[2025-08-29T06:46:58.311+0000] {processor.py:914} INFO - Processing file /home/airflow/.local/lib/python3.12/site-packages/airflow/example_dags/example_time_delta_sensor_async.py for tasks to queue
[2025-08-29T06:46:58.312+0000] {logging_mixin.py:190} INFO - [2025-08-29T06:46:58.312+0000] {dagbag.py:588} INFO - Filling up the DagBag from /home/airflow/.local/lib/python3.12/site-packages/airflow/example_dags/example_time_delta_sensor_async.py
[2025-08-29T06:46:58.322+0000] {processor.py:925} INFO - DAG(s) 'example_time_delta_sensor_async' retrieved from /home/airflow/.local/lib/python3.12/site-packages/airflow/example_dags/example_time_delta_sensor_async.py
[2025-08-29T06:46:58.408+0000] {logging_mixin.py:190} INFO - [2025-08-29T06:46:58.408+0000] {override.py:1930} INFO - Created Permission View: can read on DAG:example_time_delta_sensor_async
[2025-08-29T06:46:58.416+0000] {logging_mixin.py:190} INFO - [2025-08-29T06:46:58.416+0000] {override.py:1930} INFO - Created Permission View: can delete on DAG:example_time_delta_sensor_async
[2025-08-29T06:46:58.422+0000] {logging_mixin.py:190} INFO - [2025-08-29T06:46:58.421+0000] {override.py:1930} INFO - Created Permission View: can edit on DAG:example_time_delta_sensor_async
[2025-08-29T06:46:58.428+0000] {logging_mixin.py:190} INFO - [2025-08-29T06:46:58.427+0000] {override.py:1930} INFO - Created Permission View: menu access on DAG Run:example_time_delta_sensor_async
[2025-08-29T06:46:58.432+0000] {logging_mixin.py:190} INFO - [2025-08-29T06:46:58.432+0000] {override.py:1930} INFO - Created Permission View: can read on DAG Run:example_time_delta_sensor_async
[2025-08-29T06:46:58.437+0000] {logging_mixin.py:190} INFO - [2025-08-29T06:46:58.437+0000] {override.py:1930} INFO - Created Permission View: can delete on DAG Run:example_time_delta_sensor_async
[2025-08-29T06:46:58.443+0000] {logging_mixin.py:190} INFO - [2025-08-29T06:46:58.442+0000] {override.py:1930} INFO - Created Permission View: can create on DAG Run:example_time_delta_sensor_async
[2025-08-29T06:46:58.443+0000] {logging_mixin.py:190} INFO - [2025-08-29T06:46:58.443+0000] {dag.py:3239} INFO - Sync 1 DAGs
[2025-08-29T06:46:58.453+0000] {logging_mixin.py:190} INFO - [2025-08-29T06:46:58.453+0000] {dag.py:3262} INFO - Creating ORM DAG for example_time_delta_sensor_async
[2025-08-29T06:46:58.454+0000] {logging_mixin.py:190} INFO - [2025-08-29T06:46:58.454+0000] {dag.py:4180} INFO - Setting next_dagrun for example_time_delta_sensor_async to None, run_after=None
[2025-08-29T06:46:58.468+0000] {processor.py:208} INFO - Processing /home/airflow/.local/lib/python3.12/site-packages/airflow/example_dags/example_time_delta_sensor_async.py took 0.164 seconds
[2025-08-29T06:47:28.561+0000] {processor.py:186} INFO - Started process (PID=142) to work on /home/airflow/.local/lib/python3.12/site-packages/airflow/example_dags/example_time_delta_sensor_async.py
[2025-08-29T06:47:28.562+0000] {processor.py:914} INFO - Processing file /home/airflow/.local/lib/python3.12/site-packages/airflow/example_dags/example_time_delta_sensor_async.py for tasks to queue
[2025-08-29T06:47:28.564+0000] {logging_mixin.py:190} INFO - [2025-08-29T06:47:28.564+0000] {dagbag.py:588} INFO - Filling up the DagBag from /home/airflow/.local/lib/python3.12/site-packages/airflow/example_dags/example_time_delta_sensor_async.py
[2025-08-29T06:47:28.569+0000] {processor.py:925} INFO - DAG(s) 'example_time_delta_sensor_async' retrieved from /home/airflow/.local/lib/python3.12/site-packages/airflow/example_dags/example_time_delta_sensor_async.py
[2025-08-29T06:47:28.582+0000] {logging_mixin.py:190} INFO - [2025-08-29T06:47:28.582+0000] {dag.py:3239} INFO - Sync 1 DAGs
[2025-08-29T06:47:28.591+0000] {logging_mixin.py:190} INFO - [2025-08-29T06:47:28.591+0000] {dag.py:4180} INFO - Setting next_dagrun for example_time_delta_sensor_async to None, run_after=None
[2025-08-29T06:47:28.604+0000] {processor.py:208} INFO - Processing /home/airflow/.local/lib/python3.12/site-packages/airflow/example_dags/example_time_delta_sensor_async.py took 0.047 seconds
[2025-08-29T06:47:59.523+0000] {processor.py:186} INFO - Started process (PID=211) to work on /home/airflow/.local/lib/python3.12/site-packages/airflow/example_dags/example_time_delta_sensor_async.py
[2025-08-29T06:47:59.524+0000] {processor.py:914} INFO - Processing file /home/airflow/.local/lib/python3.12/site-packages/airflow/example_dags/example_time_delta_sensor_async.py for tasks to queue
[2025-08-29T06:47:59.525+0000] {logging_mixin.py:190} INFO - [2025-08-29T06:47:59.525+0000] {dagbag.py:588} INFO - Filling up the DagBag from /home/airflow/.local/lib/python3.12/site-packages/airflow/example_dags/example_time_delta_sensor_async.py
[2025-08-29T06:47:59.532+0000] {processor.py:925} INFO - DAG(s) 'example_time_delta_sensor_async' retrieved from /home/airflow/.local/lib/python3.12/site-packages/airflow/example_dags/example_time_delta_sensor_async.py
[2025-08-29T06:47:59.546+0000] {logging_mixin.py:190} INFO - [2025-08-29T06:47:59.546+0000] {dag.py:3239} INFO - Sync 1 DAGs
[2025-08-29T06:47:59.559+0000] {logging_mixin.py:190} INFO - [2025-08-29T06:47:59.559+0000] {dag.py:4180} INFO - Setting next_dagrun for example_time_delta_sensor_async to None, run_after=None
[2025-08-29T06:47:59.577+0000] {processor.py:208} INFO - Processing /home/airflow/.local/lib/python3.12/site-packages/airflow/example_dags/example_time_delta_sensor_async.py took 0.058 seconds
