[2025-08-29T06:47:01.566+0000] {processor.py:186} INFO - Started process (PID=110) to work on /home/airflow/.local/lib/python3.12/site-packages/airflow/example_dags/example_python_operator.py
[2025-08-29T06:47:01.567+0000] {processor.py:914} INFO - Processing file /home/airflow/.local/lib/python3.12/site-packages/airflow/example_dags/example_python_operator.py for tasks to queue
[2025-08-29T06:47:01.569+0000] {logging_mixin.py:190} INFO - [2025-08-29T06:47:01.569+0000] {dagbag.py:588} INFO - Filling up the DagBag from /home/airflow/.local/lib/python3.12/site-packages/airflow/example_dags/example_python_operator.py
[2025-08-29T06:47:01.582+0000] {processor.py:925} INFO - DAG(s) 'example_python_operator' retrieved from /home/airflow/.local/lib/python3.12/site-packages/airflow/example_dags/example_python_operator.py
[2025-08-29T06:47:01.661+0000] {logging_mixin.py:190} INFO - [2025-08-29T06:47:01.661+0000] {override.py:1930} INFO - Created Permission View: can read on DAG:example_python_operator
[2025-08-29T06:47:01.668+0000] {logging_mixin.py:190} INFO - [2025-08-29T06:47:01.668+0000] {override.py:1930} INFO - Created Permission View: can delete on DAG:example_python_operator
[2025-08-29T06:47:01.675+0000] {logging_mixin.py:190} INFO - [2025-08-29T06:47:01.675+0000] {override.py:1930} INFO - Created Permission View: can edit on DAG:example_python_operator
[2025-08-29T06:47:01.681+0000] {logging_mixin.py:190} INFO - [2025-08-29T06:47:01.681+0000] {override.py:1930} INFO - Created Permission View: menu access on DAG Run:example_python_operator
[2025-08-29T06:47:01.685+0000] {logging_mixin.py:190} INFO - [2025-08-29T06:47:01.685+0000] {override.py:1930} INFO - Created Permission View: can read on DAG Run:example_python_operator
[2025-08-29T06:47:01.692+0000] {logging_mixin.py:190} INFO - [2025-08-29T06:47:01.692+0000] {override.py:1930} INFO - Created Permission View: can delete on DAG Run:example_python_operator
[2025-08-29T06:47:01.698+0000] {logging_mixin.py:190} INFO - [2025-08-29T06:47:01.698+0000] {override.py:1930} INFO - Created Permission View: can create on DAG Run:example_python_operator
[2025-08-29T06:47:01.699+0000] {logging_mixin.py:190} INFO - [2025-08-29T06:47:01.699+0000] {dag.py:3239} INFO - Sync 1 DAGs
[2025-08-29T06:47:01.710+0000] {logging_mixin.py:190} INFO - [2025-08-29T06:47:01.710+0000] {dag.py:3262} INFO - Creating ORM DAG for example_python_operator
[2025-08-29T06:47:01.711+0000] {logging_mixin.py:190} INFO - [2025-08-29T06:47:01.711+0000] {dag.py:4180} INFO - Setting next_dagrun for example_python_operator to None, run_after=None
[2025-08-29T06:47:01.724+0000] {processor.py:208} INFO - Processing /home/airflow/.local/lib/python3.12/site-packages/airflow/example_dags/example_python_operator.py took 0.163 seconds
[2025-08-29T06:47:32.294+0000] {processor.py:186} INFO - Started process (PID=172) to work on /home/airflow/.local/lib/python3.12/site-packages/airflow/example_dags/example_python_operator.py
[2025-08-29T06:47:32.295+0000] {processor.py:914} INFO - Processing file /home/airflow/.local/lib/python3.12/site-packages/airflow/example_dags/example_python_operator.py for tasks to queue
[2025-08-29T06:47:32.296+0000] {logging_mixin.py:190} INFO - [2025-08-29T06:47:32.296+0000] {dagbag.py:588} INFO - Filling up the DagBag from /home/airflow/.local/lib/python3.12/site-packages/airflow/example_dags/example_python_operator.py
[2025-08-29T06:47:32.306+0000] {processor.py:925} INFO - DAG(s) 'example_python_operator' retrieved from /home/airflow/.local/lib/python3.12/site-packages/airflow/example_dags/example_python_operator.py
[2025-08-29T06:47:32.320+0000] {logging_mixin.py:190} INFO - [2025-08-29T06:47:32.320+0000] {dag.py:3239} INFO - Sync 1 DAGs
[2025-08-29T06:47:32.330+0000] {logging_mixin.py:190} INFO - [2025-08-29T06:47:32.330+0000] {dag.py:4180} INFO - Setting next_dagrun for example_python_operator to None, run_after=None
[2025-08-29T06:47:32.344+0000] {processor.py:208} INFO - Processing /home/airflow/.local/lib/python3.12/site-packages/airflow/example_dags/example_python_operator.py took 0.055 seconds
[2025-08-29T06:48:03.204+0000] {processor.py:186} INFO - Started process (PID=235) to work on /home/airflow/.local/lib/python3.12/site-packages/airflow/example_dags/example_python_operator.py
[2025-08-29T06:48:03.206+0000] {processor.py:914} INFO - Processing file /home/airflow/.local/lib/python3.12/site-packages/airflow/example_dags/example_python_operator.py for tasks to queue
[2025-08-29T06:48:03.208+0000] {logging_mixin.py:190} INFO - [2025-08-29T06:48:03.208+0000] {dagbag.py:588} INFO - Filling up the DagBag from /home/airflow/.local/lib/python3.12/site-packages/airflow/example_dags/example_python_operator.py
[2025-08-29T06:48:03.218+0000] {processor.py:925} INFO - DAG(s) 'example_python_operator' retrieved from /home/airflow/.local/lib/python3.12/site-packages/airflow/example_dags/example_python_operator.py
[2025-08-29T06:48:03.235+0000] {logging_mixin.py:190} INFO - [2025-08-29T06:48:03.234+0000] {dag.py:3239} INFO - Sync 1 DAGs
[2025-08-29T06:48:03.246+0000] {logging_mixin.py:190} INFO - [2025-08-29T06:48:03.246+0000] {dag.py:4180} INFO - Setting next_dagrun for example_python_operator to None, run_after=None
[2025-08-29T06:48:03.260+0000] {processor.py:208} INFO - Processing /home/airflow/.local/lib/python3.12/site-packages/airflow/example_dags/example_python_operator.py took 0.061 seconds
