[2025-08-29T06:46:55.920+0000] {processor.py:186} INFO - Started process (PID=64) to work on /home/airflow/.local/lib/python3.12/site-packages/airflow/example_dags/example_short_circuit_decorator.py
[2025-08-29T06:46:55.921+0000] {processor.py:914} INFO - Processing file /home/airflow/.local/lib/python3.12/site-packages/airflow/example_dags/example_short_circuit_decorator.py for tasks to queue
[2025-08-29T06:46:55.924+0000] {logging_mixin.py:190} INFO - [2025-08-29T06:46:55.924+0000] {dagbag.py:588} INFO - Filling up the DagBag from /home/airflow/.local/lib/python3.12/site-packages/airflow/example_dags/example_short_circuit_decorator.py
[2025-08-29T06:46:55.938+0000] {processor.py:925} INFO - DAG(s) 'example_short_circuit_decorator' retrieved from /home/airflow/.local/lib/python3.12/site-packages/airflow/example_dags/example_short_circuit_decorator.py
[2025-08-29T06:46:56.038+0000] {logging_mixin.py:190} INFO - [2025-08-29T06:46:56.037+0000] {override.py:1930} INFO - Created Permission View: can read on DAG:example_short_circuit_decorator
[2025-08-29T06:46:56.046+0000] {logging_mixin.py:190} INFO - [2025-08-29T06:46:56.046+0000] {override.py:1930} INFO - Created Permission View: can delete on DAG:example_short_circuit_decorator
[2025-08-29T06:46:56.051+0000] {logging_mixin.py:190} INFO - [2025-08-29T06:46:56.051+0000] {override.py:1930} INFO - Created Permission View: can edit on DAG:example_short_circuit_decorator
[2025-08-29T06:46:56.056+0000] {logging_mixin.py:190} INFO - [2025-08-29T06:46:56.056+0000] {override.py:1930} INFO - Created Permission View: menu access on DAG Run:example_short_circuit_decorator
[2025-08-29T06:46:56.062+0000] {logging_mixin.py:190} INFO - [2025-08-29T06:46:56.062+0000] {override.py:1930} INFO - Created Permission View: can read on DAG Run:example_short_circuit_decorator
[2025-08-29T06:46:56.067+0000] {logging_mixin.py:190} INFO - [2025-08-29T06:46:56.067+0000] {override.py:1930} INFO - Created Permission View: can delete on DAG Run:example_short_circuit_decorator
[2025-08-29T06:46:56.072+0000] {logging_mixin.py:190} INFO - [2025-08-29T06:46:56.072+0000] {override.py:1930} INFO - Created Permission View: can create on DAG Run:example_short_circuit_decorator
[2025-08-29T06:46:56.073+0000] {logging_mixin.py:190} INFO - [2025-08-29T06:46:56.073+0000] {dag.py:3239} INFO - Sync 1 DAGs
[2025-08-29T06:46:56.082+0000] {logging_mixin.py:190} INFO - [2025-08-29T06:46:56.082+0000] {dag.py:3262} INFO - Creating ORM DAG for example_short_circuit_decorator
[2025-08-29T06:46:56.083+0000] {logging_mixin.py:190} INFO - [2025-08-29T06:46:56.083+0000] {dag.py:4180} INFO - Setting next_dagrun for example_short_circuit_decorator to None, run_after=None
[2025-08-29T06:46:56.095+0000] {processor.py:208} INFO - Processing /home/airflow/.local/lib/python3.12/site-packages/airflow/example_dags/example_short_circuit_decorator.py took 0.182 seconds
[2025-08-29T06:47:26.332+0000] {processor.py:186} INFO - Started process (PID=126) to work on /home/airflow/.local/lib/python3.12/site-packages/airflow/example_dags/example_short_circuit_decorator.py
[2025-08-29T06:47:26.333+0000] {processor.py:914} INFO - Processing file /home/airflow/.local/lib/python3.12/site-packages/airflow/example_dags/example_short_circuit_decorator.py for tasks to queue
[2025-08-29T06:47:26.335+0000] {logging_mixin.py:190} INFO - [2025-08-29T06:47:26.334+0000] {dagbag.py:588} INFO - Filling up the DagBag from /home/airflow/.local/lib/python3.12/site-packages/airflow/example_dags/example_short_circuit_decorator.py
[2025-08-29T06:47:26.344+0000] {processor.py:925} INFO - DAG(s) 'example_short_circuit_decorator' retrieved from /home/airflow/.local/lib/python3.12/site-packages/airflow/example_dags/example_short_circuit_decorator.py
[2025-08-29T06:47:26.362+0000] {logging_mixin.py:190} INFO - [2025-08-29T06:47:26.362+0000] {dag.py:3239} INFO - Sync 1 DAGs
[2025-08-29T06:47:26.371+0000] {logging_mixin.py:190} INFO - [2025-08-29T06:47:26.371+0000] {dag.py:4180} INFO - Setting next_dagrun for example_short_circuit_decorator to None, run_after=None
[2025-08-29T06:47:26.385+0000] {processor.py:208} INFO - Processing /home/airflow/.local/lib/python3.12/site-packages/airflow/example_dags/example_short_circuit_decorator.py took 0.058 seconds
[2025-08-29T06:47:56.571+0000] {processor.py:186} INFO - Started process (PID=189) to work on /home/airflow/.local/lib/python3.12/site-packages/airflow/example_dags/example_short_circuit_decorator.py
[2025-08-29T06:47:56.572+0000] {processor.py:914} INFO - Processing file /home/airflow/.local/lib/python3.12/site-packages/airflow/example_dags/example_short_circuit_decorator.py for tasks to queue
[2025-08-29T06:47:56.574+0000] {logging_mixin.py:190} INFO - [2025-08-29T06:47:56.574+0000] {dagbag.py:588} INFO - Filling up the DagBag from /home/airflow/.local/lib/python3.12/site-packages/airflow/example_dags/example_short_circuit_decorator.py
[2025-08-29T06:47:56.581+0000] {processor.py:925} INFO - DAG(s) 'example_short_circuit_decorator' retrieved from /home/airflow/.local/lib/python3.12/site-packages/airflow/example_dags/example_short_circuit_decorator.py
[2025-08-29T06:47:56.598+0000] {logging_mixin.py:190} INFO - [2025-08-29T06:47:56.598+0000] {dag.py:3239} INFO - Sync 1 DAGs
[2025-08-29T06:47:56.608+0000] {logging_mixin.py:190} INFO - [2025-08-29T06:47:56.608+0000] {dag.py:4180} INFO - Setting next_dagrun for example_short_circuit_decorator to None, run_after=None
[2025-08-29T06:47:56.621+0000] {processor.py:208} INFO - Processing /home/airflow/.local/lib/python3.12/site-packages/airflow/example_dags/example_short_circuit_decorator.py took 0.054 seconds
