[2025-08-29T06:47:01.026+0000] {processor.py:186} INFO - Started process (PID=105) to work on /home/airflow/.local/lib/python3.12/site-packages/airflow/example_dags/example_display_name.py
[2025-08-29T06:47:01.027+0000] {processor.py:914} INFO - Processing file /home/airflow/.local/lib/python3.12/site-packages/airflow/example_dags/example_display_name.py for tasks to queue
[2025-08-29T06:47:01.028+0000] {logging_mixin.py:190} INFO - [2025-08-29T06:47:01.028+0000] {dagbag.py:588} INFO - Filling up the DagBag from /home/airflow/.local/lib/python3.12/site-packages/airflow/example_dags/example_display_name.py
[2025-08-29T06:47:01.035+0000] {processor.py:925} INFO - DAG(s) 'example_display_name' retrieved from /home/airflow/.local/lib/python3.12/site-packages/airflow/example_dags/example_display_name.py
[2025-08-29T06:47:01.117+0000] {logging_mixin.py:190} INFO - [2025-08-29T06:47:01.116+0000] {override.py:1930} INFO - Created Permission View: can read on DAG:example_display_name
[2025-08-29T06:47:01.125+0000] {logging_mixin.py:190} INFO - [2025-08-29T06:47:01.125+0000] {override.py:1930} INFO - Created Permission View: can delete on DAG:example_display_name
[2025-08-29T06:47:01.130+0000] {logging_mixin.py:190} INFO - [2025-08-29T06:47:01.130+0000] {override.py:1930} INFO - Created Permission View: can edit on DAG:example_display_name
[2025-08-29T06:47:01.136+0000] {logging_mixin.py:190} INFO - [2025-08-29T06:47:01.136+0000] {override.py:1930} INFO - Created Permission View: menu access on DAG Run:example_display_name
[2025-08-29T06:47:01.141+0000] {logging_mixin.py:190} INFO - [2025-08-29T06:47:01.141+0000] {override.py:1930} INFO - Created Permission View: can read on DAG Run:example_display_name
[2025-08-29T06:47:01.147+0000] {logging_mixin.py:190} INFO - [2025-08-29T06:47:01.146+0000] {override.py:1930} INFO - Created Permission View: can delete on DAG Run:example_display_name
[2025-08-29T06:47:01.152+0000] {logging_mixin.py:190} INFO - [2025-08-29T06:47:01.152+0000] {override.py:1930} INFO - Created Permission View: can create on DAG Run:example_display_name
[2025-08-29T06:47:01.153+0000] {logging_mixin.py:190} INFO - [2025-08-29T06:47:01.152+0000] {dag.py:3239} INFO - Sync 1 DAGs
[2025-08-29T06:47:01.163+0000] {logging_mixin.py:190} INFO - [2025-08-29T06:47:01.162+0000] {dag.py:3262} INFO - Creating ORM DAG for example_display_name
[2025-08-29T06:47:01.163+0000] {logging_mixin.py:190} INFO - [2025-08-29T06:47:01.163+0000] {dag.py:4180} INFO - Setting next_dagrun for example_display_name to None, run_after=None
[2025-08-29T06:47:01.177+0000] {processor.py:208} INFO - Processing /home/airflow/.local/lib/python3.12/site-packages/airflow/example_dags/example_display_name.py took 0.156 seconds
[2025-08-29T06:47:32.144+0000] {processor.py:186} INFO - Started process (PID=168) to work on /home/airflow/.local/lib/python3.12/site-packages/airflow/example_dags/example_display_name.py
[2025-08-29T06:47:32.145+0000] {processor.py:914} INFO - Processing file /home/airflow/.local/lib/python3.12/site-packages/airflow/example_dags/example_display_name.py for tasks to queue
[2025-08-29T06:47:32.147+0000] {logging_mixin.py:190} INFO - [2025-08-29T06:47:32.146+0000] {dagbag.py:588} INFO - Filling up the DagBag from /home/airflow/.local/lib/python3.12/site-packages/airflow/example_dags/example_display_name.py
[2025-08-29T06:47:32.153+0000] {processor.py:925} INFO - DAG(s) 'example_display_name' retrieved from /home/airflow/.local/lib/python3.12/site-packages/airflow/example_dags/example_display_name.py
[2025-08-29T06:47:32.165+0000] {logging_mixin.py:190} INFO - [2025-08-29T06:47:32.165+0000] {dag.py:3239} INFO - Sync 1 DAGs
[2025-08-29T06:47:32.175+0000] {logging_mixin.py:190} INFO - [2025-08-29T06:47:32.175+0000] {dag.py:4180} INFO - Setting next_dagrun for example_display_name to None, run_after=None
[2025-08-29T06:47:32.186+0000] {processor.py:208} INFO - Processing /home/airflow/.local/lib/python3.12/site-packages/airflow/example_dags/example_display_name.py took 0.047 seconds
[2025-08-29T06:48:02.889+0000] {processor.py:186} INFO - Started process (PID=231) to work on /home/airflow/.local/lib/python3.12/site-packages/airflow/example_dags/example_display_name.py
[2025-08-29T06:48:02.890+0000] {processor.py:914} INFO - Processing file /home/airflow/.local/lib/python3.12/site-packages/airflow/example_dags/example_display_name.py for tasks to queue
[2025-08-29T06:48:02.892+0000] {logging_mixin.py:190} INFO - [2025-08-29T06:48:02.891+0000] {dagbag.py:588} INFO - Filling up the DagBag from /home/airflow/.local/lib/python3.12/site-packages/airflow/example_dags/example_display_name.py
[2025-08-29T06:48:02.898+0000] {processor.py:925} INFO - DAG(s) 'example_display_name' retrieved from /home/airflow/.local/lib/python3.12/site-packages/airflow/example_dags/example_display_name.py
[2025-08-29T06:48:02.912+0000] {logging_mixin.py:190} INFO - [2025-08-29T06:48:02.912+0000] {dag.py:3239} INFO - Sync 1 DAGs
[2025-08-29T06:48:02.922+0000] {logging_mixin.py:190} INFO - [2025-08-29T06:48:02.922+0000] {dag.py:4180} INFO - Setting next_dagrun for example_display_name to None, run_after=None
[2025-08-29T06:48:02.936+0000] {processor.py:208} INFO - Processing /home/airflow/.local/lib/python3.12/site-packages/airflow/example_dags/example_display_name.py took 0.052 seconds
