[2025-08-29T06:47:00.648+0000] {processor.py:186} INFO - Started process (PID=103) to work on /home/airflow/.local/lib/python3.12/site-packages/airflow/example_dags/example_python_decorator.py
[2025-08-29T06:47:00.649+0000] {processor.py:914} INFO - Processing file /home/airflow/.local/lib/python3.12/site-packages/airflow/example_dags/example_python_decorator.py for tasks to queue
[2025-08-29T06:47:00.651+0000] {logging_mixin.py:190} INFO - [2025-08-29T06:47:00.651+0000] {dagbag.py:588} INFO - Filling up the DagBag from /home/airflow/.local/lib/python3.12/site-packages/airflow/example_dags/example_python_decorator.py
[2025-08-29T06:47:00.665+0000] {processor.py:925} INFO - DAG(s) 'example_python_decorator' retrieved from /home/airflow/.local/lib/python3.12/site-packages/airflow/example_dags/example_python_decorator.py
[2025-08-29T06:47:00.754+0000] {logging_mixin.py:190} INFO - [2025-08-29T06:47:00.753+0000] {override.py:1930} INFO - Created Permission View: can read on DAG:example_python_decorator
[2025-08-29T06:47:00.764+0000] {logging_mixin.py:190} INFO - [2025-08-29T06:47:00.763+0000] {override.py:1930} INFO - Created Permission View: can delete on DAG:example_python_decorator
[2025-08-29T06:47:00.770+0000] {logging_mixin.py:190} INFO - [2025-08-29T06:47:00.769+0000] {override.py:1930} INFO - Created Permission View: can edit on DAG:example_python_decorator
[2025-08-29T06:47:00.777+0000] {logging_mixin.py:190} INFO - [2025-08-29T06:47:00.777+0000] {override.py:1930} INFO - Created Permission View: menu access on DAG Run:example_python_decorator
[2025-08-29T06:47:00.783+0000] {logging_mixin.py:190} INFO - [2025-08-29T06:47:00.783+0000] {override.py:1930} INFO - Created Permission View: can read on DAG Run:example_python_decorator
[2025-08-29T06:47:00.790+0000] {logging_mixin.py:190} INFO - [2025-08-29T06:47:00.790+0000] {override.py:1930} INFO - Created Permission View: can delete on DAG Run:example_python_decorator
[2025-08-29T06:47:00.797+0000] {logging_mixin.py:190} INFO - [2025-08-29T06:47:00.797+0000] {override.py:1930} INFO - Created Permission View: can create on DAG Run:example_python_decorator
[2025-08-29T06:47:00.797+0000] {logging_mixin.py:190} INFO - [2025-08-29T06:47:00.797+0000] {dag.py:3239} INFO - Sync 1 DAGs
[2025-08-29T06:47:00.807+0000] {logging_mixin.py:190} INFO - [2025-08-29T06:47:00.807+0000] {dag.py:3262} INFO - Creating ORM DAG for example_python_decorator
[2025-08-29T06:47:00.808+0000] {logging_mixin.py:190} INFO - [2025-08-29T06:47:00.807+0000] {dag.py:4180} INFO - Setting next_dagrun for example_python_decorator to None, run_after=None
[2025-08-29T06:47:00.822+0000] {processor.py:208} INFO - Processing /home/airflow/.local/lib/python3.12/site-packages/airflow/example_dags/example_python_decorator.py took 0.178 seconds
[2025-08-29T06:47:32.068+0000] {processor.py:186} INFO - Started process (PID=166) to work on /home/airflow/.local/lib/python3.12/site-packages/airflow/example_dags/example_python_decorator.py
[2025-08-29T06:47:32.070+0000] {processor.py:914} INFO - Processing file /home/airflow/.local/lib/python3.12/site-packages/airflow/example_dags/example_python_decorator.py for tasks to queue
[2025-08-29T06:47:32.072+0000] {logging_mixin.py:190} INFO - [2025-08-29T06:47:32.072+0000] {dagbag.py:588} INFO - Filling up the DagBag from /home/airflow/.local/lib/python3.12/site-packages/airflow/example_dags/example_python_decorator.py
[2025-08-29T06:47:32.082+0000] {processor.py:925} INFO - DAG(s) 'example_python_decorator' retrieved from /home/airflow/.local/lib/python3.12/site-packages/airflow/example_dags/example_python_decorator.py
[2025-08-29T06:47:32.096+0000] {logging_mixin.py:190} INFO - [2025-08-29T06:47:32.096+0000] {dag.py:3239} INFO - Sync 1 DAGs
[2025-08-29T06:47:32.106+0000] {logging_mixin.py:190} INFO - [2025-08-29T06:47:32.105+0000] {dag.py:4180} INFO - Setting next_dagrun for example_python_decorator to None, run_after=None
[2025-08-29T06:47:32.120+0000] {processor.py:208} INFO - Processing /home/airflow/.local/lib/python3.12/site-packages/airflow/example_dags/example_python_decorator.py took 0.056 seconds
[2025-08-29T06:48:02.727+0000] {processor.py:186} INFO - Started process (PID=229) to work on /home/airflow/.local/lib/python3.12/site-packages/airflow/example_dags/example_python_decorator.py
[2025-08-29T06:48:02.728+0000] {processor.py:914} INFO - Processing file /home/airflow/.local/lib/python3.12/site-packages/airflow/example_dags/example_python_decorator.py for tasks to queue
[2025-08-29T06:48:02.731+0000] {logging_mixin.py:190} INFO - [2025-08-29T06:48:02.730+0000] {dagbag.py:588} INFO - Filling up the DagBag from /home/airflow/.local/lib/python3.12/site-packages/airflow/example_dags/example_python_decorator.py
[2025-08-29T06:48:02.742+0000] {processor.py:925} INFO - DAG(s) 'example_python_decorator' retrieved from /home/airflow/.local/lib/python3.12/site-packages/airflow/example_dags/example_python_decorator.py
[2025-08-29T06:48:02.760+0000] {logging_mixin.py:190} INFO - [2025-08-29T06:48:02.760+0000] {dag.py:3239} INFO - Sync 1 DAGs
[2025-08-29T06:48:02.771+0000] {logging_mixin.py:190} INFO - [2025-08-29T06:48:02.771+0000] {dag.py:4180} INFO - Setting next_dagrun for example_python_decorator to None, run_after=None
[2025-08-29T06:48:02.786+0000] {processor.py:208} INFO - Processing /home/airflow/.local/lib/python3.12/site-packages/airflow/example_dags/example_python_decorator.py took 0.064 seconds
