[2025-08-29T06:46:55.454+0000] {processor.py:186} INFO - Started process (PID=61) to work on /home/airflow/.local/lib/python3.12/site-packages/airflow/example_dags/example_dataset_alias.py
[2025-08-29T06:46:55.455+0000] {processor.py:914} INFO - Processing file /home/airflow/.local/lib/python3.12/site-packages/airflow/example_dags/example_dataset_alias.py for tasks to queue
[2025-08-29T06:46:55.457+0000] {logging_mixin.py:190} INFO - [2025-08-29T06:46:55.457+0000] {dagbag.py:588} INFO - Filling up the DagBag from /home/airflow/.local/lib/python3.12/site-packages/airflow/example_dags/example_dataset_alias.py
[2025-08-29T06:46:56.684+0000] {processor.py:925} INFO - DAG(s) 'dataset_s3_bucket_consumer', 'dataset_s3_bucket_producer', 'dataset_alias_example_alias_producer', 'dataset_alias_example_alias_consumer' retrieved from /home/airflow/.local/lib/python3.12/site-packages/airflow/example_dags/example_dataset_alias.py
[2025-08-29T06:46:56.745+0000] {logging_mixin.py:190} INFO - [2025-08-29T06:46:56.744+0000] {override.py:1930} INFO - Created Permission View: can read on DAG:dataset_s3_bucket_consumer
[2025-08-29T06:46:56.753+0000] {logging_mixin.py:190} INFO - [2025-08-29T06:46:56.752+0000] {override.py:1930} INFO - Created Permission View: can delete on DAG:dataset_s3_bucket_consumer
[2025-08-29T06:46:56.758+0000] {logging_mixin.py:190} INFO - [2025-08-29T06:46:56.758+0000] {override.py:1930} INFO - Created Permission View: can edit on DAG:dataset_s3_bucket_consumer
[2025-08-29T06:46:56.765+0000] {logging_mixin.py:190} INFO - [2025-08-29T06:46:56.764+0000] {override.py:1930} INFO - Created Permission View: menu access on DAG Run:dataset_s3_bucket_consumer
[2025-08-29T06:46:56.770+0000] {logging_mixin.py:190} INFO - [2025-08-29T06:46:56.770+0000] {override.py:1930} INFO - Created Permission View: can read on DAG Run:dataset_s3_bucket_consumer
[2025-08-29T06:46:56.777+0000] {logging_mixin.py:190} INFO - [2025-08-29T06:46:56.777+0000] {override.py:1930} INFO - Created Permission View: can delete on DAG Run:dataset_s3_bucket_consumer
[2025-08-29T06:46:56.785+0000] {logging_mixin.py:190} INFO - [2025-08-29T06:46:56.785+0000] {override.py:1930} INFO - Created Permission View: can create on DAG Run:dataset_s3_bucket_consumer
[2025-08-29T06:46:56.796+0000] {logging_mixin.py:190} INFO - [2025-08-29T06:46:56.796+0000] {override.py:1930} INFO - Created Permission View: can read on DAG:dataset_s3_bucket_producer
[2025-08-29T06:46:56.802+0000] {logging_mixin.py:190} INFO - [2025-08-29T06:46:56.802+0000] {override.py:1930} INFO - Created Permission View: can delete on DAG:dataset_s3_bucket_producer
[2025-08-29T06:46:56.808+0000] {logging_mixin.py:190} INFO - [2025-08-29T06:46:56.807+0000] {override.py:1930} INFO - Created Permission View: can edit on DAG:dataset_s3_bucket_producer
[2025-08-29T06:46:56.813+0000] {logging_mixin.py:190} INFO - [2025-08-29T06:46:56.813+0000] {override.py:1930} INFO - Created Permission View: menu access on DAG Run:dataset_s3_bucket_producer
[2025-08-29T06:46:56.819+0000] {logging_mixin.py:190} INFO - [2025-08-29T06:46:56.819+0000] {override.py:1930} INFO - Created Permission View: can read on DAG Run:dataset_s3_bucket_producer
[2025-08-29T06:46:56.824+0000] {logging_mixin.py:190} INFO - [2025-08-29T06:46:56.824+0000] {override.py:1930} INFO - Created Permission View: can delete on DAG Run:dataset_s3_bucket_producer
[2025-08-29T06:46:56.828+0000] {logging_mixin.py:190} INFO - [2025-08-29T06:46:56.828+0000] {override.py:1930} INFO - Created Permission View: can create on DAG Run:dataset_s3_bucket_producer
[2025-08-29T06:46:56.839+0000] {logging_mixin.py:190} INFO - [2025-08-29T06:46:56.839+0000] {override.py:1930} INFO - Created Permission View: can read on DAG:dataset_alias_example_alias_producer
[2025-08-29T06:46:56.847+0000] {logging_mixin.py:190} INFO - [2025-08-29T06:46:56.847+0000] {override.py:1930} INFO - Created Permission View: can delete on DAG:dataset_alias_example_alias_producer
[2025-08-29T06:46:56.854+0000] {logging_mixin.py:190} INFO - [2025-08-29T06:46:56.854+0000] {override.py:1930} INFO - Created Permission View: can edit on DAG:dataset_alias_example_alias_producer
[2025-08-29T06:46:56.861+0000] {logging_mixin.py:190} INFO - [2025-08-29T06:46:56.860+0000] {override.py:1930} INFO - Created Permission View: menu access on DAG Run:dataset_alias_example_alias_producer
[2025-08-29T06:46:56.866+0000] {logging_mixin.py:190} INFO - [2025-08-29T06:46:56.865+0000] {override.py:1930} INFO - Created Permission View: can read on DAG Run:dataset_alias_example_alias_producer
[2025-08-29T06:46:56.871+0000] {logging_mixin.py:190} INFO - [2025-08-29T06:46:56.871+0000] {override.py:1930} INFO - Created Permission View: can delete on DAG Run:dataset_alias_example_alias_producer
[2025-08-29T06:46:56.876+0000] {logging_mixin.py:190} INFO - [2025-08-29T06:46:56.876+0000] {override.py:1930} INFO - Created Permission View: can create on DAG Run:dataset_alias_example_alias_producer
[2025-08-29T06:46:56.885+0000] {logging_mixin.py:190} INFO - [2025-08-29T06:46:56.885+0000] {override.py:1930} INFO - Created Permission View: can read on DAG:dataset_alias_example_alias_consumer
[2025-08-29T06:46:56.891+0000] {logging_mixin.py:190} INFO - [2025-08-29T06:46:56.890+0000] {override.py:1930} INFO - Created Permission View: can delete on DAG:dataset_alias_example_alias_consumer
[2025-08-29T06:46:56.895+0000] {logging_mixin.py:190} INFO - [2025-08-29T06:46:56.895+0000] {override.py:1930} INFO - Created Permission View: can edit on DAG:dataset_alias_example_alias_consumer
[2025-08-29T06:46:56.901+0000] {logging_mixin.py:190} INFO - [2025-08-29T06:46:56.901+0000] {override.py:1930} INFO - Created Permission View: menu access on DAG Run:dataset_alias_example_alias_consumer
[2025-08-29T06:46:56.906+0000] {logging_mixin.py:190} INFO - [2025-08-29T06:46:56.906+0000] {override.py:1930} INFO - Created Permission View: can read on DAG Run:dataset_alias_example_alias_consumer
[2025-08-29T06:46:56.913+0000] {logging_mixin.py:190} INFO - [2025-08-29T06:46:56.912+0000] {override.py:1930} INFO - Created Permission View: can delete on DAG Run:dataset_alias_example_alias_consumer
[2025-08-29T06:46:56.918+0000] {logging_mixin.py:190} INFO - [2025-08-29T06:46:56.918+0000] {override.py:1930} INFO - Created Permission View: can create on DAG Run:dataset_alias_example_alias_consumer
[2025-08-29T06:46:56.919+0000] {logging_mixin.py:190} INFO - [2025-08-29T06:46:56.919+0000] {dag.py:3239} INFO - Sync 4 DAGs
[2025-08-29T06:46:56.930+0000] {logging_mixin.py:190} INFO - [2025-08-29T06:46:56.929+0000] {dag.py:3262} INFO - Creating ORM DAG for dataset_s3_bucket_consumer
[2025-08-29T06:46:56.931+0000] {logging_mixin.py:190} INFO - [2025-08-29T06:46:56.930+0000] {dag.py:3262} INFO - Creating ORM DAG for dataset_alias_example_alias_consumer
[2025-08-29T06:46:56.931+0000] {logging_mixin.py:190} INFO - [2025-08-29T06:46:56.931+0000] {dag.py:3262} INFO - Creating ORM DAG for dataset_alias_example_alias_producer
[2025-08-29T06:46:56.932+0000] {logging_mixin.py:190} INFO - [2025-08-29T06:46:56.932+0000] {dag.py:3262} INFO - Creating ORM DAG for dataset_s3_bucket_producer
[2025-08-29T06:46:56.941+0000] {logging_mixin.py:190} INFO - [2025-08-29T06:46:56.941+0000] {dag.py:4180} INFO - Setting next_dagrun for dataset_alias_example_alias_consumer to None, run_after=None
[2025-08-29T06:46:56.943+0000] {logging_mixin.py:190} INFO - [2025-08-29T06:46:56.942+0000] {dag.py:4180} INFO - Setting next_dagrun for dataset_alias_example_alias_producer to None, run_after=None
[2025-08-29T06:46:56.944+0000] {logging_mixin.py:190} INFO - [2025-08-29T06:46:56.943+0000] {dag.py:4180} INFO - Setting next_dagrun for dataset_s3_bucket_consumer to None, run_after=None
[2025-08-29T06:46:56.944+0000] {logging_mixin.py:190} INFO - [2025-08-29T06:46:56.944+0000] {dag.py:4180} INFO - Setting next_dagrun for dataset_s3_bucket_producer to None, run_after=None
[2025-08-29T06:46:56.970+0000] {processor.py:208} INFO - Processing /home/airflow/.local/lib/python3.12/site-packages/airflow/example_dags/example_dataset_alias.py took 1.520 seconds
[2025-08-29T06:47:27.419+0000] {processor.py:186} INFO - Started process (PID=128) to work on /home/airflow/.local/lib/python3.12/site-packages/airflow/example_dags/example_dataset_alias.py
[2025-08-29T06:47:27.420+0000] {processor.py:914} INFO - Processing file /home/airflow/.local/lib/python3.12/site-packages/airflow/example_dags/example_dataset_alias.py for tasks to queue
[2025-08-29T06:47:27.422+0000] {logging_mixin.py:190} INFO - [2025-08-29T06:47:27.422+0000] {dagbag.py:588} INFO - Filling up the DagBag from /home/airflow/.local/lib/python3.12/site-packages/airflow/example_dags/example_dataset_alias.py
[2025-08-29T06:47:27.822+0000] {processor.py:925} INFO - DAG(s) 'dataset_s3_bucket_producer', 'dataset_alias_example_alias_producer', 'dataset_alias_example_alias_consumer', 'dataset_s3_bucket_consumer' retrieved from /home/airflow/.local/lib/python3.12/site-packages/airflow/example_dags/example_dataset_alias.py
[2025-08-29T06:47:27.834+0000] {logging_mixin.py:190} INFO - [2025-08-29T06:47:27.834+0000] {dag.py:3239} INFO - Sync 4 DAGs
[2025-08-29T06:47:27.848+0000] {logging_mixin.py:190} INFO - [2025-08-29T06:47:27.848+0000] {dag.py:4180} INFO - Setting next_dagrun for dataset_alias_example_alias_consumer to None, run_after=None
[2025-08-29T06:47:27.850+0000] {logging_mixin.py:190} INFO - [2025-08-29T06:47:27.850+0000] {dag.py:4180} INFO - Setting next_dagrun for dataset_alias_example_alias_producer to None, run_after=None
[2025-08-29T06:47:27.852+0000] {logging_mixin.py:190} INFO - [2025-08-29T06:47:27.852+0000] {dag.py:4180} INFO - Setting next_dagrun for dataset_s3_bucket_consumer to None, run_after=None
[2025-08-29T06:47:27.853+0000] {logging_mixin.py:190} INFO - [2025-08-29T06:47:27.853+0000] {dag.py:4180} INFO - Setting next_dagrun for dataset_s3_bucket_producer to None, run_after=None
[2025-08-29T06:47:27.866+0000] {processor.py:208} INFO - Processing /home/airflow/.local/lib/python3.12/site-packages/airflow/example_dags/example_dataset_alias.py took 0.452 seconds
[2025-08-29T06:47:57.892+0000] {processor.py:186} INFO - Started process (PID=196) to work on /home/airflow/.local/lib/python3.12/site-packages/airflow/example_dags/example_dataset_alias.py
[2025-08-29T06:47:57.893+0000] {processor.py:914} INFO - Processing file /home/airflow/.local/lib/python3.12/site-packages/airflow/example_dags/example_dataset_alias.py for tasks to queue
[2025-08-29T06:47:57.895+0000] {logging_mixin.py:190} INFO - [2025-08-29T06:47:57.894+0000] {dagbag.py:588} INFO - Filling up the DagBag from /home/airflow/.local/lib/python3.12/site-packages/airflow/example_dags/example_dataset_alias.py
[2025-08-29T06:47:58.334+0000] {processor.py:925} INFO - DAG(s) 'dataset_s3_bucket_consumer', 'dataset_alias_example_alias_consumer', 'dataset_s3_bucket_producer', 'dataset_alias_example_alias_producer' retrieved from /home/airflow/.local/lib/python3.12/site-packages/airflow/example_dags/example_dataset_alias.py
[2025-08-29T06:47:58.347+0000] {logging_mixin.py:190} INFO - [2025-08-29T06:47:58.346+0000] {dag.py:3239} INFO - Sync 4 DAGs
[2025-08-29T06:47:58.360+0000] {logging_mixin.py:190} INFO - [2025-08-29T06:47:58.360+0000] {dag.py:4180} INFO - Setting next_dagrun for dataset_alias_example_alias_consumer to None, run_after=None
[2025-08-29T06:47:58.362+0000] {logging_mixin.py:190} INFO - [2025-08-29T06:47:58.362+0000] {dag.py:4180} INFO - Setting next_dagrun for dataset_alias_example_alias_producer to None, run_after=None
[2025-08-29T06:47:58.363+0000] {logging_mixin.py:190} INFO - [2025-08-29T06:47:58.363+0000] {dag.py:4180} INFO - Setting next_dagrun for dataset_s3_bucket_consumer to None, run_after=None
[2025-08-29T06:47:58.364+0000] {logging_mixin.py:190} INFO - [2025-08-29T06:47:58.364+0000] {dag.py:4180} INFO - Setting next_dagrun for dataset_s3_bucket_producer to None, run_after=None
[2025-08-29T06:47:58.377+0000] {processor.py:208} INFO - Processing /home/airflow/.local/lib/python3.12/site-packages/airflow/example_dags/example_dataset_alias.py took 0.489 seconds
