[2025-08-29T06:47:01.939+0000] {processor.py:186} INFO - Started process (PID=112) to work on /home/airflow/.local/lib/python3.12/site-packages/airflow/example_dags/example_task_group_decorator.py
[2025-08-29T06:47:01.940+0000] {processor.py:914} INFO - Processing file /home/airflow/.local/lib/python3.12/site-packages/airflow/example_dags/example_task_group_decorator.py for tasks to queue
[2025-08-29T06:47:01.943+0000] {logging_mixin.py:190} INFO - [2025-08-29T06:47:01.942+0000] {dagbag.py:588} INFO - Filling up the DagBag from /home/airflow/.local/lib/python3.12/site-packages/airflow/example_dags/example_task_group_decorator.py
[2025-08-29T06:47:01.956+0000] {processor.py:925} INFO - DAG(s) 'example_task_group_decorator' retrieved from /home/airflow/.local/lib/python3.12/site-packages/airflow/example_dags/example_task_group_decorator.py
[2025-08-29T06:47:02.052+0000] {logging_mixin.py:190} INFO - [2025-08-29T06:47:02.051+0000] {override.py:1930} INFO - Created Permission View: can read on DAG:example_task_group_decorator
[2025-08-29T06:47:02.060+0000] {logging_mixin.py:190} INFO - [2025-08-29T06:47:02.059+0000] {override.py:1930} INFO - Created Permission View: can delete on DAG:example_task_group_decorator
[2025-08-29T06:47:02.065+0000] {logging_mixin.py:190} INFO - [2025-08-29T06:47:02.065+0000] {override.py:1930} INFO - Created Permission View: can edit on DAG:example_task_group_decorator
[2025-08-29T06:47:02.071+0000] {logging_mixin.py:190} INFO - [2025-08-29T06:47:02.071+0000] {override.py:1930} INFO - Created Permission View: menu access on DAG Run:example_task_group_decorator
[2025-08-29T06:47:02.076+0000] {logging_mixin.py:190} INFO - [2025-08-29T06:47:02.076+0000] {override.py:1930} INFO - Created Permission View: can read on DAG Run:example_task_group_decorator
[2025-08-29T06:47:02.082+0000] {logging_mixin.py:190} INFO - [2025-08-29T06:47:02.081+0000] {override.py:1930} INFO - Created Permission View: can delete on DAG Run:example_task_group_decorator
[2025-08-29T06:47:02.086+0000] {logging_mixin.py:190} INFO - [2025-08-29T06:47:02.086+0000] {override.py:1930} INFO - Created Permission View: can create on DAG Run:example_task_group_decorator
[2025-08-29T06:47:02.087+0000] {logging_mixin.py:190} INFO - [2025-08-29T06:47:02.087+0000] {dag.py:3239} INFO - Sync 1 DAGs
[2025-08-29T06:47:02.097+0000] {logging_mixin.py:190} INFO - [2025-08-29T06:47:02.097+0000] {dag.py:3262} INFO - Creating ORM DAG for example_task_group_decorator
[2025-08-29T06:47:02.098+0000] {logging_mixin.py:190} INFO - [2025-08-29T06:47:02.098+0000] {dag.py:4180} INFO - Setting next_dagrun for example_task_group_decorator to None, run_after=None
[2025-08-29T06:47:02.111+0000] {processor.py:208} INFO - Processing /home/airflow/.local/lib/python3.12/site-packages/airflow/example_dags/example_task_group_decorator.py took 0.176 seconds
[2025-08-29T06:47:32.367+0000] {processor.py:186} INFO - Started process (PID=174) to work on /home/airflow/.local/lib/python3.12/site-packages/airflow/example_dags/example_task_group_decorator.py
[2025-08-29T06:47:32.368+0000] {processor.py:914} INFO - Processing file /home/airflow/.local/lib/python3.12/site-packages/airflow/example_dags/example_task_group_decorator.py for tasks to queue
[2025-08-29T06:47:32.370+0000] {logging_mixin.py:190} INFO - [2025-08-29T06:47:32.370+0000] {dagbag.py:588} INFO - Filling up the DagBag from /home/airflow/.local/lib/python3.12/site-packages/airflow/example_dags/example_task_group_decorator.py
[2025-08-29T06:47:32.381+0000] {processor.py:925} INFO - DAG(s) 'example_task_group_decorator' retrieved from /home/airflow/.local/lib/python3.12/site-packages/airflow/example_dags/example_task_group_decorator.py
[2025-08-29T06:47:32.398+0000] {logging_mixin.py:190} INFO - [2025-08-29T06:47:32.398+0000] {dag.py:3239} INFO - Sync 1 DAGs
[2025-08-29T06:47:32.411+0000] {logging_mixin.py:190} INFO - [2025-08-29T06:47:32.411+0000] {dag.py:4180} INFO - Setting next_dagrun for example_task_group_decorator to None, run_after=None
[2025-08-29T06:47:32.425+0000] {processor.py:208} INFO - Processing /home/airflow/.local/lib/python3.12/site-packages/airflow/example_dags/example_task_group_decorator.py took 0.062 seconds
[2025-08-29T06:48:03.284+0000] {processor.py:186} INFO - Started process (PID=237) to work on /home/airflow/.local/lib/python3.12/site-packages/airflow/example_dags/example_task_group_decorator.py
[2025-08-29T06:48:03.285+0000] {processor.py:914} INFO - Processing file /home/airflow/.local/lib/python3.12/site-packages/airflow/example_dags/example_task_group_decorator.py for tasks to queue
[2025-08-29T06:48:03.287+0000] {logging_mixin.py:190} INFO - [2025-08-29T06:48:03.286+0000] {dagbag.py:588} INFO - Filling up the DagBag from /home/airflow/.local/lib/python3.12/site-packages/airflow/example_dags/example_task_group_decorator.py
[2025-08-29T06:48:03.299+0000] {processor.py:925} INFO - DAG(s) 'example_task_group_decorator' retrieved from /home/airflow/.local/lib/python3.12/site-packages/airflow/example_dags/example_task_group_decorator.py
[2025-08-29T06:48:03.319+0000] {logging_mixin.py:190} INFO - [2025-08-29T06:48:03.319+0000] {dag.py:3239} INFO - Sync 1 DAGs
[2025-08-29T06:48:03.329+0000] {logging_mixin.py:190} INFO - [2025-08-29T06:48:03.329+0000] {dag.py:4180} INFO - Setting next_dagrun for example_task_group_decorator to None, run_after=None
[2025-08-29T06:48:03.343+0000] {processor.py:208} INFO - Processing /home/airflow/.local/lib/python3.12/site-packages/airflow/example_dags/example_task_group_decorator.py took 0.064 seconds
