[2025-08-29T06:46:57.193+0000] {processor.py:186} INFO - Started process (PID=72) to work on /home/airflow/.local/lib/python3.12/site-packages/airflow/example_dags/example_inlet_event_extra.py
[2025-08-29T06:46:57.195+0000] {processor.py:914} INFO - Processing file /home/airflow/.local/lib/python3.12/site-packages/airflow/example_dags/example_inlet_event_extra.py for tasks to queue
[2025-08-29T06:46:57.198+0000] {logging_mixin.py:190} INFO - [2025-08-29T06:46:57.198+0000] {dagbag.py:588} INFO - Filling up the DagBag from /home/airflow/.local/lib/python3.12/site-packages/airflow/example_dags/example_inlet_event_extra.py
[2025-08-29T06:46:57.696+0000] {processor.py:925} INFO - DAG(s) 'read_dataset_event_from_classic', 'read_dataset_event' retrieved from /home/airflow/.local/lib/python3.12/site-packages/airflow/example_dags/example_inlet_event_extra.py
[2025-08-29T06:46:57.771+0000] {logging_mixin.py:190} INFO - [2025-08-29T06:46:57.770+0000] {override.py:1930} INFO - Created Permission View: can read on DAG:read_dataset_event_from_classic
[2025-08-29T06:46:57.779+0000] {logging_mixin.py:190} INFO - [2025-08-29T06:46:57.778+0000] {override.py:1930} INFO - Created Permission View: can delete on DAG:read_dataset_event_from_classic
[2025-08-29T06:46:57.783+0000] {logging_mixin.py:190} INFO - [2025-08-29T06:46:57.783+0000] {override.py:1930} INFO - Created Permission View: can edit on DAG:read_dataset_event_from_classic
[2025-08-29T06:46:57.789+0000] {logging_mixin.py:190} INFO - [2025-08-29T06:46:57.788+0000] {override.py:1930} INFO - Created Permission View: menu access on DAG Run:read_dataset_event_from_classic
[2025-08-29T06:46:57.795+0000] {logging_mixin.py:190} INFO - [2025-08-29T06:46:57.795+0000] {override.py:1930} INFO - Created Permission View: can read on DAG Run:read_dataset_event_from_classic
[2025-08-29T06:46:57.800+0000] {logging_mixin.py:190} INFO - [2025-08-29T06:46:57.800+0000] {override.py:1930} INFO - Created Permission View: can delete on DAG Run:read_dataset_event_from_classic
[2025-08-29T06:46:57.805+0000] {logging_mixin.py:190} INFO - [2025-08-29T06:46:57.805+0000] {override.py:1930} INFO - Created Permission View: can create on DAG Run:read_dataset_event_from_classic
[2025-08-29T06:46:57.815+0000] {logging_mixin.py:190} INFO - [2025-08-29T06:46:57.815+0000] {override.py:1930} INFO - Created Permission View: can read on DAG:read_dataset_event
[2025-08-29T06:46:57.820+0000] {logging_mixin.py:190} INFO - [2025-08-29T06:46:57.820+0000] {override.py:1930} INFO - Created Permission View: can delete on DAG:read_dataset_event
[2025-08-29T06:46:57.825+0000] {logging_mixin.py:190} INFO - [2025-08-29T06:46:57.825+0000] {override.py:1930} INFO - Created Permission View: can edit on DAG:read_dataset_event
[2025-08-29T06:46:57.832+0000] {logging_mixin.py:190} INFO - [2025-08-29T06:46:57.832+0000] {override.py:1930} INFO - Created Permission View: menu access on DAG Run:read_dataset_event
[2025-08-29T06:46:57.837+0000] {logging_mixin.py:190} INFO - [2025-08-29T06:46:57.837+0000] {override.py:1930} INFO - Created Permission View: can read on DAG Run:read_dataset_event
[2025-08-29T06:46:57.842+0000] {logging_mixin.py:190} INFO - [2025-08-29T06:46:57.842+0000] {override.py:1930} INFO - Created Permission View: can delete on DAG Run:read_dataset_event
[2025-08-29T06:46:57.849+0000] {logging_mixin.py:190} INFO - [2025-08-29T06:46:57.849+0000] {override.py:1930} INFO - Created Permission View: can create on DAG Run:read_dataset_event
[2025-08-29T06:46:57.850+0000] {logging_mixin.py:190} INFO - [2025-08-29T06:46:57.849+0000] {dag.py:3239} INFO - Sync 2 DAGs
[2025-08-29T06:46:57.861+0000] {logging_mixin.py:190} INFO - [2025-08-29T06:46:57.860+0000] {dag.py:3262} INFO - Creating ORM DAG for read_dataset_event
[2025-08-29T06:46:57.862+0000] {logging_mixin.py:190} INFO - [2025-08-29T06:46:57.862+0000] {dag.py:3262} INFO - Creating ORM DAG for read_dataset_event_from_classic
[2025-08-29T06:46:57.871+0000] {logging_mixin.py:190} INFO - [2025-08-29T06:46:57.871+0000] {dag.py:4180} INFO - Setting next_dagrun for read_dataset_event to 2025-08-28 00:00:00+00:00, run_after=2025-08-29 00:00:00+00:00
[2025-08-29T06:46:57.872+0000] {logging_mixin.py:190} INFO - [2025-08-29T06:46:57.872+0000] {dag.py:4180} INFO - Setting next_dagrun for read_dataset_event_from_classic to 2025-08-28 00:00:00+00:00, run_after=2025-08-29 00:00:00+00:00
[2025-08-29T06:46:57.886+0000] {processor.py:208} INFO - Processing /home/airflow/.local/lib/python3.12/site-packages/airflow/example_dags/example_inlet_event_extra.py took 0.697 seconds
[2025-08-29T06:47:28.053+0000] {processor.py:186} INFO - Started process (PID=137) to work on /home/airflow/.local/lib/python3.12/site-packages/airflow/example_dags/example_inlet_event_extra.py
[2025-08-29T06:47:28.054+0000] {processor.py:914} INFO - Processing file /home/airflow/.local/lib/python3.12/site-packages/airflow/example_dags/example_inlet_event_extra.py for tasks to queue
[2025-08-29T06:47:28.056+0000] {logging_mixin.py:190} INFO - [2025-08-29T06:47:28.056+0000] {dagbag.py:588} INFO - Filling up the DagBag from /home/airflow/.local/lib/python3.12/site-packages/airflow/example_dags/example_inlet_event_extra.py
[2025-08-29T06:47:28.411+0000] {processor.py:925} INFO - DAG(s) 'read_dataset_event', 'read_dataset_event_from_classic' retrieved from /home/airflow/.local/lib/python3.12/site-packages/airflow/example_dags/example_inlet_event_extra.py
[2025-08-29T06:47:28.423+0000] {logging_mixin.py:190} INFO - [2025-08-29T06:47:28.423+0000] {dag.py:3239} INFO - Sync 2 DAGs
[2025-08-29T06:47:28.437+0000] {logging_mixin.py:190} INFO - [2025-08-29T06:47:28.436+0000] {dag.py:4180} INFO - Setting next_dagrun for read_dataset_event to 2025-08-28 00:00:00+00:00, run_after=2025-08-29 00:00:00+00:00
[2025-08-29T06:47:28.440+0000] {logging_mixin.py:190} INFO - [2025-08-29T06:47:28.440+0000] {dag.py:4180} INFO - Setting next_dagrun for read_dataset_event_from_classic to 2025-08-28 00:00:00+00:00, run_after=2025-08-29 00:00:00+00:00
[2025-08-29T06:47:28.450+0000] {processor.py:208} INFO - Processing /home/airflow/.local/lib/python3.12/site-packages/airflow/example_dags/example_inlet_event_extra.py took 0.402 seconds
[2025-08-29T06:47:59.353+0000] {processor.py:186} INFO - Started process (PID=208) to work on /home/airflow/.local/lib/python3.12/site-packages/airflow/example_dags/example_inlet_event_extra.py
[2025-08-29T06:47:59.355+0000] {processor.py:914} INFO - Processing file /home/airflow/.local/lib/python3.12/site-packages/airflow/example_dags/example_inlet_event_extra.py for tasks to queue
[2025-08-29T06:47:59.357+0000] {logging_mixin.py:190} INFO - [2025-08-29T06:47:59.357+0000] {dagbag.py:588} INFO - Filling up the DagBag from /home/airflow/.local/lib/python3.12/site-packages/airflow/example_dags/example_inlet_event_extra.py
[2025-08-29T06:47:59.800+0000] {processor.py:925} INFO - DAG(s) 'read_dataset_event', 'read_dataset_event_from_classic' retrieved from /home/airflow/.local/lib/python3.12/site-packages/airflow/example_dags/example_inlet_event_extra.py
[2025-08-29T06:47:59.815+0000] {logging_mixin.py:190} INFO - [2025-08-29T06:47:59.815+0000] {dag.py:3239} INFO - Sync 2 DAGs
[2025-08-29T06:47:59.831+0000] {logging_mixin.py:190} INFO - [2025-08-29T06:47:59.831+0000] {dag.py:4180} INFO - Setting next_dagrun for read_dataset_event to 2025-08-28 00:00:00+00:00, run_after=2025-08-29 00:00:00+00:00
[2025-08-29T06:47:59.834+0000] {logging_mixin.py:190} INFO - [2025-08-29T06:47:59.834+0000] {dag.py:4180} INFO - Setting next_dagrun for read_dataset_event_from_classic to 2025-08-28 00:00:00+00:00, run_after=2025-08-29 00:00:00+00:00
[2025-08-29T06:47:59.846+0000] {processor.py:208} INFO - Processing /home/airflow/.local/lib/python3.12/site-packages/airflow/example_dags/example_inlet_event_extra.py took 0.499 seconds
