[2025-08-29T06:47:01.481+0000] {processor.py:186} INFO - Started process (PID=109) to work on /home/airflow/.local/lib/python3.12/site-packages/airflow/example_dags/example_datasets.py
[2025-08-29T06:47:01.482+0000] {processor.py:914} INFO - Processing file /home/airflow/.local/lib/python3.12/site-packages/airflow/example_dags/example_datasets.py for tasks to queue
[2025-08-29T06:47:01.484+0000] {logging_mixin.py:190} INFO - [2025-08-29T06:47:01.484+0000] {dagbag.py:588} INFO - Filling up the DagBag from /home/airflow/.local/lib/python3.12/site-packages/airflow/example_dags/example_datasets.py
[2025-08-29T06:47:01.958+0000] {processor.py:925} INFO - DAG(s) 'dataset_consumes_1_never_scheduled', 'dataset_consumes_1', 'dataset_consumes_unknown_never_scheduled', 'conditional_dataset_and_time_based_timetable', 'consume_1_and_2_with_dataset_expressions', 'dataset_produces_1', 'dataset_produces_2', 'dataset_consumes_1_and_2', 'consume_1_or_both_2_and_3_with_dataset_expressions', 'consume_1_or_2_with_dataset_expressions' retrieved from /home/airflow/.local/lib/python3.12/site-packages/airflow/example_dags/example_datasets.py
[2025-08-29T06:47:02.032+0000] {logging_mixin.py:190} INFO - [2025-08-29T06:47:02.031+0000] {override.py:1930} INFO - Created Permission View: can read on DAG:dataset_consumes_1_never_scheduled
[2025-08-29T06:47:02.040+0000] {logging_mixin.py:190} INFO - [2025-08-29T06:47:02.040+0000] {override.py:1930} INFO - Created Permission View: can delete on DAG:dataset_consumes_1_never_scheduled
[2025-08-29T06:47:02.045+0000] {logging_mixin.py:190} INFO - [2025-08-29T06:47:02.044+0000] {override.py:1930} INFO - Created Permission View: can edit on DAG:dataset_consumes_1_never_scheduled
[2025-08-29T06:47:02.051+0000] {logging_mixin.py:190} INFO - [2025-08-29T06:47:02.050+0000] {override.py:1930} INFO - Created Permission View: menu access on DAG Run:dataset_consumes_1_never_scheduled
[2025-08-29T06:47:02.057+0000] {logging_mixin.py:190} INFO - [2025-08-29T06:47:02.056+0000] {override.py:1930} INFO - Created Permission View: can read on DAG Run:dataset_consumes_1_never_scheduled
[2025-08-29T06:47:02.061+0000] {logging_mixin.py:190} INFO - [2025-08-29T06:47:02.061+0000] {override.py:1930} INFO - Created Permission View: can delete on DAG Run:dataset_consumes_1_never_scheduled
[2025-08-29T06:47:02.066+0000] {logging_mixin.py:190} INFO - [2025-08-29T06:47:02.066+0000] {override.py:1930} INFO - Created Permission View: can create on DAG Run:dataset_consumes_1_never_scheduled
[2025-08-29T06:47:02.077+0000] {logging_mixin.py:190} INFO - [2025-08-29T06:47:02.077+0000] {override.py:1930} INFO - Created Permission View: can read on DAG:dataset_consumes_1
[2025-08-29T06:47:02.082+0000] {logging_mixin.py:190} INFO - [2025-08-29T06:47:02.082+0000] {override.py:1930} INFO - Created Permission View: can delete on DAG:dataset_consumes_1
[2025-08-29T06:47:02.087+0000] {logging_mixin.py:190} INFO - [2025-08-29T06:47:02.087+0000] {override.py:1930} INFO - Created Permission View: can edit on DAG:dataset_consumes_1
[2025-08-29T06:47:02.094+0000] {logging_mixin.py:190} INFO - [2025-08-29T06:47:02.094+0000] {override.py:1930} INFO - Created Permission View: menu access on DAG Run:dataset_consumes_1
[2025-08-29T06:47:02.099+0000] {logging_mixin.py:190} INFO - [2025-08-29T06:47:02.098+0000] {override.py:1930} INFO - Created Permission View: can read on DAG Run:dataset_consumes_1
[2025-08-29T06:47:02.103+0000] {logging_mixin.py:190} INFO - [2025-08-29T06:47:02.103+0000] {override.py:1930} INFO - Created Permission View: can delete on DAG Run:dataset_consumes_1
[2025-08-29T06:47:02.109+0000] {logging_mixin.py:190} INFO - [2025-08-29T06:47:02.109+0000] {override.py:1930} INFO - Created Permission View: can create on DAG Run:dataset_consumes_1
[2025-08-29T06:47:02.119+0000] {logging_mixin.py:190} INFO - [2025-08-29T06:47:02.119+0000] {override.py:1930} INFO - Created Permission View: can read on DAG:dataset_consumes_unknown_never_scheduled
[2025-08-29T06:47:02.125+0000] {logging_mixin.py:190} INFO - [2025-08-29T06:47:02.124+0000] {override.py:1930} INFO - Created Permission View: can delete on DAG:dataset_consumes_unknown_never_scheduled
[2025-08-29T06:47:02.131+0000] {logging_mixin.py:190} INFO - [2025-08-29T06:47:02.131+0000] {override.py:1930} INFO - Created Permission View: can edit on DAG:dataset_consumes_unknown_never_scheduled
[2025-08-29T06:47:02.137+0000] {logging_mixin.py:190} INFO - [2025-08-29T06:47:02.136+0000] {override.py:1930} INFO - Created Permission View: menu access on DAG Run:dataset_consumes_unknown_never_scheduled
[2025-08-29T06:47:02.142+0000] {logging_mixin.py:190} INFO - [2025-08-29T06:47:02.142+0000] {override.py:1930} INFO - Created Permission View: can read on DAG Run:dataset_consumes_unknown_never_scheduled
[2025-08-29T06:47:02.148+0000] {logging_mixin.py:190} INFO - [2025-08-29T06:47:02.147+0000] {override.py:1930} INFO - Created Permission View: can delete on DAG Run:dataset_consumes_unknown_never_scheduled
[2025-08-29T06:47:02.152+0000] {logging_mixin.py:190} INFO - [2025-08-29T06:47:02.152+0000] {override.py:1930} INFO - Created Permission View: can create on DAG Run:dataset_consumes_unknown_never_scheduled
[2025-08-29T06:47:02.162+0000] {logging_mixin.py:190} INFO - [2025-08-29T06:47:02.161+0000] {override.py:1930} INFO - Created Permission View: can read on DAG:conditional_dataset_and_time_based_timetable
[2025-08-29T06:47:02.167+0000] {logging_mixin.py:190} INFO - [2025-08-29T06:47:02.167+0000] {override.py:1930} INFO - Created Permission View: can delete on DAG:conditional_dataset_and_time_based_timetable
[2025-08-29T06:47:02.172+0000] {logging_mixin.py:190} INFO - [2025-08-29T06:47:02.171+0000] {override.py:1930} INFO - Created Permission View: can edit on DAG:conditional_dataset_and_time_based_timetable
[2025-08-29T06:47:02.177+0000] {logging_mixin.py:190} INFO - [2025-08-29T06:47:02.177+0000] {override.py:1930} INFO - Created Permission View: menu access on DAG Run:conditional_dataset_and_time_based_timetable
[2025-08-29T06:47:02.183+0000] {logging_mixin.py:190} INFO - [2025-08-29T06:47:02.182+0000] {override.py:1930} INFO - Created Permission View: can read on DAG Run:conditional_dataset_and_time_based_timetable
[2025-08-29T06:47:02.187+0000] {logging_mixin.py:190} INFO - [2025-08-29T06:47:02.187+0000] {override.py:1930} INFO - Created Permission View: can delete on DAG Run:conditional_dataset_and_time_based_timetable
[2025-08-29T06:47:02.192+0000] {logging_mixin.py:190} INFO - [2025-08-29T06:47:02.192+0000] {override.py:1930} INFO - Created Permission View: can create on DAG Run:conditional_dataset_and_time_based_timetable
[2025-08-29T06:47:02.201+0000] {logging_mixin.py:190} INFO - [2025-08-29T06:47:02.201+0000] {override.py:1930} INFO - Created Permission View: can read on DAG:consume_1_and_2_with_dataset_expressions
[2025-08-29T06:47:02.206+0000] {logging_mixin.py:190} INFO - [2025-08-29T06:47:02.205+0000] {override.py:1930} INFO - Created Permission View: can delete on DAG:consume_1_and_2_with_dataset_expressions
[2025-08-29T06:47:02.210+0000] {logging_mixin.py:190} INFO - [2025-08-29T06:47:02.210+0000] {override.py:1930} INFO - Created Permission View: can edit on DAG:consume_1_and_2_with_dataset_expressions
[2025-08-29T06:47:02.216+0000] {logging_mixin.py:190} INFO - [2025-08-29T06:47:02.216+0000] {override.py:1930} INFO - Created Permission View: menu access on DAG Run:consume_1_and_2_with_dataset_expressions
[2025-08-29T06:47:02.222+0000] {logging_mixin.py:190} INFO - [2025-08-29T06:47:02.222+0000] {override.py:1930} INFO - Created Permission View: can read on DAG Run:consume_1_and_2_with_dataset_expressions
[2025-08-29T06:47:02.227+0000] {logging_mixin.py:190} INFO - [2025-08-29T06:47:02.227+0000] {override.py:1930} INFO - Created Permission View: can delete on DAG Run:consume_1_and_2_with_dataset_expressions
[2025-08-29T06:47:02.232+0000] {logging_mixin.py:190} INFO - [2025-08-29T06:47:02.232+0000] {override.py:1930} INFO - Created Permission View: can create on DAG Run:consume_1_and_2_with_dataset_expressions
[2025-08-29T06:47:02.242+0000] {logging_mixin.py:190} INFO - [2025-08-29T06:47:02.242+0000] {override.py:1930} INFO - Created Permission View: can read on DAG:dataset_produces_1
[2025-08-29T06:47:02.246+0000] {logging_mixin.py:190} INFO - [2025-08-29T06:47:02.246+0000] {override.py:1930} INFO - Created Permission View: can delete on DAG:dataset_produces_1
[2025-08-29T06:47:02.252+0000] {logging_mixin.py:190} INFO - [2025-08-29T06:47:02.252+0000] {override.py:1930} INFO - Created Permission View: can edit on DAG:dataset_produces_1
[2025-08-29T06:47:02.258+0000] {logging_mixin.py:190} INFO - [2025-08-29T06:47:02.258+0000] {override.py:1930} INFO - Created Permission View: menu access on DAG Run:dataset_produces_1
[2025-08-29T06:47:02.263+0000] {logging_mixin.py:190} INFO - [2025-08-29T06:47:02.263+0000] {override.py:1930} INFO - Created Permission View: can read on DAG Run:dataset_produces_1
[2025-08-29T06:47:02.269+0000] {logging_mixin.py:190} INFO - [2025-08-29T06:47:02.268+0000] {override.py:1930} INFO - Created Permission View: can delete on DAG Run:dataset_produces_1
[2025-08-29T06:47:02.274+0000] {logging_mixin.py:190} INFO - [2025-08-29T06:47:02.274+0000] {override.py:1930} INFO - Created Permission View: can create on DAG Run:dataset_produces_1
[2025-08-29T06:47:02.284+0000] {logging_mixin.py:190} INFO - [2025-08-29T06:47:02.284+0000] {override.py:1930} INFO - Created Permission View: can read on DAG:dataset_produces_2
[2025-08-29T06:47:02.290+0000] {logging_mixin.py:190} INFO - [2025-08-29T06:47:02.290+0000] {override.py:1930} INFO - Created Permission View: can delete on DAG:dataset_produces_2
[2025-08-29T06:47:02.294+0000] {logging_mixin.py:190} INFO - [2025-08-29T06:47:02.294+0000] {override.py:1930} INFO - Created Permission View: can edit on DAG:dataset_produces_2
[2025-08-29T06:47:02.300+0000] {logging_mixin.py:190} INFO - [2025-08-29T06:47:02.299+0000] {override.py:1930} INFO - Created Permission View: menu access on DAG Run:dataset_produces_2
[2025-08-29T06:47:02.305+0000] {logging_mixin.py:190} INFO - [2025-08-29T06:47:02.304+0000] {override.py:1930} INFO - Created Permission View: can read on DAG Run:dataset_produces_2
[2025-08-29T06:47:02.310+0000] {logging_mixin.py:190} INFO - [2025-08-29T06:47:02.310+0000] {override.py:1930} INFO - Created Permission View: can delete on DAG Run:dataset_produces_2
[2025-08-29T06:47:02.315+0000] {logging_mixin.py:190} INFO - [2025-08-29T06:47:02.315+0000] {override.py:1930} INFO - Created Permission View: can create on DAG Run:dataset_produces_2
[2025-08-29T06:47:02.326+0000] {logging_mixin.py:190} INFO - [2025-08-29T06:47:02.326+0000] {override.py:1930} INFO - Created Permission View: can read on DAG:dataset_consumes_1_and_2
[2025-08-29T06:47:02.332+0000] {logging_mixin.py:190} INFO - [2025-08-29T06:47:02.332+0000] {override.py:1930} INFO - Created Permission View: can delete on DAG:dataset_consumes_1_and_2
[2025-08-29T06:47:02.338+0000] {logging_mixin.py:190} INFO - [2025-08-29T06:47:02.338+0000] {override.py:1930} INFO - Created Permission View: can edit on DAG:dataset_consumes_1_and_2
[2025-08-29T06:47:02.346+0000] {logging_mixin.py:190} INFO - [2025-08-29T06:47:02.345+0000] {override.py:1930} INFO - Created Permission View: menu access on DAG Run:dataset_consumes_1_and_2
[2025-08-29T06:47:02.351+0000] {logging_mixin.py:190} INFO - [2025-08-29T06:47:02.351+0000] {override.py:1930} INFO - Created Permission View: can read on DAG Run:dataset_consumes_1_and_2
[2025-08-29T06:47:02.357+0000] {logging_mixin.py:190} INFO - [2025-08-29T06:47:02.357+0000] {override.py:1930} INFO - Created Permission View: can delete on DAG Run:dataset_consumes_1_and_2
[2025-08-29T06:47:02.363+0000] {logging_mixin.py:190} INFO - [2025-08-29T06:47:02.363+0000] {override.py:1930} INFO - Created Permission View: can create on DAG Run:dataset_consumes_1_and_2
[2025-08-29T06:47:02.374+0000] {logging_mixin.py:190} INFO - [2025-08-29T06:47:02.374+0000] {override.py:1930} INFO - Created Permission View: can read on DAG:consume_1_or_both_2_and_3_with_dataset_expressions
[2025-08-29T06:47:02.381+0000] {logging_mixin.py:190} INFO - [2025-08-29T06:47:02.380+0000] {override.py:1930} INFO - Created Permission View: can delete on DAG:consume_1_or_both_2_and_3_with_dataset_expressions
[2025-08-29T06:47:02.386+0000] {logging_mixin.py:190} INFO - [2025-08-29T06:47:02.386+0000] {override.py:1930} INFO - Created Permission View: can edit on DAG:consume_1_or_both_2_and_3_with_dataset_expressions
[2025-08-29T06:47:02.393+0000] {logging_mixin.py:190} INFO - [2025-08-29T06:47:02.393+0000] {override.py:1930} INFO - Created Permission View: menu access on DAG Run:consume_1_or_both_2_and_3_with_dataset_expressions
[2025-08-29T06:47:02.400+0000] {logging_mixin.py:190} INFO - [2025-08-29T06:47:02.400+0000] {override.py:1930} INFO - Created Permission View: can read on DAG Run:consume_1_or_both_2_and_3_with_dataset_expressions
[2025-08-29T06:47:02.406+0000] {logging_mixin.py:190} INFO - [2025-08-29T06:47:02.406+0000] {override.py:1930} INFO - Created Permission View: can delete on DAG Run:consume_1_or_both_2_and_3_with_dataset_expressions
[2025-08-29T06:47:02.412+0000] {logging_mixin.py:190} INFO - [2025-08-29T06:47:02.412+0000] {override.py:1930} INFO - Created Permission View: can create on DAG Run:consume_1_or_both_2_and_3_with_dataset_expressions
[2025-08-29T06:47:02.424+0000] {logging_mixin.py:190} INFO - [2025-08-29T06:47:02.423+0000] {override.py:1930} INFO - Created Permission View: can read on DAG:consume_1_or_2_with_dataset_expressions
[2025-08-29T06:47:02.430+0000] {logging_mixin.py:190} INFO - [2025-08-29T06:47:02.430+0000] {override.py:1930} INFO - Created Permission View: can delete on DAG:consume_1_or_2_with_dataset_expressions
[2025-08-29T06:47:02.436+0000] {logging_mixin.py:190} INFO - [2025-08-29T06:47:02.436+0000] {override.py:1930} INFO - Created Permission View: can edit on DAG:consume_1_or_2_with_dataset_expressions
[2025-08-29T06:47:02.442+0000] {logging_mixin.py:190} INFO - [2025-08-29T06:47:02.442+0000] {override.py:1930} INFO - Created Permission View: menu access on DAG Run:consume_1_or_2_with_dataset_expressions
[2025-08-29T06:47:02.447+0000] {logging_mixin.py:190} INFO - [2025-08-29T06:47:02.447+0000] {override.py:1930} INFO - Created Permission View: can read on DAG Run:consume_1_or_2_with_dataset_expressions
[2025-08-29T06:47:02.452+0000] {logging_mixin.py:190} INFO - [2025-08-29T06:47:02.452+0000] {override.py:1930} INFO - Created Permission View: can delete on DAG Run:consume_1_or_2_with_dataset_expressions
[2025-08-29T06:47:02.457+0000] {logging_mixin.py:190} INFO - [2025-08-29T06:47:02.456+0000] {override.py:1930} INFO - Created Permission View: can create on DAG Run:consume_1_or_2_with_dataset_expressions
[2025-08-29T06:47:02.457+0000] {logging_mixin.py:190} INFO - [2025-08-29T06:47:02.457+0000] {dag.py:3239} INFO - Sync 10 DAGs
[2025-08-29T06:47:02.466+0000] {logging_mixin.py:190} INFO - [2025-08-29T06:47:02.465+0000] {dag.py:3262} INFO - Creating ORM DAG for dataset_consumes_1_never_scheduled
[2025-08-29T06:47:02.466+0000] {logging_mixin.py:190} INFO - [2025-08-29T06:47:02.466+0000] {dag.py:3262} INFO - Creating ORM DAG for consume_1_or_both_2_and_3_with_dataset_expressions
[2025-08-29T06:47:02.467+0000] {logging_mixin.py:190} INFO - [2025-08-29T06:47:02.467+0000] {dag.py:3262} INFO - Creating ORM DAG for consume_1_or_2_with_dataset_expressions
[2025-08-29T06:47:02.468+0000] {logging_mixin.py:190} INFO - [2025-08-29T06:47:02.468+0000] {dag.py:3262} INFO - Creating ORM DAG for dataset_consumes_1
[2025-08-29T06:47:02.469+0000] {logging_mixin.py:190} INFO - [2025-08-29T06:47:02.469+0000] {dag.py:3262} INFO - Creating ORM DAG for dataset_consumes_unknown_never_scheduled
[2025-08-29T06:47:02.470+0000] {logging_mixin.py:190} INFO - [2025-08-29T06:47:02.470+0000] {dag.py:3262} INFO - Creating ORM DAG for consume_1_and_2_with_dataset_expressions
[2025-08-29T06:47:02.470+0000] {logging_mixin.py:190} INFO - [2025-08-29T06:47:02.470+0000] {dag.py:3262} INFO - Creating ORM DAG for dataset_consumes_1_and_2
[2025-08-29T06:47:02.471+0000] {logging_mixin.py:190} INFO - [2025-08-29T06:47:02.471+0000] {dag.py:3262} INFO - Creating ORM DAG for dataset_produces_2
[2025-08-29T06:47:02.471+0000] {logging_mixin.py:190} INFO - [2025-08-29T06:47:02.471+0000] {dag.py:3262} INFO - Creating ORM DAG for conditional_dataset_and_time_based_timetable
[2025-08-29T06:47:02.472+0000] {logging_mixin.py:190} INFO - [2025-08-29T06:47:02.472+0000] {dag.py:3262} INFO - Creating ORM DAG for dataset_produces_1
[2025-08-29T06:47:02.479+0000] {logging_mixin.py:190} INFO - [2025-08-29T06:47:02.479+0000] {dag.py:4180} INFO - Setting next_dagrun for conditional_dataset_and_time_based_timetable to 2025-08-27 01:00:00+00:00, run_after=2025-08-27 01:00:00+00:00
[2025-08-29T06:47:02.479+0000] {logging_mixin.py:190} INFO - [2025-08-29T06:47:02.479+0000] {dag.py:4180} INFO - Setting next_dagrun for consume_1_and_2_with_dataset_expressions to None, run_after=None
[2025-08-29T06:47:02.480+0000] {logging_mixin.py:190} INFO - [2025-08-29T06:47:02.480+0000] {dag.py:4180} INFO - Setting next_dagrun for consume_1_or_2_with_dataset_expressions to None, run_after=None
[2025-08-29T06:47:02.480+0000] {logging_mixin.py:190} INFO - [2025-08-29T06:47:02.480+0000] {dag.py:4180} INFO - Setting next_dagrun for consume_1_or_both_2_and_3_with_dataset_expressions to None, run_after=None
[2025-08-29T06:47:02.481+0000] {logging_mixin.py:190} INFO - [2025-08-29T06:47:02.481+0000] {dag.py:4180} INFO - Setting next_dagrun for dataset_consumes_1 to None, run_after=None
[2025-08-29T06:47:02.481+0000] {logging_mixin.py:190} INFO - [2025-08-29T06:47:02.481+0000] {dag.py:4180} INFO - Setting next_dagrun for dataset_consumes_1_and_2 to None, run_after=None
[2025-08-29T06:47:02.482+0000] {logging_mixin.py:190} INFO - [2025-08-29T06:47:02.482+0000] {dag.py:4180} INFO - Setting next_dagrun for dataset_consumes_1_never_scheduled to None, run_after=None
[2025-08-29T06:47:02.482+0000] {logging_mixin.py:190} INFO - [2025-08-29T06:47:02.482+0000] {dag.py:4180} INFO - Setting next_dagrun for dataset_consumes_unknown_never_scheduled to None, run_after=None
[2025-08-29T06:47:02.483+0000] {logging_mixin.py:190} INFO - [2025-08-29T06:47:02.483+0000] {dag.py:4180} INFO - Setting next_dagrun for dataset_produces_1 to 2025-08-28 00:00:00+00:00, run_after=2025-08-29 00:00:00+00:00
[2025-08-29T06:47:02.484+0000] {logging_mixin.py:190} INFO - [2025-08-29T06:47:02.484+0000] {dag.py:4180} INFO - Setting next_dagrun for dataset_produces_2 to None, run_after=None
[2025-08-29T06:47:02.515+0000] {processor.py:208} INFO - Processing /home/airflow/.local/lib/python3.12/site-packages/airflow/example_dags/example_datasets.py took 1.040 seconds
[2025-08-29T06:47:33.464+0000] {processor.py:186} INFO - Started process (PID=176) to work on /home/airflow/.local/lib/python3.12/site-packages/airflow/example_dags/example_datasets.py
[2025-08-29T06:47:33.466+0000] {processor.py:914} INFO - Processing file /home/airflow/.local/lib/python3.12/site-packages/airflow/example_dags/example_datasets.py for tasks to queue
[2025-08-29T06:47:33.468+0000] {logging_mixin.py:190} INFO - [2025-08-29T06:47:33.468+0000] {dagbag.py:588} INFO - Filling up the DagBag from /home/airflow/.local/lib/python3.12/site-packages/airflow/example_dags/example_datasets.py
[2025-08-29T06:47:33.848+0000] {processor.py:925} INFO - DAG(s) 'dataset_consumes_1_and_2', 'consume_1_or_both_2_and_3_with_dataset_expressions', 'dataset_produces_2', 'dataset_consumes_unknown_never_scheduled', 'dataset_consumes_1_never_scheduled', 'dataset_consumes_1', 'consume_1_and_2_with_dataset_expressions', 'dataset_produces_1', 'conditional_dataset_and_time_based_timetable', 'consume_1_or_2_with_dataset_expressions' retrieved from /home/airflow/.local/lib/python3.12/site-packages/airflow/example_dags/example_datasets.py
[2025-08-29T06:47:33.874+0000] {logging_mixin.py:190} INFO - [2025-08-29T06:47:33.874+0000] {dag.py:3239} INFO - Sync 10 DAGs
[2025-08-29T06:47:33.892+0000] {logging_mixin.py:190} INFO - [2025-08-29T06:47:33.892+0000] {dag.py:4180} INFO - Setting next_dagrun for conditional_dataset_and_time_based_timetable to 2025-08-27 01:00:00+00:00, run_after=2025-08-27 01:00:00+00:00
[2025-08-29T06:47:33.895+0000] {logging_mixin.py:190} INFO - [2025-08-29T06:47:33.895+0000] {dag.py:4180} INFO - Setting next_dagrun for consume_1_and_2_with_dataset_expressions to None, run_after=None
[2025-08-29T06:47:33.896+0000] {logging_mixin.py:190} INFO - [2025-08-29T06:47:33.896+0000] {dag.py:4180} INFO - Setting next_dagrun for consume_1_or_2_with_dataset_expressions to None, run_after=None
[2025-08-29T06:47:33.897+0000] {logging_mixin.py:190} INFO - [2025-08-29T06:47:33.896+0000] {dag.py:4180} INFO - Setting next_dagrun for consume_1_or_both_2_and_3_with_dataset_expressions to None, run_after=None
[2025-08-29T06:47:33.897+0000] {logging_mixin.py:190} INFO - [2025-08-29T06:47:33.897+0000] {dag.py:4180} INFO - Setting next_dagrun for dataset_consumes_1 to None, run_after=None
[2025-08-29T06:47:33.898+0000] {logging_mixin.py:190} INFO - [2025-08-29T06:47:33.898+0000] {dag.py:4180} INFO - Setting next_dagrun for dataset_consumes_1_and_2 to None, run_after=None
[2025-08-29T06:47:33.899+0000] {logging_mixin.py:190} INFO - [2025-08-29T06:47:33.899+0000] {dag.py:4180} INFO - Setting next_dagrun for dataset_consumes_1_never_scheduled to None, run_after=None
[2025-08-29T06:47:33.900+0000] {logging_mixin.py:190} INFO - [2025-08-29T06:47:33.900+0000] {dag.py:4180} INFO - Setting next_dagrun for dataset_consumes_unknown_never_scheduled to None, run_after=None
[2025-08-29T06:47:33.901+0000] {logging_mixin.py:190} INFO - [2025-08-29T06:47:33.901+0000] {dag.py:4180} INFO - Setting next_dagrun for dataset_produces_1 to 2025-08-28 00:00:00+00:00, run_after=2025-08-29 00:00:00+00:00
[2025-08-29T06:47:33.902+0000] {logging_mixin.py:190} INFO - [2025-08-29T06:47:33.902+0000] {dag.py:4180} INFO - Setting next_dagrun for dataset_produces_2 to None, run_after=None
[2025-08-29T06:47:33.929+0000] {processor.py:208} INFO - Processing /home/airflow/.local/lib/python3.12/site-packages/airflow/example_dags/example_datasets.py took 0.469 seconds
[2025-08-29T06:48:04.381+0000] {processor.py:186} INFO - Started process (PID=239) to work on /home/airflow/.local/lib/python3.12/site-packages/airflow/example_dags/example_datasets.py
[2025-08-29T06:48:04.382+0000] {processor.py:914} INFO - Processing file /home/airflow/.local/lib/python3.12/site-packages/airflow/example_dags/example_datasets.py for tasks to queue
[2025-08-29T06:48:04.384+0000] {logging_mixin.py:190} INFO - [2025-08-29T06:48:04.384+0000] {dagbag.py:588} INFO - Filling up the DagBag from /home/airflow/.local/lib/python3.12/site-packages/airflow/example_dags/example_datasets.py
[2025-08-29T06:48:04.798+0000] {processor.py:925} INFO - DAG(s) 'consume_1_or_2_with_dataset_expressions', 'consume_1_and_2_with_dataset_expressions', 'dataset_produces_2', 'consume_1_or_both_2_and_3_with_dataset_expressions', 'dataset_consumes_1_and_2', 'dataset_consumes_unknown_never_scheduled', 'dataset_produces_1', 'dataset_consumes_1', 'dataset_consumes_1_never_scheduled', 'conditional_dataset_and_time_based_timetable' retrieved from /home/airflow/.local/lib/python3.12/site-packages/airflow/example_dags/example_datasets.py
[2025-08-29T06:48:04.824+0000] {logging_mixin.py:190} INFO - [2025-08-29T06:48:04.824+0000] {dag.py:3239} INFO - Sync 10 DAGs
[2025-08-29T06:48:04.841+0000] {logging_mixin.py:190} INFO - [2025-08-29T06:48:04.841+0000] {dag.py:4180} INFO - Setting next_dagrun for conditional_dataset_and_time_based_timetable to 2025-08-27 01:00:00+00:00, run_after=2025-08-27 01:00:00+00:00
[2025-08-29T06:48:04.844+0000] {logging_mixin.py:190} INFO - [2025-08-29T06:48:04.844+0000] {dag.py:4180} INFO - Setting next_dagrun for consume_1_and_2_with_dataset_expressions to None, run_after=None
[2025-08-29T06:48:04.845+0000] {logging_mixin.py:190} INFO - [2025-08-29T06:48:04.845+0000] {dag.py:4180} INFO - Setting next_dagrun for consume_1_or_2_with_dataset_expressions to None, run_after=None
[2025-08-29T06:48:04.846+0000] {logging_mixin.py:190} INFO - [2025-08-29T06:48:04.846+0000] {dag.py:4180} INFO - Setting next_dagrun for consume_1_or_both_2_and_3_with_dataset_expressions to None, run_after=None
[2025-08-29T06:48:04.847+0000] {logging_mixin.py:190} INFO - [2025-08-29T06:48:04.846+0000] {dag.py:4180} INFO - Setting next_dagrun for dataset_consumes_1 to None, run_after=None
[2025-08-29T06:48:04.847+0000] {logging_mixin.py:190} INFO - [2025-08-29T06:48:04.847+0000] {dag.py:4180} INFO - Setting next_dagrun for dataset_consumes_1_and_2 to None, run_after=None
[2025-08-29T06:48:04.848+0000] {logging_mixin.py:190} INFO - [2025-08-29T06:48:04.848+0000] {dag.py:4180} INFO - Setting next_dagrun for dataset_consumes_1_never_scheduled to None, run_after=None
[2025-08-29T06:48:04.849+0000] {logging_mixin.py:190} INFO - [2025-08-29T06:48:04.849+0000] {dag.py:4180} INFO - Setting next_dagrun for dataset_consumes_unknown_never_scheduled to None, run_after=None
[2025-08-29T06:48:04.851+0000] {logging_mixin.py:190} INFO - [2025-08-29T06:48:04.851+0000] {dag.py:4180} INFO - Setting next_dagrun for dataset_produces_1 to 2025-08-28 00:00:00+00:00, run_after=2025-08-29 00:00:00+00:00
[2025-08-29T06:48:04.852+0000] {logging_mixin.py:190} INFO - [2025-08-29T06:48:04.852+0000] {dag.py:4180} INFO - Setting next_dagrun for dataset_produces_2 to None, run_after=None
[2025-08-29T06:48:04.873+0000] {processor.py:208} INFO - Processing /home/airflow/.local/lib/python3.12/site-packages/airflow/example_dags/example_datasets.py took 0.496 seconds
