[2025-08-29T06:46:55.499+0000] {processor.py:186} INFO - Started process (PID=62) to work on /home/airflow/.local/lib/python3.12/site-packages/airflow/example_dags/example_setup_teardown_taskflow.py
[2025-08-29T06:46:55.500+0000] {processor.py:914} INFO - Processing file /home/airflow/.local/lib/python3.12/site-packages/airflow/example_dags/example_setup_teardown_taskflow.py for tasks to queue
[2025-08-29T06:46:55.503+0000] {logging_mixin.py:190} INFO - [2025-08-29T06:46:55.502+0000] {dagbag.py:588} INFO - Filling up the DagBag from /home/airflow/.local/lib/python3.12/site-packages/airflow/example_dags/example_setup_teardown_taskflow.py
[2025-08-29T06:46:55.516+0000] {processor.py:925} INFO - DAG(s) 'example_setup_teardown_taskflow' retrieved from /home/airflow/.local/lib/python3.12/site-packages/airflow/example_dags/example_setup_teardown_taskflow.py
[2025-08-29T06:46:55.612+0000] {logging_mixin.py:190} INFO - [2025-08-29T06:46:55.612+0000] {override.py:1930} INFO - Created Permission View: can read on DAG:example_setup_teardown_taskflow
[2025-08-29T06:46:55.622+0000] {logging_mixin.py:190} INFO - [2025-08-29T06:46:55.621+0000] {override.py:1930} INFO - Created Permission View: can delete on DAG:example_setup_teardown_taskflow
[2025-08-29T06:46:55.628+0000] {logging_mixin.py:190} INFO - [2025-08-29T06:46:55.628+0000] {override.py:1930} INFO - Created Permission View: can edit on DAG:example_setup_teardown_taskflow
[2025-08-29T06:46:55.634+0000] {logging_mixin.py:190} INFO - [2025-08-29T06:46:55.634+0000] {override.py:1930} INFO - Created Permission View: menu access on DAG Run:example_setup_teardown_taskflow
[2025-08-29T06:46:55.642+0000] {logging_mixin.py:190} INFO - [2025-08-29T06:46:55.642+0000] {override.py:1930} INFO - Created Permission View: can read on DAG Run:example_setup_teardown_taskflow
[2025-08-29T06:46:55.649+0000] {logging_mixin.py:190} INFO - [2025-08-29T06:46:55.648+0000] {override.py:1930} INFO - Created Permission View: can delete on DAG Run:example_setup_teardown_taskflow
[2025-08-29T06:46:55.654+0000] {logging_mixin.py:190} INFO - [2025-08-29T06:46:55.654+0000] {override.py:1930} INFO - Created Permission View: can create on DAG Run:example_setup_teardown_taskflow
[2025-08-29T06:46:55.655+0000] {logging_mixin.py:190} INFO - [2025-08-29T06:46:55.655+0000] {dag.py:3239} INFO - Sync 1 DAGs
[2025-08-29T06:46:55.667+0000] {logging_mixin.py:190} INFO - [2025-08-29T06:46:55.667+0000] {dag.py:3262} INFO - Creating ORM DAG for example_setup_teardown_taskflow
[2025-08-29T06:46:55.668+0000] {logging_mixin.py:190} INFO - [2025-08-29T06:46:55.668+0000] {dag.py:4180} INFO - Setting next_dagrun for example_setup_teardown_taskflow to None, run_after=None
[2025-08-29T06:46:55.683+0000] {processor.py:208} INFO - Processing /home/airflow/.local/lib/python3.12/site-packages/airflow/example_dags/example_setup_teardown_taskflow.py took 0.189 seconds
[2025-08-29T06:47:26.192+0000] {processor.py:186} INFO - Started process (PID=124) to work on /home/airflow/.local/lib/python3.12/site-packages/airflow/example_dags/example_setup_teardown_taskflow.py
[2025-08-29T06:47:26.192+0000] {processor.py:914} INFO - Processing file /home/airflow/.local/lib/python3.12/site-packages/airflow/example_dags/example_setup_teardown_taskflow.py for tasks to queue
[2025-08-29T06:47:26.194+0000] {logging_mixin.py:190} INFO - [2025-08-29T06:47:26.194+0000] {dagbag.py:588} INFO - Filling up the DagBag from /home/airflow/.local/lib/python3.12/site-packages/airflow/example_dags/example_setup_teardown_taskflow.py
[2025-08-29T06:47:26.202+0000] {processor.py:925} INFO - DAG(s) 'example_setup_teardown_taskflow' retrieved from /home/airflow/.local/lib/python3.12/site-packages/airflow/example_dags/example_setup_teardown_taskflow.py
[2025-08-29T06:47:26.216+0000] {logging_mixin.py:190} INFO - [2025-08-29T06:47:26.216+0000] {dag.py:3239} INFO - Sync 1 DAGs
[2025-08-29T06:47:26.226+0000] {logging_mixin.py:190} INFO - [2025-08-29T06:47:26.226+0000] {dag.py:4180} INFO - Setting next_dagrun for example_setup_teardown_taskflow to None, run_after=None
[2025-08-29T06:47:26.238+0000] {processor.py:208} INFO - Processing /home/airflow/.local/lib/python3.12/site-packages/airflow/example_dags/example_setup_teardown_taskflow.py took 0.051 seconds
[2025-08-29T06:47:56.491+0000] {processor.py:186} INFO - Started process (PID=187) to work on /home/airflow/.local/lib/python3.12/site-packages/airflow/example_dags/example_setup_teardown_taskflow.py
[2025-08-29T06:47:56.492+0000] {processor.py:914} INFO - Processing file /home/airflow/.local/lib/python3.12/site-packages/airflow/example_dags/example_setup_teardown_taskflow.py for tasks to queue
[2025-08-29T06:47:56.494+0000] {logging_mixin.py:190} INFO - [2025-08-29T06:47:56.494+0000] {dagbag.py:588} INFO - Filling up the DagBag from /home/airflow/.local/lib/python3.12/site-packages/airflow/example_dags/example_setup_teardown_taskflow.py
[2025-08-29T06:47:56.503+0000] {processor.py:925} INFO - DAG(s) 'example_setup_teardown_taskflow' retrieved from /home/airflow/.local/lib/python3.12/site-packages/airflow/example_dags/example_setup_teardown_taskflow.py
[2025-08-29T06:47:56.519+0000] {logging_mixin.py:190} INFO - [2025-08-29T06:47:56.519+0000] {dag.py:3239} INFO - Sync 1 DAGs
[2025-08-29T06:47:56.532+0000] {logging_mixin.py:190} INFO - [2025-08-29T06:47:56.532+0000] {dag.py:4180} INFO - Setting next_dagrun for example_setup_teardown_taskflow to None, run_after=None
[2025-08-29T06:47:56.549+0000] {processor.py:208} INFO - Processing /home/airflow/.local/lib/python3.12/site-packages/airflow/example_dags/example_setup_teardown_taskflow.py took 0.062 seconds
