[2025-08-29T06:46:57.507+0000] {processor.py:186} INFO - Started process (PID=74) to work on /home/airflow/.local/lib/python3.12/site-packages/airflow/example_dags/example_branch_operator_decorator.py
[2025-08-29T06:46:57.508+0000] {processor.py:914} INFO - Processing file /home/airflow/.local/lib/python3.12/site-packages/airflow/example_dags/example_branch_operator_decorator.py for tasks to queue
[2025-08-29T06:46:57.510+0000] {logging_mixin.py:190} INFO - [2025-08-29T06:46:57.509+0000] {dagbag.py:588} INFO - Filling up the DagBag from /home/airflow/.local/lib/python3.12/site-packages/airflow/example_dags/example_branch_operator_decorator.py
[2025-08-29T06:46:57.527+0000] {processor.py:925} INFO - DAG(s) 'example_branch_python_operator_decorator' retrieved from /home/airflow/.local/lib/python3.12/site-packages/airflow/example_dags/example_branch_operator_decorator.py
[2025-08-29T06:46:57.626+0000] {logging_mixin.py:190} INFO - [2025-08-29T06:46:57.625+0000] {override.py:1930} INFO - Created Permission View: can read on DAG:example_branch_python_operator_decorator
[2025-08-29T06:46:57.635+0000] {logging_mixin.py:190} INFO - [2025-08-29T06:46:57.634+0000] {override.py:1930} INFO - Created Permission View: can delete on DAG:example_branch_python_operator_decorator
[2025-08-29T06:46:57.640+0000] {logging_mixin.py:190} INFO - [2025-08-29T06:46:57.640+0000] {override.py:1930} INFO - Created Permission View: can edit on DAG:example_branch_python_operator_decorator
[2025-08-29T06:46:57.646+0000] {logging_mixin.py:190} INFO - [2025-08-29T06:46:57.646+0000] {override.py:1930} INFO - Created Permission View: menu access on DAG Run:example_branch_python_operator_decorator
[2025-08-29T06:46:57.652+0000] {logging_mixin.py:190} INFO - [2025-08-29T06:46:57.651+0000] {override.py:1930} INFO - Created Permission View: can read on DAG Run:example_branch_python_operator_decorator
[2025-08-29T06:46:57.656+0000] {logging_mixin.py:190} INFO - [2025-08-29T06:46:57.656+0000] {override.py:1930} INFO - Created Permission View: can delete on DAG Run:example_branch_python_operator_decorator
[2025-08-29T06:46:57.661+0000] {logging_mixin.py:190} INFO - [2025-08-29T06:46:57.660+0000] {override.py:1930} INFO - Created Permission View: can create on DAG Run:example_branch_python_operator_decorator
[2025-08-29T06:46:57.661+0000] {logging_mixin.py:190} INFO - [2025-08-29T06:46:57.661+0000] {dag.py:3239} INFO - Sync 1 DAGs
[2025-08-29T06:46:57.672+0000] {logging_mixin.py:190} INFO - [2025-08-29T06:46:57.672+0000] {dag.py:3262} INFO - Creating ORM DAG for example_branch_python_operator_decorator
[2025-08-29T06:46:57.680+0000] {logging_mixin.py:190} INFO - [2025-08-29T06:46:57.680+0000] {dag.py:4180} INFO - Setting next_dagrun for example_branch_python_operator_decorator to 2025-08-28 00:00:00+00:00, run_after=2025-08-29 00:00:00+00:00
[2025-08-29T06:46:57.694+0000] {processor.py:208} INFO - Processing /home/airflow/.local/lib/python3.12/site-packages/airflow/example_dags/example_branch_operator_decorator.py took 0.193 seconds
[2025-08-29T06:47:27.959+0000] {processor.py:186} INFO - Started process (PID=136) to work on /home/airflow/.local/lib/python3.12/site-packages/airflow/example_dags/example_branch_operator_decorator.py
[2025-08-29T06:47:27.960+0000] {processor.py:914} INFO - Processing file /home/airflow/.local/lib/python3.12/site-packages/airflow/example_dags/example_branch_operator_decorator.py for tasks to queue
[2025-08-29T06:47:27.962+0000] {logging_mixin.py:190} INFO - [2025-08-29T06:47:27.962+0000] {dagbag.py:588} INFO - Filling up the DagBag from /home/airflow/.local/lib/python3.12/site-packages/airflow/example_dags/example_branch_operator_decorator.py
[2025-08-29T06:47:27.976+0000] {processor.py:925} INFO - DAG(s) 'example_branch_python_operator_decorator' retrieved from /home/airflow/.local/lib/python3.12/site-packages/airflow/example_dags/example_branch_operator_decorator.py
[2025-08-29T06:47:27.994+0000] {logging_mixin.py:190} INFO - [2025-08-29T06:47:27.993+0000] {dag.py:3239} INFO - Sync 1 DAGs
[2025-08-29T06:47:28.011+0000] {logging_mixin.py:190} INFO - [2025-08-29T06:47:28.011+0000] {dag.py:4180} INFO - Setting next_dagrun for example_branch_python_operator_decorator to 2025-08-28 00:00:00+00:00, run_after=2025-08-29 00:00:00+00:00
[2025-08-29T06:47:28.023+0000] {processor.py:208} INFO - Processing /home/airflow/.local/lib/python3.12/site-packages/airflow/example_dags/example_branch_operator_decorator.py took 0.068 seconds
[2025-08-29T06:47:58.085+0000] {processor.py:186} INFO - Started process (PID=199) to work on /home/airflow/.local/lib/python3.12/site-packages/airflow/example_dags/example_branch_operator_decorator.py
[2025-08-29T06:47:58.086+0000] {processor.py:914} INFO - Processing file /home/airflow/.local/lib/python3.12/site-packages/airflow/example_dags/example_branch_operator_decorator.py for tasks to queue
[2025-08-29T06:47:58.089+0000] {logging_mixin.py:190} INFO - [2025-08-29T06:47:58.088+0000] {dagbag.py:588} INFO - Filling up the DagBag from /home/airflow/.local/lib/python3.12/site-packages/airflow/example_dags/example_branch_operator_decorator.py
[2025-08-29T06:47:58.105+0000] {processor.py:925} INFO - DAG(s) 'example_branch_python_operator_decorator' retrieved from /home/airflow/.local/lib/python3.12/site-packages/airflow/example_dags/example_branch_operator_decorator.py
[2025-08-29T06:47:58.124+0000] {logging_mixin.py:190} INFO - [2025-08-29T06:47:58.124+0000] {dag.py:3239} INFO - Sync 1 DAGs
[2025-08-29T06:47:58.143+0000] {logging_mixin.py:190} INFO - [2025-08-29T06:47:58.143+0000] {dag.py:4180} INFO - Setting next_dagrun for example_branch_python_operator_decorator to 2025-08-28 00:00:00+00:00, run_after=2025-08-29 00:00:00+00:00
[2025-08-29T06:47:58.154+0000] {processor.py:208} INFO - Processing /home/airflow/.local/lib/python3.12/site-packages/airflow/example_dags/example_branch_operator_decorator.py took 0.074 seconds
