[2025-08-29T06:47:01.387+0000] {processor.py:186} INFO - Started process (PID=108) to work on /home/airflow/.local/lib/python3.12/site-packages/airflow/example_dags/example_setup_teardown.py
[2025-08-29T06:47:01.388+0000] {processor.py:914} INFO - Processing file /home/airflow/.local/lib/python3.12/site-packages/airflow/example_dags/example_setup_teardown.py for tasks to queue
[2025-08-29T06:47:01.390+0000] {logging_mixin.py:190} INFO - [2025-08-29T06:47:01.390+0000] {dagbag.py:588} INFO - Filling up the DagBag from /home/airflow/.local/lib/python3.12/site-packages/airflow/example_dags/example_setup_teardown.py
[2025-08-29T06:47:01.398+0000] {processor.py:925} INFO - DAG(s) 'example_setup_teardown' retrieved from /home/airflow/.local/lib/python3.12/site-packages/airflow/example_dags/example_setup_teardown.py
[2025-08-29T06:47:01.484+0000] {logging_mixin.py:190} INFO - [2025-08-29T06:47:01.483+0000] {override.py:1930} INFO - Created Permission View: can read on DAG:example_setup_teardown
[2025-08-29T06:47:01.491+0000] {logging_mixin.py:190} INFO - [2025-08-29T06:47:01.491+0000] {override.py:1930} INFO - Created Permission View: can delete on DAG:example_setup_teardown
[2025-08-29T06:47:01.495+0000] {logging_mixin.py:190} INFO - [2025-08-29T06:47:01.495+0000] {override.py:1930} INFO - Created Permission View: can edit on DAG:example_setup_teardown
[2025-08-29T06:47:01.501+0000] {logging_mixin.py:190} INFO - [2025-08-29T06:47:01.501+0000] {override.py:1930} INFO - Created Permission View: menu access on DAG Run:example_setup_teardown
[2025-08-29T06:47:01.506+0000] {logging_mixin.py:190} INFO - [2025-08-29T06:47:01.506+0000] {override.py:1930} INFO - Created Permission View: can read on DAG Run:example_setup_teardown
[2025-08-29T06:47:01.511+0000] {logging_mixin.py:190} INFO - [2025-08-29T06:47:01.511+0000] {override.py:1930} INFO - Created Permission View: can delete on DAG Run:example_setup_teardown
[2025-08-29T06:47:01.516+0000] {logging_mixin.py:190} INFO - [2025-08-29T06:47:01.516+0000] {override.py:1930} INFO - Created Permission View: can create on DAG Run:example_setup_teardown
[2025-08-29T06:47:01.516+0000] {logging_mixin.py:190} INFO - [2025-08-29T06:47:01.516+0000] {dag.py:3239} INFO - Sync 1 DAGs
[2025-08-29T06:47:01.525+0000] {logging_mixin.py:190} INFO - [2025-08-29T06:47:01.525+0000] {dag.py:3262} INFO - Creating ORM DAG for example_setup_teardown
[2025-08-29T06:47:01.525+0000] {logging_mixin.py:190} INFO - [2025-08-29T06:47:01.525+0000] {dag.py:4180} INFO - Setting next_dagrun for example_setup_teardown to None, run_after=None
[2025-08-29T06:47:01.538+0000] {processor.py:208} INFO - Processing /home/airflow/.local/lib/python3.12/site-packages/airflow/example_dags/example_setup_teardown.py took 0.156 seconds
[2025-08-29T06:47:32.286+0000] {processor.py:186} INFO - Started process (PID=171) to work on /home/airflow/.local/lib/python3.12/site-packages/airflow/example_dags/example_setup_teardown.py
[2025-08-29T06:47:32.287+0000] {processor.py:914} INFO - Processing file /home/airflow/.local/lib/python3.12/site-packages/airflow/example_dags/example_setup_teardown.py for tasks to queue
[2025-08-29T06:47:32.289+0000] {logging_mixin.py:190} INFO - [2025-08-29T06:47:32.289+0000] {dagbag.py:588} INFO - Filling up the DagBag from /home/airflow/.local/lib/python3.12/site-packages/airflow/example_dags/example_setup_teardown.py
[2025-08-29T06:47:32.295+0000] {processor.py:925} INFO - DAG(s) 'example_setup_teardown' retrieved from /home/airflow/.local/lib/python3.12/site-packages/airflow/example_dags/example_setup_teardown.py
[2025-08-29T06:47:32.308+0000] {logging_mixin.py:190} INFO - [2025-08-29T06:47:32.308+0000] {dag.py:3239} INFO - Sync 1 DAGs
[2025-08-29T06:47:32.318+0000] {logging_mixin.py:190} INFO - [2025-08-29T06:47:32.317+0000] {dag.py:4180} INFO - Setting next_dagrun for example_setup_teardown to None, run_after=None
[2025-08-29T06:47:32.330+0000] {processor.py:208} INFO - Processing /home/airflow/.local/lib/python3.12/site-packages/airflow/example_dags/example_setup_teardown.py took 0.049 seconds
[2025-08-29T06:48:03.124+0000] {processor.py:186} INFO - Started process (PID=234) to work on /home/airflow/.local/lib/python3.12/site-packages/airflow/example_dags/example_setup_teardown.py
[2025-08-29T06:48:03.125+0000] {processor.py:914} INFO - Processing file /home/airflow/.local/lib/python3.12/site-packages/airflow/example_dags/example_setup_teardown.py for tasks to queue
[2025-08-29T06:48:03.127+0000] {logging_mixin.py:190} INFO - [2025-08-29T06:48:03.126+0000] {dagbag.py:588} INFO - Filling up the DagBag from /home/airflow/.local/lib/python3.12/site-packages/airflow/example_dags/example_setup_teardown.py
[2025-08-29T06:48:03.134+0000] {processor.py:925} INFO - DAG(s) 'example_setup_teardown' retrieved from /home/airflow/.local/lib/python3.12/site-packages/airflow/example_dags/example_setup_teardown.py
[2025-08-29T06:48:03.150+0000] {logging_mixin.py:190} INFO - [2025-08-29T06:48:03.149+0000] {dag.py:3239} INFO - Sync 1 DAGs
[2025-08-29T06:48:03.163+0000] {logging_mixin.py:190} INFO - [2025-08-29T06:48:03.163+0000] {dag.py:4180} INFO - Setting next_dagrun for example_setup_teardown to None, run_after=None
[2025-08-29T06:48:03.179+0000] {processor.py:208} INFO - Processing /home/airflow/.local/lib/python3.12/site-packages/airflow/example_dags/example_setup_teardown.py took 0.059 seconds
