[2025-08-29T06:47:00.188+0000] {processor.py:186} INFO - Started process (PID=99) to work on /home/airflow/.local/lib/python3.12/site-packages/airflow/example_dags/tutorial.py
[2025-08-29T06:47:00.189+0000] {processor.py:914} INFO - Processing file /home/airflow/.local/lib/python3.12/site-packages/airflow/example_dags/tutorial.py for tasks to queue
[2025-08-29T06:47:00.191+0000] {logging_mixin.py:190} INFO - [2025-08-29T06:47:00.191+0000] {dagbag.py:588} INFO - Filling up the DagBag from /home/airflow/.local/lib/python3.12/site-packages/airflow/example_dags/tutorial.py
[2025-08-29T06:47:00.199+0000] {processor.py:925} INFO - DAG(s) 'tutorial' retrieved from /home/airflow/.local/lib/python3.12/site-packages/airflow/example_dags/tutorial.py
[2025-08-29T06:47:00.276+0000] {logging_mixin.py:190} INFO - [2025-08-29T06:47:00.276+0000] {override.py:1930} INFO - Created Permission View: can read on DAG:tutorial
[2025-08-29T06:47:00.286+0000] {logging_mixin.py:190} INFO - [2025-08-29T06:47:00.286+0000] {override.py:1930} INFO - Created Permission View: can delete on DAG:tutorial
[2025-08-29T06:47:00.292+0000] {logging_mixin.py:190} INFO - [2025-08-29T06:47:00.292+0000] {override.py:1930} INFO - Created Permission View: can edit on DAG:tutorial
[2025-08-29T06:47:00.299+0000] {logging_mixin.py:190} INFO - [2025-08-29T06:47:00.299+0000] {override.py:1930} INFO - Created Permission View: menu access on DAG Run:tutorial
[2025-08-29T06:47:00.306+0000] {logging_mixin.py:190} INFO - [2025-08-29T06:47:00.305+0000] {override.py:1930} INFO - Created Permission View: can read on DAG Run:tutorial
[2025-08-29T06:47:00.311+0000] {logging_mixin.py:190} INFO - [2025-08-29T06:47:00.311+0000] {override.py:1930} INFO - Created Permission View: can delete on DAG Run:tutorial
[2025-08-29T06:47:00.317+0000] {logging_mixin.py:190} INFO - [2025-08-29T06:47:00.317+0000] {override.py:1930} INFO - Created Permission View: can create on DAG Run:tutorial
[2025-08-29T06:47:00.317+0000] {logging_mixin.py:190} INFO - [2025-08-29T06:47:00.317+0000] {dag.py:3239} INFO - Sync 1 DAGs
[2025-08-29T06:47:00.328+0000] {logging_mixin.py:190} INFO - [2025-08-29T06:47:00.328+0000] {dag.py:3262} INFO - Creating ORM DAG for tutorial
[2025-08-29T06:47:00.336+0000] {logging_mixin.py:190} INFO - [2025-08-29T06:47:00.335+0000] {dag.py:4180} INFO - Setting next_dagrun for tutorial to 2025-08-28 00:00:00+00:00, run_after=2025-08-29 00:00:00+00:00
[2025-08-29T06:47:00.351+0000] {processor.py:208} INFO - Processing /home/airflow/.local/lib/python3.12/site-packages/airflow/example_dags/tutorial.py took 0.169 seconds
[2025-08-29T06:47:30.439+0000] {processor.py:186} INFO - Started process (PID=162) to work on /home/airflow/.local/lib/python3.12/site-packages/airflow/example_dags/tutorial.py
[2025-08-29T06:47:30.440+0000] {processor.py:914} INFO - Processing file /home/airflow/.local/lib/python3.12/site-packages/airflow/example_dags/tutorial.py for tasks to queue
[2025-08-29T06:47:30.442+0000] {logging_mixin.py:190} INFO - [2025-08-29T06:47:30.442+0000] {dagbag.py:588} INFO - Filling up the DagBag from /home/airflow/.local/lib/python3.12/site-packages/airflow/example_dags/tutorial.py
[2025-08-29T06:47:30.449+0000] {processor.py:925} INFO - DAG(s) 'tutorial' retrieved from /home/airflow/.local/lib/python3.12/site-packages/airflow/example_dags/tutorial.py
[2025-08-29T06:47:30.464+0000] {logging_mixin.py:190} INFO - [2025-08-29T06:47:30.464+0000] {dag.py:3239} INFO - Sync 1 DAGs
[2025-08-29T06:47:30.480+0000] {logging_mixin.py:190} INFO - [2025-08-29T06:47:30.480+0000] {dag.py:4180} INFO - Setting next_dagrun for tutorial to 2025-08-28 00:00:00+00:00, run_after=2025-08-29 00:00:00+00:00
[2025-08-29T06:47:30.491+0000] {processor.py:208} INFO - Processing /home/airflow/.local/lib/python3.12/site-packages/airflow/example_dags/tutorial.py took 0.056 seconds
[2025-08-29T06:48:00.608+0000] {processor.py:186} INFO - Started process (PID=225) to work on /home/airflow/.local/lib/python3.12/site-packages/airflow/example_dags/tutorial.py
[2025-08-29T06:48:00.609+0000] {processor.py:914} INFO - Processing file /home/airflow/.local/lib/python3.12/site-packages/airflow/example_dags/tutorial.py for tasks to queue
[2025-08-29T06:48:00.611+0000] {logging_mixin.py:190} INFO - [2025-08-29T06:48:00.610+0000] {dagbag.py:588} INFO - Filling up the DagBag from /home/airflow/.local/lib/python3.12/site-packages/airflow/example_dags/tutorial.py
[2025-08-29T06:48:00.617+0000] {processor.py:925} INFO - DAG(s) 'tutorial' retrieved from /home/airflow/.local/lib/python3.12/site-packages/airflow/example_dags/tutorial.py
[2025-08-29T06:48:00.633+0000] {logging_mixin.py:190} INFO - [2025-08-29T06:48:00.633+0000] {dag.py:3239} INFO - Sync 1 DAGs
[2025-08-29T06:48:00.652+0000] {logging_mixin.py:190} INFO - [2025-08-29T06:48:00.652+0000] {dag.py:4180} INFO - Setting next_dagrun for tutorial to 2025-08-28 00:00:00+00:00, run_after=2025-08-29 00:00:00+00:00
[2025-08-29T06:48:00.670+0000] {processor.py:208} INFO - Processing /home/airflow/.local/lib/python3.12/site-packages/airflow/example_dags/tutorial.py took 0.067 seconds
