[2025-08-29T06:46:56.306+0000] {processor.py:186} INFO - Started process (PID=66) to work on /home/airflow/.local/lib/python3.12/site-packages/airflow/example_dags/tutorial_taskflow_api.py
[2025-08-29T06:46:56.307+0000] {processor.py:914} INFO - Processing file /home/airflow/.local/lib/python3.12/site-packages/airflow/example_dags/tutorial_taskflow_api.py for tasks to queue
[2025-08-29T06:46:56.309+0000] {logging_mixin.py:190} INFO - [2025-08-29T06:46:56.309+0000] {dagbag.py:588} INFO - Filling up the DagBag from /home/airflow/.local/lib/python3.12/site-packages/airflow/example_dags/tutorial_taskflow_api.py
[2025-08-29T06:46:56.317+0000] {processor.py:925} INFO - DAG(s) 'tutorial_taskflow_api' retrieved from /home/airflow/.local/lib/python3.12/site-packages/airflow/example_dags/tutorial_taskflow_api.py
[2025-08-29T06:46:56.395+0000] {logging_mixin.py:190} INFO - [2025-08-29T06:46:56.395+0000] {override.py:1930} INFO - Created Permission View: can read on DAG:tutorial_taskflow_api
[2025-08-29T06:46:56.402+0000] {logging_mixin.py:190} INFO - [2025-08-29T06:46:56.402+0000] {override.py:1930} INFO - Created Permission View: can delete on DAG:tutorial_taskflow_api
[2025-08-29T06:46:56.406+0000] {logging_mixin.py:190} INFO - [2025-08-29T06:46:56.406+0000] {override.py:1930} INFO - Created Permission View: can edit on DAG:tutorial_taskflow_api
[2025-08-29T06:46:56.412+0000] {logging_mixin.py:190} INFO - [2025-08-29T06:46:56.412+0000] {override.py:1930} INFO - Created Permission View: menu access on DAG Run:tutorial_taskflow_api
[2025-08-29T06:46:56.417+0000] {logging_mixin.py:190} INFO - [2025-08-29T06:46:56.417+0000] {override.py:1930} INFO - Created Permission View: can read on DAG Run:tutorial_taskflow_api
[2025-08-29T06:46:56.421+0000] {logging_mixin.py:190} INFO - [2025-08-29T06:46:56.421+0000] {override.py:1930} INFO - Created Permission View: can delete on DAG Run:tutorial_taskflow_api
[2025-08-29T06:46:56.426+0000] {logging_mixin.py:190} INFO - [2025-08-29T06:46:56.426+0000] {override.py:1930} INFO - Created Permission View: can create on DAG Run:tutorial_taskflow_api
[2025-08-29T06:46:56.430+0000] {logging_mixin.py:190} INFO - [2025-08-29T06:46:56.430+0000] {dag.py:3239} INFO - Sync 1 DAGs
[2025-08-29T06:46:56.440+0000] {logging_mixin.py:190} INFO - [2025-08-29T06:46:56.439+0000] {dag.py:3262} INFO - Creating ORM DAG for tutorial_taskflow_api
[2025-08-29T06:46:56.440+0000] {logging_mixin.py:190} INFO - [2025-08-29T06:46:56.440+0000] {dag.py:4180} INFO - Setting next_dagrun for tutorial_taskflow_api to None, run_after=None
[2025-08-29T06:46:56.453+0000] {processor.py:208} INFO - Processing /home/airflow/.local/lib/python3.12/site-packages/airflow/example_dags/tutorial_taskflow_api.py took 0.151 seconds
[2025-08-29T06:47:27.419+0000] {processor.py:186} INFO - Started process (PID=129) to work on /home/airflow/.local/lib/python3.12/site-packages/airflow/example_dags/tutorial_taskflow_api.py
[2025-08-29T06:47:27.420+0000] {processor.py:914} INFO - Processing file /home/airflow/.local/lib/python3.12/site-packages/airflow/example_dags/tutorial_taskflow_api.py for tasks to queue
[2025-08-29T06:47:27.422+0000] {logging_mixin.py:190} INFO - [2025-08-29T06:47:27.422+0000] {dagbag.py:588} INFO - Filling up the DagBag from /home/airflow/.local/lib/python3.12/site-packages/airflow/example_dags/tutorial_taskflow_api.py
[2025-08-29T06:47:27.430+0000] {processor.py:925} INFO - DAG(s) 'tutorial_taskflow_api' retrieved from /home/airflow/.local/lib/python3.12/site-packages/airflow/example_dags/tutorial_taskflow_api.py
[2025-08-29T06:47:27.445+0000] {logging_mixin.py:190} INFO - [2025-08-29T06:47:27.444+0000] {dag.py:3239} INFO - Sync 1 DAGs
[2025-08-29T06:47:27.455+0000] {logging_mixin.py:190} INFO - [2025-08-29T06:47:27.455+0000] {dag.py:4180} INFO - Setting next_dagrun for tutorial_taskflow_api to None, run_after=None
[2025-08-29T06:47:27.482+0000] {processor.py:208} INFO - Processing /home/airflow/.local/lib/python3.12/site-packages/airflow/example_dags/tutorial_taskflow_api.py took 0.068 seconds
[2025-08-29T06:47:57.671+0000] {processor.py:186} INFO - Started process (PID=191) to work on /home/airflow/.local/lib/python3.12/site-packages/airflow/example_dags/tutorial_taskflow_api.py
[2025-08-29T06:47:57.671+0000] {processor.py:914} INFO - Processing file /home/airflow/.local/lib/python3.12/site-packages/airflow/example_dags/tutorial_taskflow_api.py for tasks to queue
[2025-08-29T06:47:57.673+0000] {logging_mixin.py:190} INFO - [2025-08-29T06:47:57.673+0000] {dagbag.py:588} INFO - Filling up the DagBag from /home/airflow/.local/lib/python3.12/site-packages/airflow/example_dags/tutorial_taskflow_api.py
[2025-08-29T06:47:57.680+0000] {processor.py:925} INFO - DAG(s) 'tutorial_taskflow_api' retrieved from /home/airflow/.local/lib/python3.12/site-packages/airflow/example_dags/tutorial_taskflow_api.py
[2025-08-29T06:47:57.697+0000] {logging_mixin.py:190} INFO - [2025-08-29T06:47:57.696+0000] {dag.py:3239} INFO - Sync 1 DAGs
[2025-08-29T06:47:57.707+0000] {logging_mixin.py:190} INFO - [2025-08-29T06:47:57.706+0000] {dag.py:4180} INFO - Setting next_dagrun for tutorial_taskflow_api to None, run_after=None
[2025-08-29T06:47:57.719+0000] {processor.py:208} INFO - Processing /home/airflow/.local/lib/python3.12/site-packages/airflow/example_dags/tutorial_taskflow_api.py took 0.052 seconds
